
Copyright (C) 1994-2021 Synopsys, Inc.
This Synopsys software and all associated documentation are proprietary to Synopsys, Inc.
and may only be used pursuant to the terms and conditions of a written license agreement
with Synopsys, Inc. All other use, reproduction, modification, or distribution of the
Synopsys software or the associated documentation is strictly prohibited.
Tool: Synplify Pro (R)
Build: R-2021.03L-SP1
Install: C:\lscc\diamond\3.12\synpbase
OS: Windows 6.2

Hostname: IF11R205-14

Implementation : impl1
Synopsys HDL compiler and linker, Version comp202103synp2, Build 093R, Built Aug 10 2021 09:15:36, @

Modified Files: 0
FID:  path (prevtimestamp, timestamp)

*******************************************************************
Modules that may have changed as a result of file changes: 0
MID:  lib.cell.view

*******************************************************************
Unmodified files: 13
FID:  path (timestamp)
12       C:\Users\markul4\Desktop\4laboras\cntr167.vhd (2022-05-05 09:22:50)
13       C:\Users\markul4\Desktop\4laboras\cntr23.vhd (2022-05-05 09:22:50)
14       C:\Users\markul4\Desktop\4laboras\top_cntr.vhd (2022-05-05 09:22:50)
0        C:\lscc\diamond\3.12\cae_library\synthesis\vhdl\xp2.vhd (2018-11-15 00:32:16)
2        C:\lscc\diamond\3.12\synpbase\lib\vhd\arith.vhd (2021-08-10 10:07:02)
3        C:\lscc\diamond\3.12\synpbase\lib\vhd\hyperents.vhd (2021-08-10 10:07:02)
4        C:\lscc\diamond\3.12\synpbase\lib\vhd\location.map (2021-08-10 10:07:02)
5        C:\lscc\diamond\3.12\synpbase\lib\vhd\numeric.vhd (2021-08-10 10:07:02)
6        C:\lscc\diamond\3.12\synpbase\lib\vhd\snps_haps_pkg.vhd (2021-08-10 10:07:02)
7        C:\lscc\diamond\3.12\synpbase\lib\vhd\std.vhd (2021-08-10 10:07:02)
8        C:\lscc\diamond\3.12\synpbase\lib\vhd\std1164.vhd (2021-08-10 10:07:02)
9        C:\lscc\diamond\3.12\synpbase\lib\vhd\umr_capim.vhd (2021-08-10 10:07:02)
10       C:\lscc\diamond\3.12\synpbase\lib\vhd\unsigned.vhd (2021-08-10 10:07:02)

*******************************************************************
Unchanged modules: 6
MID:  lib.cell.view
2        work.cnt167.rtl
3        work.cnt167.vhdl
4        work.cnt23.rtl
5        work.cnt23.vhdl
6        work.top_cnt.struct
7        work.top_cnt.vhdl
