
Copyright (C) 1994-2020 Synopsys, Inc.
This Synopsys software and all associated documentation are proprietary to Synopsys, Inc.
and may only be used pursuant to the terms and conditions of a written license agreement
with Synopsys, Inc. All other use, reproduction, modification, or distribution of the
Synopsys software or the associated documentation is strictly prohibited.
Tool: Synplify Pro (R)
Build: Q-2020.03L-SP1
Install: C:\lscc\diamond\3.12\synpbase
OS: Windows 6.2

Hostname: IF11R205-11

Implementation : impl1
Synopsys HDL compiler and linker, Version comp202003synp2, Build 182R, Built Oct 29 2020 10:49:53, @

Modified Files: 15
FID:  path (prevtimestamp, timestamp)
0        C:\lscc\diamond\3.12\cae_library\synthesis\vhdl\xp2.vhd (2018-11-15 00:32:16, 2018-11-14 23:32:16)
1        C:\lscc\diamond\3.12\synpbase\lib\vhd\arith.vhd (2021-08-10 10:07:02, 2020-10-29 09:23:10)
2        C:\lscc\diamond\3.12\synpbase\lib\vhd\hyperents.vhd (2021-08-10 10:07:02, 2020-10-29 09:23:10)
3        C:\lscc\diamond\3.12\synpbase\lib\vhd\location.map (2021-08-10 10:07:02, 2020-11-02 16:26:20)
4        C:\lscc\diamond\3.12\synpbase\lib\vhd\numeric.vhd (2021-08-10 10:07:02, 2020-10-29 09:23:10)
5        C:\lscc\diamond\3.12\synpbase\lib\vhd\snps_haps_pkg.vhd (2021-08-10 10:07:02, 2020-10-29 09:23:10)
6        C:\lscc\diamond\3.12\synpbase\lib\vhd\std.vhd (2021-08-10 10:07:02, 2020-10-29 09:23:10)
7        C:\lscc\diamond\3.12\synpbase\lib\vhd\std1164.vhd (2021-08-10 10:07:02, 2020-10-29 09:23:10)
8        C:\lscc\diamond\3.12\synpbase\lib\vhd\umr_capim.vhd (2021-08-10 10:07:02, 2020-10-29 09:23:10)
9        C:\lscc\diamond\3.12\synpbase\lib\vhd\unsigned.vhd (2021-08-10 10:07:02, 2020-10-29 09:23:10)
10       E:\KTU PIRMI METAI\Pavasario semestras\Skaitmenine Logika\Lab4\4 laboras\JM2.vhd (N/A, 2022-05-19 09:57:44)
11       E:\KTU PIRMI METAI\Pavasario semestras\Skaitmenine Logika\Lab4\4 laboras\cntr136.vhd (N/A, 2022-05-19 00:52:24)
14       E:\KTU PIRMI METAI\Pavasario semestras\Skaitmenine Logika\Lab4\4 laboras\cntr19 FPGA.vhd (2022-05-19 10:37:10, N/A)
12       E:\KTU PIRMI METAI\Pavasario semestras\Skaitmenine Logika\Lab4\4 laboras\cntr19.vhd (N/A, 2022-05-19 00:52:24)
13       E:\KTU PIRMI METAI\Pavasario semestras\Skaitmenine Logika\Lab4\4 laboras\cntr49.vhd (N/A, 2022-05-19 10:23:46)

*******************************************************************
Modules that may have changed as a result of file changes: 4
MID:  lib.cell.view
0        work.cnt136.rtl may have changed because the following files changed:
                        E:\KTU PIRMI METAI\Pavasario semestras\Skaitmenine Logika\Lab4\4 laboras\JM2.vhd (N/A, 2022-05-19 09:57:44) <-- (may instantiate this module)
                        E:\KTU PIRMI METAI\Pavasario semestras\Skaitmenine Logika\Lab4\4 laboras\cntr136.vhd (N/A, 2022-05-19 00:52:24) <-- (architecture and entity definition)
2        work.cnt19.rtl may have changed because the following files changed:
                        E:\KTU PIRMI METAI\Pavasario semestras\Skaitmenine Logika\Lab4\4 laboras\JM2.vhd (N/A, 2022-05-19 09:57:44) <-- (may instantiate this module)
                        E:\KTU PIRMI METAI\Pavasario semestras\Skaitmenine Logika\Lab4\4 laboras\cntr19.vhd (N/A, 2022-05-19 00:52:24) <-- (architecture and entity definition)
4        work.cnt49.rtl may have changed because the following files changed:
                        E:\KTU PIRMI METAI\Pavasario semestras\Skaitmenine Logika\Lab4\4 laboras\JM2.vhd (N/A, 2022-05-19 09:57:44) <-- (may instantiate this module)
                        E:\KTU PIRMI METAI\Pavasario semestras\Skaitmenine Logika\Lab4\4 laboras\cntr49.vhd (N/A, 2022-05-19 10:23:46) <-- (architecture and entity definition)
6        work.top_cnt.struct may have changed because the following files changed:
                        E:\KTU PIRMI METAI\Pavasario semestras\Skaitmenine Logika\Lab4\4 laboras\JM2.vhd (N/A, 2022-05-19 09:57:44) <-- (architecture and entity definition)

*******************************************************************
Unmodified files: 0
FID:  path (timestamp)

*******************************************************************
Unchanged modules: 0
MID:  lib.cell.view
