
Copyright (C) 1994-2021 Synopsys, Inc.
This Synopsys software and all associated documentation are proprietary to Synopsys, Inc.
and may only be used pursuant to the terms and conditions of a written license agreement
with Synopsys, Inc. All other use, reproduction, modification, or distribution of the
Synopsys software or the associated documentation is strictly prohibited.
Tool: Synplify Pro (R)
Build: R-2021.03L-SP1
Install: C:\lscc\diamond\3.12\synpbase
OS: Windows 6.2

Hostname: IF11R205-14

Implementation : impl1

# Written on Thu May 19 10:24:03 2022

##### FILES SYNTAX CHECKED ##############################################
Constraint File(s):      (none)

#Run constraint checker to find more issues with constraints.
#########################################################################



No issues found in constraint syntax.



Clock Summary
*************

          Start                           Requested     Requested     Clock                            Clock                   Clock
Level     Clock                           Frequency     Period        Type                             Group                   Load 
------------------------------------------------------------------------------------------------------------------------------------
0 -       System                          200.0 MHz     5.000         system                           system_clkgroup         8    
                                                                                                                                    
0 -       TOP_CNT|CLK_I                   200.0 MHz     5.000         inferred                         Inferred_clkgroup_0     8    
1 .         CNT19|CNT_C_derived_clock     200.0 MHz     5.000         derived (from TOP_CNT|CLK_I)     Inferred_clkgroup_0     7    
====================================================================================================================================


Clock Load Summary
******************

                              Clock     Source                      Clock Pin              Non-clock Pin     Non-clock Pin
Clock                         Load      Pin                         Seq Example            Seq Example       Comb Example 
--------------------------------------------------------------------------------------------------------------------------
System                        8         -                           CNT_3.CNT_A[7:0].C     -                 -            
                                                                                                                          
TOP_CNT|CLK_I                 8         CLK_I(port)                 RST_internal.C         -                 -            
CNT19|CNT_C_derived_clock     7         CNT_1.CNT_C.Q[0](dffse)     CNT_2.CNT_A[5:0].C     -                 -            
==========================================================================================================================
