10 1 1
10 1 1
10 1 1
13 2 208 3072 352 3072
13 2 448 3072 592 3072
13 2 704 3072 848 3072
13 2 960 3072 1104 3072
13 2 1200 3072 1344 3072
13 2 1440 3072 1584 3072
13 2 592 3360 2144 3360
13 2 704 3392 2144 3392
13 2 1104 3424 2144 3424
13 2 448 3472 2144 3472
13 2 2288 3472 2704 3472
13 2 848 3504 2144 3504
13 2 2288 3504 2704 3504
13 2 960 3536 2144 3536
13 2 2288 3536 2704 3536
13 2 208 3584 2144 3584
13 2 704 3616 2144 3616
13 2 960 3648 2144 3648
13 2 2848 3648 2928 3648
13 2 1344 3680 2928 3680
13 2 3072 3680 3600 3680
13 2 1584 3712 2928 3712
13 2 704 3824 2144 3824
13 2 1344 3856 2144 3856
13 2 1440 3888 2144 3888
13 2 704 3936 2144 3936
13 2 2288 3936 2704 3936
13 2 960 3968 2144 3968
13 2 2288 3968 2704 3968
13 2 1440 4000 2144 4000
13 2 2288 4000 2704 4000
13 2 848 4048 2144 4048
13 2 960 4080 2144 4080
13 2 1200 4112 2144 4112
13 2 2848 4112 2928 4112
13 2 352 4144 2928 4144
13 2 448 4176 2928 4176
13 2 3072 4240 3600 4240
13 2 3744 4256 4032 4256
13 2 3072 4272 3600 4272
13 2 448 4304 2144 4304
13 2 848 4336 2144 4336
13 2 1104 4368 2144 4368
13 2 208 4416 2144 4416
13 2 2288 4416 2704 4416
13 2 704 4448 2144 4448
13 2 2288 4448 2704 4448
13 2 1104 4480 2144 4480
13 2 2288 4480 2704 4480
13 2 208 4528 2144 4528
13 2 592 4560 2144 4560
13 2 704 4592 2144 4592
13 2 2848 4592 2928 4592
13 2 1200 4624 2928 4624
13 2 1440 4656 2928 4656
13 2 208 4816 2128 4816
13 2 592 4848 2128 4848
13 2 2272 4848 2688 4848
13 2 1104 4880 2128 4880
13 2 352 4944 2128 4944
13 2 960 4976 2128 4976
13 2 2272 4976 2688 4976
13 2 1440 5008 2128 5008
13 2 2832 5072 2912 5072
13 2 704 5104 2912 5104
13 2 3056 5104 3600 5104
13 2 1344 5136 2912 5136
13 0 208 2816 208 3072
13 2 208 2816 208 3072
13 0 208 3072 208 3584
13 2 208 3072 208 3584
13 0 208 3584 208 4416
13 2 208 3584 208 4416
13 0 208 4416 208 4528
13 2 208 4416 208 4528
13 2 208 4528 208 4816
13 2 352 3072 352 3216
13 0 352 3312 352 4144
13 2 352 3312 352 4144
13 2 352 4144 352 4944
13 0 448 2816 448 3072
13 2 448 2816 448 3072
13 0 448 3072 448 3472
13 2 448 3072 448 3472
13 0 448 3472 448 4176
13 2 448 3472 448 4176
13 2 448 4176 448 4304
13 2 592 3072 592 3216
13 0 592 3312 592 3360
13 2 592 3312 592 3360
13 0 592 3360 592 4560
13 2 592 3360 592 4560
13 2 592 4560 592 4848
13 0 704 2816 704 3072
13 2 704 2816 704 3072
13 0 704 3072 704 3392
13 2 704 3072 704 3392
13 0 704 3392 704 3616
13 2 704 3392 704 3616
13 0 704 3616 704 3824
13 2 704 3616 704 3824
13 0 704 3824 704 3936
13 2 704 3824 704 3936
13 0 704 3936 704 4448
13 2 704 3936 704 4448
13 0 704 4448 704 4592
13 2 704 4448 704 4592
13 2 704 4592 704 5104
13 2 848 3072 848 3216
13 0 848 3312 848 3504
13 2 848 3312 848 3504
13 0 848 3504 848 4048
13 2 848 3504 848 4048
13 2 848 4048 848 4336
13 0 960 2816 960 3072
13 2 960 2816 960 3072
13 0 960 3072 960 3536
13 2 960 3072 960 3536
13 0 960 3536 960 3648
13 2 960 3536 960 3648
13 0 960 3648 960 3968
13 2 960 3648 960 3968
13 0 960 3968 960 4080
13 2 960 3968 960 4080
13 2 960 4080 960 4976
13 2 1104 3072 1104 3216
13 0 1104 3312 1104 3424
13 2 1104 3312 1104 3424
13 0 1104 3424 1104 4368
13 2 1104 3424 1104 4368
13 0 1104 4368 1104 4480
13 2 1104 4368 1104 4480
13 2 1104 4480 1104 4880
13 0 1200 2816 1200 3072
13 2 1200 2816 1200 3072
13 0 1200 3072 1200 4112
13 2 1200 3072 1200 4112
13 2 1200 4112 1200 4624
13 2 1344 3072 1344 3216
13 0 1344 3312 1344 3680
13 2 1344 3312 1344 3680
13 0 1344 3680 1344 3856
13 2 1344 3680 1344 3856
13 2 1344 3856 1344 5136
13 0 1440 2816 1440 3072
13 2 1440 2816 1440 3072
13 0 1440 3072 1440 3888
13 2 1440 3072 1440 3888
13 0 1440 3888 1440 4000
13 2 1440 3888 1440 4000
13 0 1440 4000 1440 4656
13 2 1440 4000 1440 4656
13 2 1440 4656 1440 5008
13 2 1584 3072 1584 3216
13 2 1584 3312 1584 3712
13 2 2288 3392 2288 3472
13 2 2288 3536 2288 3616
13 2 2288 3856 2288 3936
13 2 2288 4000 2288 4080
13 2 2288 4336 2288 4416
13 2 2288 4480 2288 4560
13 2 2688 4848 2688 4864
13 2 2688 4896 2688 4976
13 2 2832 4880 2832 5072
13 2 2848 3504 2848 3648
13 2 2848 3968 2848 4112
13 2 2848 4448 2848 4592
13 2 3072 4144 3072 4240
13 2 3072 4272 3072 4624
13 2 3600 3680 3600 4208
13 2 3600 4304 3600 5104
13 7 4032 4256
13 8 4032 4256 0
13 7 208 2816
13 8 208 2816 0
13 7 448 2816
13 8 448 2816 0
13 7 704 2816
13 8 704 2816 0
13 7 960 2816
13 8 960 2816 0
13 7 1200 2816
13 8 1200 2816 0
13 7 1440 2816
13 8 1440 2816 0
17 0 38
17 0 41
17 0 42
17 0 45
17 0 48
17 0 50
17 0 37
17 0 31
17 0 32
17 0 43
17 0 46
17 0 49
17 0 30
17 0 51
17 0 52
17 0 44
17 0 47
17 0 27
17 0 40
17 0 29
17 0 36
17 0 28
17 0 34
17 0 39
17 0 35
17 0 33
17 0 inv 1520 3184 1
17 0 inv 288 3184 1
17 0 inv 1280 3184 1
17 0 inv 1040 3184 1
17 0 inv 784 3184 1
17 0 inv 528 3184 1
17 0 nd3 2800 4992 0
17 0 nd3 2016 4736 0
17 0 nd3 2016 4864 0
17 0 nd3 2032 3280 0
17 0 nd3 2032 3392 0
17 0 nd3 2032 3504 0
17 0 nd3 2592 3392 0
17 0 nd3 2816 3568 0
17 0 nd3 2032 3744 0
17 0 nd3 2032 3856 0
17 0 nd3 2032 3968 0
17 0 nd3 2592 3856 0
17 0 nd3 2816 4032 0
17 0 nd3 2032 4224 0
17 0 nd3 2032 4336 0
17 0 nd3 2032 4448 0
17 0 nd3 2592 4336 0
17 0 nd3 2816 4512 0
17 0 nd4 3488 4128 0
17 0 nd2 2576 4784 0
13 0 96 3040 240 3040
13 0 336 3040 480 3040
13 0 592 3040 736 3040
13 0 848 3040 992 3040
13 0 1088 3040 1232 3040
13 0 1328 3040 1472 3040
13 0 480 3328 2032 3328
13 0 592 3360 2032 3360
13 0 992 3392 2032 3392
13 0 336 3440 2032 3440
13 0 2176 3440 2592 3440
13 0 736 3472 2032 3472
13 0 2176 3472 2592 3472
13 0 848 3504 2032 3504
13 0 2176 3504 2592 3504
13 0 96 3552 2032 3552
13 0 592 3584 2032 3584
13 0 848 3616 2032 3616
13 0 2736 3616 2816 3616
13 0 1232 3648 2816 3648
13 0 2960 3648 3488 3648
13 0 1472 3680 2816 3680
13 0 592 3792 2032 3792
13 0 1232 3824 2032 3824
13 0 1328 3856 2032 3856
13 0 592 3904 2032 3904
13 0 2176 3904 2592 3904
13 0 848 3936 2032 3936
13 0 2176 3936 2592 3936
13 0 1328 3968 2032 3968
13 0 2176 3968 2592 3968
13 0 736 4016 2032 4016
13 0 848 4048 2032 4048
13 0 1088 4080 2032 4080
13 0 2736 4080 2816 4080
13 0 240 4112 2816 4112
13 0 336 4144 2816 4144
13 0 2960 4208 3488 4208
13 0 3632 4224 3920 4224
13 0 2960 4240 3488 4240
13 0 336 4272 2032 4272
13 0 736 4304 2032 4304
13 0 992 4336 2032 4336
13 0 96 4384 2032 4384
13 0 2176 4384 2592 4384
13 0 592 4416 2032 4416
13 0 2176 4416 2592 4416
13 0 992 4448 2032 4448
13 0 2176 4448 2592 4448
13 0 96 4496 2032 4496
13 0 480 4528 2032 4528
13 0 592 4560 2032 4560
13 0 2736 4560 2816 4560
13 0 1088 4592 2816 4592
13 0 1328 4624 2816 4624
13 0 96 4784 2016 4784
13 0 480 4816 2016 4816
13 0 2160 4816 2576 4816
13 0 992 4848 2016 4848
13 0 240 4912 2016 4912
13 0 848 4944 2016 4944
13 0 2160 4944 2576 4944
13 0 1328 4976 2016 4976
13 0 2720 5040 2800 5040
13 0 592 5072 2800 5072
13 0 2944 5072 3488 5072
13 0 1232 5104 2800 5104
13 0 96 2784 96 3040
13 0 96 3040 96 3552
13 0 96 3552 96 4384
13 0 96 4384 96 4496
13 0 96 4496 96 4784
13 0 240 3040 240 3184
13 0 240 3280 240 4112
13 0 240 4112 240 4912
13 0 336 2784 336 3040
13 0 336 3040 336 3440
13 0 336 3440 336 4144
13 0 336 4144 336 4272
13 0 480 3040 480 3184
13 0 480 3280 480 3328
13 0 480 3328 480 4528
13 0 480 4528 480 4816
13 0 592 2784 592 3040
13 0 592 3040 592 3360
13 0 592 3360 592 3584
13 0 592 3584 592 3792
13 0 592 3792 592 3904
13 0 592 3904 592 4416
13 0 592 4416 592 4560
13 0 592 4560 592 5072
13 0 736 3040 736 3184
13 0 736 3280 736 3472
13 0 736 3472 736 4016
13 0 736 4016 736 4304
13 0 848 2784 848 3040
13 0 848 3040 848 3504
13 0 848 3504 848 3616
13 0 848 3616 848 3936
13 0 848 3936 848 4048
13 0 848 4048 848 4944
13 0 992 3040 992 3184
13 0 992 3280 992 3392
13 0 992 3392 992 4336
13 0 992 4336 992 4448
13 0 992 4448 992 4848
13 0 1088 2784 1088 3040
13 0 1088 3040 1088 4080
13 0 1088 4080 1088 4592
13 0 1232 3040 1232 3184
13 0 1232 3280 1232 3648
13 0 1232 3648 1232 3824
13 0 1232 3824 1232 5104
13 0 1328 2784 1328 3040
13 0 1328 3040 1328 3856
13 0 1328 3856 1328 3968
13 0 1328 3968 1328 4624
13 0 1328 4624 1328 4976
13 0 1472 3040 1472 3184
13 0 1472 3280 1472 3680
13 0 2176 3360 2176 3440
13 0 2176 3504 2176 3584
13 0 2176 3824 2176 3904
13 0 2176 3968 2176 4048
13 0 2176 4304 2176 4384
13 0 2176 4448 2176 4528
13 0 2576 4816 2576 4832
13 0 2576 4864 2576 4944
13 0 2720 4848 2720 5040
13 0 2736 3472 2736 3616
13 0 2736 3936 2736 4080
13 0 2736 4416 2736 4560
13 0 2960 4112 2960 4208
13 0 2960 4240 2960 4592
13 0 3488 3648 3488 4176
13 0 3488 4272 3488 5072
13 5 3920 4224 isv2
13 5 96 2784 X1
13 5 336 2784 X2
13 5 592 2784 X3
13 5 848 2784 X4
13 5 1088 2784 X5
13 5 1328 2784 X6
13 8 4032 4256 2
13 8 208 2816 1
13 8 448 2816 1
13 8 704 2816 1
13 8 960 2816 1
13 8 1200 2816 1
13 8 1440 2816 1
13 8 3920 4224 2
13 8 96 2784 1
13 8 336 2784 1
13 8 592 2784 1
13 8 848 2784 1
13 8 1088 2784 1
13 8 1328 2784 1
17 0 inv 5376 608 1
17 0 inv 4144 608 1
17 0 inv 5136 608 1
17 0 inv 4896 608 1
17 0 inv 4640 608 1
17 0 inv 4384 608 1
13 0 3952 480 4096 480
13 0 4192 480 4336 480
13 0 4448 480 4592 480
13 0 4704 480 4848 480
13 0 4944 480 5088 480
13 0 5184 480 5328 480
13 0 3952 224 3952 480
13 0 3952 480 3952 736
13 0 4096 480 4096 624
13 0 4096 480 4096 608
13 0 4096 608 4096 624
13 0 4096 720 4096 736
13 0 4192 224 4192 480
13 0 4192 480 4192 736
13 0 4336 480 4336 624
13 0 4336 480 4336 608
13 0 4336 608 4336 624
13 0 4336 720 4336 736
13 0 4448 224 4448 480
13 0 4448 480 4448 736
13 0 4592 480 4592 624
13 0 4592 480 4592 608
13 0 4592 608 4592 624
13 0 4592 720 4592 736
13 0 4704 224 4704 480
13 0 4704 480 4704 736
13 0 4848 480 4848 624
13 0 4848 480 4848 608
13 0 4848 608 4848 624
13 0 4848 720 4848 736
13 0 4944 224 4944 480
13 0 4944 480 4944 736
13 0 5088 480 5088 624
13 0 5088 480 5088 608
13 0 5088 608 5088 624
13 0 5088 720 5088 736
13 0 5184 224 5184 480
13 0 5184 480 5184 736
13 0 5328 480 5328 624
13 0 5328 480 5328 608
13 0 5328 608 5328 624
13 0 5328 720 5328 736
13 5 3952 224 X1
13 5 4192 224 X2
13 5 4448 224 X3
13 5 4704 224 X4
13 5 4944 224 X5
13 5 5184 224 X6
13 8 3952 224 1
13 8 4192 224 1
13 8 4448 224 1
13 8 4704 224 1
13 8 4944 224 1
13 8 5184 224 1
17 0 14
17 0 15
17 0 16
17 0 5
17 0 4
17 0 1
17 0 2
17 0 22
17 0 25
17 0 20
17 0 23
17 0 3
17 0 18
17 0 19
17 0 21
17 0 13
17 0 6
17 0 17
17 0 24
17 0 26
13 0 1952 880 2032 880
13 2 1952 880 2032 880
13 0 1952 912 2032 912
13 2 1952 912 2032 912
13 0 1952 944 2032 944
13 2 1952 944 2032 944
13 0 1952 992 2032 992
13 2 1952 992 2032 992
13 2 2176 992 2592 992
13 0 1952 1024 2032 1024
13 2 1952 1024 2032 1024
13 2 2176 1024 2592 1024
13 0 1952 1056 2032 1056
13 2 1952 1056 2032 1056
13 2 2176 1056 2592 1056
13 0 1952 1104 2032 1104
13 2 1952 1104 2032 1104
13 0 1952 1136 2032 1136
13 2 1952 1136 2032 1136
13 0 1952 1168 2032 1168
13 2 1952 1168 2032 1168
13 2 2736 1168 2816 1168
13 0 1952 1200 2816 1200
13 2 1952 1200 2816 1200
13 2 2960 1200 3488 1200
13 0 1952 1232 2816 1232
13 2 1952 1232 2816 1232
13 0 1952 1344 2032 1344
13 2 1952 1344 2032 1344
13 0 1952 1376 2032 1376
13 2 1952 1376 2032 1376
13 0 1952 1408 2032 1408
13 2 1952 1408 2032 1408
13 0 1952 1456 2032 1456
13 2 1952 1456 2032 1456
13 2 2176 1456 2592 1456
13 0 1952 1488 2032 1488
13 2 1952 1488 2032 1488
13 2 2176 1488 2592 1488
13 0 1952 1520 2032 1520
13 2 1952 1520 2032 1520
13 2 2176 1520 2592 1520
13 0 1952 1568 2032 1568
13 2 1952 1568 2032 1568
13 0 1952 1600 2032 1600
13 2 1952 1600 2032 1600
13 0 1952 1632 2032 1632
13 2 1952 1632 2032 1632
13 2 2736 1632 2816 1632
13 0 1952 1664 2816 1664
13 2 1952 1664 2816 1664
13 0 1952 1696 2816 1696
13 2 1952 1696 2816 1696
13 2 2960 1760 3488 1760
13 2 3632 1776 3936 1776
13 2 2960 1792 3488 1792
13 0 1952 1824 2032 1824
13 2 1952 1824 2032 1824
13 0 1952 1856 2032 1856
13 2 1952 1856 2032 1856
13 0 1952 1888 2032 1888
13 2 1952 1888 2032 1888
13 0 1952 1936 2032 1936
13 2 1952 1936 2032 1936
13 2 2176 1936 2592 1936
13 0 1952 1968 2032 1968
13 2 1952 1968 2032 1968
13 2 2176 1968 2592 1968
13 0 1952 2000 2032 2000
13 2 1952 2000 2032 2000
13 2 2176 2000 2592 2000
13 0 1952 2048 2032 2048
13 2 1952 2048 2032 2048
13 0 1952 2080 2032 2080
13 2 1952 2080 2032 2080
13 0 1952 2112 2032 2112
13 2 1952 2112 2032 2112
13 2 2736 2112 2816 2112
13 0 1952 2144 2816 2144
13 2 1952 2144 2816 2144
13 0 1952 2176 2816 2176
13 2 1952 2176 2816 2176
13 0 1952 2336 2016 2336
13 2 1952 2336 2016 2336
13 0 1952 2368 2016 2368
13 2 1952 2368 2016 2368
13 2 2160 2368 2576 2368
13 0 1952 2400 2016 2400
13 2 1952 2400 2016 2400
13 0 1952 2464 2016 2464
13 2 1952 2464 2016 2464
13 0 1952 2496 2016 2496
13 2 1952 2496 2016 2496
13 2 2160 2496 2576 2496
13 0 1952 2528 2016 2528
13 2 1952 2528 2016 2528
13 2 2720 2592 2800 2592
13 0 1952 2624 2800 2624
13 2 1952 2624 2800 2624
13 2 2944 2624 3488 2624
13 0 1952 2656 2800 2656
13 2 1952 2656 2800 2656
13 2 2176 912 2176 992
13 2 2176 1056 2176 1136
13 2 2176 1376 2176 1456
13 2 2176 1520 2176 1600
13 2 2176 1856 2176 1936
13 2 2176 2000 2176 2080
13 2 2576 2368 2576 2384
13 2 2576 2416 2576 2496
13 2 2720 2400 2720 2592
13 2 2736 1024 2736 1168
13 2 2736 1488 2736 1632
13 2 2736 1968 2736 2112
13 2 2960 1664 2960 1760
13 2 2960 1792 2960 2144
13 2 3488 1200 3488 1728
13 2 3488 1824 3488 2624
13 7 3936 1776
13 8 3936 1776 0
13 8 3936 1776 0
17 0 and3 1584 1056 0
17 0 and3 1584 944 0
17 0 and3 1584 832 0
17 0 and3 2368 1120 0
17 0 and3 1584 1520 0
17 0 and3 1584 1408 0
17 0 and3 1584 1296 0
17 0 and3 1568 2288 0
17 0 and3 1568 2416 0
17 0 and3 2368 2064 0
17 0 and3 2352 2544 0
17 0 and3 2368 1584 0
17 0 and3 1584 1776 0
17 0 and3 1584 1888 0
17 0 and3 1584 2000 0
17 0 or3 2144 1408 0
17 0 or3 2144 944 0
17 0 or3 2144 1888 0
17 0 or2 2128 2336 0
17 0 or4 3040 1680 0
13 0 1504 880 1584 880
13 0 1504 912 1584 912
13 0 1504 944 1584 944
13 0 1504 992 1584 992
13 0 1728 992 2144 992
13 0 1504 1024 1584 1024
13 0 1728 1024 2144 1024
13 0 1504 1056 1584 1056
13 0 1728 1056 2144 1056
13 0 1504 1104 1584 1104
13 0 1504 1136 1584 1136
13 0 1504 1168 1584 1168
13 0 2288 1168 2368 1168
13 0 1504 1200 2368 1200
13 0 2512 1200 3040 1200
13 0 1504 1232 2368 1232
13 0 1504 1344 1584 1344
13 0 1504 1376 1584 1376
13 0 1504 1408 1584 1408
13 0 1504 1456 1584 1456
13 0 1728 1456 2144 1456
13 0 1504 1488 1584 1488
13 0 1728 1488 2144 1488
13 0 1504 1520 1584 1520
13 0 1728 1520 2144 1520
13 0 1504 1568 1584 1568
13 0 1504 1600 1584 1600
13 0 1504 1632 1584 1632
13 0 2288 1632 2368 1632
13 0 1504 1664 2368 1664
13 0 1504 1696 2368 1696
13 0 2512 1760 3040 1760
13 0 3184 1776 3488 1776
13 0 2512 1792 3040 1792
13 0 1504 1824 1584 1824
13 0 1504 1856 1584 1856
13 0 1504 1888 1584 1888
13 0 1504 1936 1584 1936
13 0 1728 1936 2144 1936
13 0 1504 1968 1584 1968
13 0 1728 1968 2144 1968
13 0 1504 2000 1584 2000
13 0 1728 2000 2144 2000
13 0 1504 2048 1584 2048
13 0 1504 2080 1584 2080
13 0 1504 2112 1584 2112
13 0 2288 2112 2368 2112
13 0 1504 2144 2368 2144
13 0 1504 2176 2368 2176
13 0 1504 2336 1568 2336
13 0 1504 2368 1568 2368
13 0 1712 2368 2128 2368
13 0 1504 2400 1568 2400
13 0 1504 2464 1568 2464
13 0 1504 2496 1568 2496
13 0 1712 2496 2128 2496
13 0 1504 2528 1568 2528
13 0 2272 2592 2352 2592
13 0 1504 2624 2352 2624
13 0 2496 2624 3040 2624
13 0 1504 2656 2352 2656
13 0 1728 912 1728 992
13 0 1952 2656 2352 2656
13 2 1952 2656 2352 2656
13 2 2496 2624 3040 2624
13 0 1952 2624 2352 2624
13 2 1952 2624 2352 2624
13 2 2272 2592 2352 2592
13 0 1952 2496 2128 2496
13 2 1952 2496 2128 2496
13 0 1952 2368 2128 2368
13 2 1952 2368 2128 2368
13 0 1952 2176 2368 2176
13 2 1952 2176 2368 2176
13 0 1952 2144 2368 2144
13 2 1952 2144 2368 2144
13 2 2288 2112 2368 2112
13 0 1952 2000 2144 2000
13 2 1952 2000 2144 2000
13 0 1952 1968 2144 1968
13 2 1952 1968 2144 1968
13 0 1952 1936 2144 1936
13 2 1952 1936 2144 1936
13 2 2512 1792 3040 1792
13 2 3184 1776 3488 1776
13 2 2512 1760 3040 1760
13 0 1952 1696 2368 1696
13 2 1952 1696 2368 1696
13 0 1952 1664 2368 1664
13 2 1952 1664 2368 1664
13 2 2288 1632 2368 1632
13 0 1952 1520 2144 1520
13 2 1952 1520 2144 1520
13 0 1952 1488 2144 1488
13 2 1952 1488 2144 1488
13 0 1952 1456 2144 1456
13 2 1952 1456 2144 1456
13 0 1952 1232 2368 1232
13 2 1952 1232 2368 1232
13 2 2512 1200 3040 1200
13 0 1952 1200 2368 1200
13 2 1952 1200 2368 1200
13 2 2288 1168 2368 1168
13 0 1952 1056 2144 1056
13 2 1952 1056 2144 1056
13 0 1952 1024 2144 1024
13 2 1952 1024 2144 1024
13 0 1952 992 2144 992
13 2 1952 992 2144 992
17 0 14
17 0 15
17 0 16
17 0 5
17 0 4
17 0 1
17 0 2
17 0 22
17 0 25
17 0 20
17 0 23
17 0 3
17 0 18
17 0 19
17 0 21
17 0 13
17 0 6
17 0 17
17 0 24
17 0 26
13 0 1584 880 1952 880
13 2 1584 880 1952 880
13 0 1584 912 1952 912
13 2 1584 912 1952 912
13 0 1584 944 1952 944
13 2 1584 944 1952 944
13 0 1584 992 1952 992
13 2 1584 992 1952 992
13 0 1584 1024 1952 1024
13 2 1584 1024 1952 1024
13 0 1584 1056 1952 1056
13 2 1584 1056 1952 1056
13 0 1584 1104 1952 1104
13 2 1584 1104 1952 1104
13 0 1584 1136 1952 1136
13 2 1584 1136 1952 1136
13 0 1584 1168 1952 1168
13 2 1584 1168 1952 1168
13 0 1584 1200 1952 1200
13 2 1584 1200 1952 1200
13 0 1584 1232 1952 1232
13 2 1584 1232 1952 1232
13 0 1584 1344 1952 1344
13 2 1584 1344 1952 1344
13 0 1584 1376 1952 1376
13 2 1584 1376 1952 1376
13 0 1584 1408 1952 1408
13 2 1584 1408 1952 1408
13 0 1584 1456 1952 1456
13 2 1584 1456 1952 1456
13 0 1584 1488 1952 1488
13 2 1584 1488 1952 1488
13 0 1584 1520 1952 1520
13 2 1584 1520 1952 1520
13 0 1584 1568 1952 1568
13 2 1584 1568 1952 1568
13 0 1584 1600 1952 1600
13 2 1584 1600 1952 1600
13 0 1584 1632 1952 1632
13 2 1584 1632 1952 1632
13 0 1584 1664 1952 1664
13 2 1584 1664 1952 1664
13 0 1584 1696 1952 1696
13 2 1584 1696 1952 1696
13 0 1584 1824 1952 1824
13 2 1584 1824 1952 1824
13 0 1584 1856 1952 1856
13 2 1584 1856 1952 1856
13 0 1584 1888 1952 1888
13 2 1584 1888 1952 1888
13 0 1584 1936 1952 1936
13 2 1584 1936 1952 1936
13 0 1584 1968 1952 1968
13 2 1584 1968 1952 1968
13 0 1584 2000 1952 2000
13 2 1584 2000 1952 2000
13 0 1584 2048 1952 2048
13 2 1584 2048 1952 2048
13 0 1584 2080 1952 2080
13 2 1584 2080 1952 2080
13 0 1584 2112 1952 2112
13 2 1584 2112 1952 2112
13 0 1584 2144 1952 2144
13 2 1584 2144 1952 2144
13 0 1584 2176 1952 2176
13 2 1584 2176 1952 2176
13 0 1584 2336 1952 2336
13 2 1584 2336 1952 2336
13 0 1584 2368 1952 2368
13 2 1584 2368 1952 2368
13 0 1584 2400 1952 2400
13 2 1584 2400 1952 2400
13 0 1584 2464 1952 2464
13 2 1584 2464 1952 2464
13 0 1584 2496 1952 2496
13 2 1584 2496 1952 2496
13 0 1584 2528 1952 2528
13 2 1584 2528 1952 2528
13 0 1584 2624 1952 2624
13 2 1584 2624 1952 2624
13 0 1584 2656 1952 2656
13 2 1584 2656 1952 2656
17 0 and3 1664 1056 0
17 0 and3 1664 944 0
17 0 and3 1664 832 0
17 0 and3 2448 1120 0
17 0 and3 1664 1520 0
17 0 and3 1664 1408 0
17 0 and3 1664 1296 0
17 0 and3 1648 2288 0
17 0 and3 1648 2416 0
17 0 and3 2448 2064 0
17 0 and3 2432 2544 0
17 0 and3 2448 1584 0
17 0 and3 1664 1776 0
17 0 and3 1664 1888 0
17 0 and3 1664 2000 0
17 0 or3 2224 1408 0
17 0 or3 2224 944 0
17 0 or3 2224 1888 0
17 0 or2 2208 2336 0
17 0 or4 3120 1680 0
13 0 1584 880 1664 880
13 0 1584 912 1664 912
13 0 1584 944 1664 944
13 0 1584 992 1664 992
13 0 1808 992 2224 992
13 0 1584 1024 1664 1024
13 0 1808 1024 2224 1024
13 0 1584 1056 1664 1056
13 0 1808 1056 2224 1056
13 0 1584 1104 1664 1104
13 0 1584 1136 1664 1136
13 0 1584 1168 1664 1168
13 0 2368 1168 2448 1168
13 0 1584 1200 2448 1200
13 0 2592 1200 3120 1200
13 0 1584 1232 2448 1232
13 0 1584 1344 1664 1344
13 0 1584 1376 1664 1376
13 0 1584 1408 1664 1408
13 0 1584 1456 1664 1456
13 0 1808 1456 2224 1456
13 0 1584 1488 1664 1488
13 0 1808 1488 2224 1488
13 0 1584 1520 1664 1520
13 0 1808 1520 2224 1520
13 0 1584 1568 1664 1568
13 0 1584 1600 1664 1600
13 0 1584 1632 1664 1632
13 0 2368 1632 2448 1632
13 0 1584 1664 2448 1664
13 0 1584 1696 2448 1696
13 0 2592 1760 3120 1760
13 0 3264 1776 3568 1776
13 0 2592 1792 3120 1792
13 0 1584 1824 1664 1824
13 0 1584 1856 1664 1856
13 0 1584 1888 1664 1888
13 0 1584 1936 1664 1936
13 0 1808 1936 2224 1936
13 0 1584 1968 1664 1968
13 0 1808 1968 2224 1968
13 0 1584 2000 1664 2000
13 0 1808 2000 2224 2000
13 0 1584 2048 1664 2048
13 0 1584 2080 1664 2080
13 0 1584 2112 1664 2112
13 0 2368 2112 2448 2112
13 0 1584 2144 2448 2144
13 0 1584 2176 2448 2176
13 0 1584 2336 1648 2336
13 0 1584 2368 1648 2368
13 0 1792 2368 2208 2368
13 0 1584 2400 1648 2400
13 0 1584 2464 1648 2464
13 0 1584 2496 1648 2496
13 0 1792 2496 2208 2496
13 0 1584 2528 1648 2528
13 0 2352 2592 2432 2592
13 0 1584 2624 2432 2624
13 0 2576 2624 3120 2624
13 0 1584 2656 2432 2656
13 0 1808 912 1808 992
13 0 1808 1056 1808 1136
13 0 1808 1376 1808 1456
13 0 1808 1520 1808 1600
13 0 1808 1856 1808 1936
13 0 1808 2000 1808 2080
13 0 2208 2368 2208 2384
13 0 2208 2416 2208 2496
13 0 2352 2400 2352 2592
13 0 2368 1024 2368 1168
13 0 2368 1488 2368 1632
13 0 2368 1968 2368 2112
13 0 2592 1664 2592 1760
13 0 2592 1792 2592 2144
13 0 3120 1200 3120 1728
13 0 3120 1824 3120 2624
13 5 3568 1776 isv
13 8 3568 1776 2
17 0 14
17 0 15
17 0 16
17 0 5
17 0 4
17 0 25
17 0 20
17 0 23
17 0 6
13 0 2192 992 2224 992
13 2 2192 992 2224 992
13 0 2192 1024 2224 1024
13 2 2192 1024 2224 1024
13 0 2192 1056 2224 1056
13 2 2192 1056 2224 1056
13 2 2368 1168 2448 1168
13 0 2192 1200 2448 1200
13 2 2192 1200 2448 1200
13 2 2592 1200 3120 1200
13 0 2192 1232 2448 1232
13 2 2192 1232 2448 1232
13 0 2192 1456 2224 1456
13 2 2192 1456 2224 1456
13 0 2192 1488 2224 1488
13 2 2192 1488 2224 1488
13 0 2192 1520 2224 1520
13 2 2192 1520 2224 1520
13 2 2368 1632 2448 1632
13 0 2192 1664 2448 1664
13 2 2192 1664 2448 1664
13 0 2192 1696 2448 1696
13 2 2192 1696 2448 1696
13 2 2592 1760 3120 1760
13 2 3264 1776 3568 1776
13 2 2592 1792 3120 1792
13 0 2192 1936 2224 1936
13 2 2192 1936 2224 1936
13 0 2192 1968 2224 1968
13 2 2192 1968 2224 1968
13 0 2192 2000 2224 2000
13 2 2192 2000 2224 2000
13 2 2368 2112 2448 2112
13 0 2192 2144 2448 2144
13 2 2192 2144 2448 2144
13 0 2192 2176 2448 2176
13 2 2192 2176 2448 2176
13 0 2192 2368 2208 2368
13 2 2192 2368 2208 2368
13 0 2192 2496 2208 2496
13 2 2192 2496 2208 2496
13 2 2352 2592 2432 2592
13 0 2192 2624 2432 2624
13 2 2192 2624 2432 2624
13 2 2576 2624 3120 2624
13 0 2192 2656 2432 2656
13 2 2192 2656 2432 2656
13 2 2208 2368 2208 2384
13 2 2208 2416 2208 2496
13 2 2352 2400 2352 2592
13 2 2368 1024 2368 1168
13 2 2368 1488 2368 1632
13 2 2368 1968 2368 2112
13 2 2592 1664 2592 1760
13 2 2592 1792 2592 2144
13 2 3120 1200 3120 1728
13 2 3120 1824 3120 2624
13 7 3568 1776
13 8 3568 1776 0
13 8 3568 1776 0
13 0 2000 992 2192 992
13 2 2000 992 2192 992
13 0 2000 1024 2192 1024
13 2 2000 1024 2192 1024
13 0 2000 1056 2192 1056
13 2 2000 1056 2192 1056
13 0 2000 1200 2192 1200
13 2 2000 1200 2192 1200
13 0 2000 1232 2192 1232
13 2 2000 1232 2192 1232
13 0 2000 1456 2192 1456
13 2 2000 1456 2192 1456
13 0 2000 1488 2192 1488
13 2 2000 1488 2192 1488
13 0 2000 1520 2192 1520
13 2 2000 1520 2192 1520
13 0 2000 1664 2192 1664
13 2 2000 1664 2192 1664
13 0 2000 1696 2192 1696
13 2 2000 1696 2192 1696
13 0 2000 1936 2192 1936
13 2 2000 1936 2192 1936
13 0 2000 1968 2192 1968
13 2 2000 1968 2192 1968
13 0 2000 2000 2192 2000
13 2 2000 2000 2192 2000
13 0 2000 2144 2192 2144
13 2 2000 2144 2192 2144
13 0 2000 2176 2192 2176
13 2 2000 2176 2192 2176
13 0 2000 2368 2192 2368
13 2 2000 2368 2192 2368
13 0 2000 2496 2192 2496
13 2 2000 2496 2192 2496
13 0 2000 2624 2192 2624
13 2 2000 2624 2192 2624
13 0 2000 2656 2192 2656
13 2 2000 2656 2192 2656
17 0 or4 2928 1680 0
17 0 or2 2016 2336 0
17 0 or3 2032 1888 0
17 0 or3 2032 944 0
17 0 or3 2032 1408 0
17 0 and3 2256 1584 0
17 0 and3 2240 2544 0
17 0 and3 2256 2064 0
17 0 and3 2256 1120 0
13 0 2000 992 2032 992
13 0 2000 1024 2032 1024
13 0 2000 1056 2032 1056
13 0 2176 1168 2256 1168
13 0 2000 1200 2256 1200
13 0 2400 1200 2928 1200
13 0 2000 1232 2256 1232
13 0 2000 1456 2032 1456
13 0 2000 1488 2032 1488
13 0 2000 1520 2032 1520
13 0 2176 1632 2256 1632
13 0 2000 1664 2256 1664
13 0 2000 1696 2256 1696
13 0 2400 1760 2928 1760
13 0 3072 1776 3376 1776
13 0 2400 1792 2928 1792
13 0 2000 1936 2032 1936
13 0 2000 1968 2032 1968
13 0 2000 2000 2032 2000
13 0 2176 2112 2256 2112
13 0 2000 2144 2256 2144
13 0 2000 2176 2256 2176
13 0 2000 2368 2016 2368
13 0 2000 2496 2016 2496
13 0 2160 2592 2240 2592
13 0 2000 2624 2240 2624
13 0 2384 2624 2928 2624
13 0 2000 2656 2240 2656
13 0 2016 2368 2016 2384
13 0 2016 2416 2016 2496
13 0 2160 2400 2160 2592
13 0 2176 1024 2176 1168
13 0 2176 1488 2176 1632
13 0 2176 1968 2176 2112
13 0 2400 1664 2400 1760
13 0 2400 1792 2400 2144
13 0 2928 1200 2928 1728
13 0 2928 1824 2928 2624
13 5 3376 1776 isv
13 8 3376 1776 2
17 0 6
13 2 3072 1776 3376 1776
13 2 2928 1200 2928 1728
13 2 2928 1824 2928 2624
13 7 3376 1776
13 8 3376 1776 0
13 8 3376 1776 0
13 0 2592 1200 2928 1200
13 2 2592 1200 2928 1200
13 0 2592 1760 2928 1760
13 2 2592 1760 2928 1760
13 0 2592 1792 2928 1792
13 2 2592 1792 2928 1792
13 0 2592 2624 2928 2624
13 2 2592 2624 2928 2624
13 0 2480 1200 2592 1200
13 2 2480 1200 2592 1200
13 0 2480 1760 2592 1760
13 2 2480 1760 2592 1760
13 0 2480 1792 2592 1792
13 2 2480 1792 2592 1792
13 0 2480 2624 2592 2624
13 2 2480 2624 2592 2624
17 0 or4 2464 1680 0
13 0 2624 1776 2928 1776
13 0 2480 1200 2480 1728
13 0 2480 1824 2480 2624
13 5 2928 1776 isv
13 8 2928 1776 2
13 2 2480 1824 2480 2624
13 2 2480 1200 2480 1728
13 2 2624 1776 2928 1776
13 7 2928 1776
13 8 2928 1776 0
13 8 2928 1776 2
17 0 6
17 0 or4 2480 1680 0
13 0 2624 1776 2928 1776
13 0 2480 1200 2480 1728
13 0 2480 1824 2480 2624
13 5 2928 1776 isv
13 8 2928 1776 2
17 0 14
17 0 6
17 0 15
17 0 16
17 0 5
17 0 4
17 0 25
17 0 1
17 0 20
17 0 2
17 0 23
17 0 22
17 0 3
17 0 18
17 0 19
17 0 21
17 0 13
17 0 17
17 0 24
17 0 26
13 0 1648 880 1664 880
13 2 1648 880 1664 880
13 0 1648 912 1664 912
13 2 1648 912 1664 912
13 0 1648 944 1664 944
13 2 1648 944 1664 944
13 0 1648 992 1664 992
13 2 1648 992 1664 992
13 2 1808 992 2032 992
13 0 1648 1024 1664 1024
13 2 1648 1024 1664 1024
13 2 1808 1024 2032 1024
13 0 1648 1056 1664 1056
13 2 1648 1056 1664 1056
13 2 1808 1056 2032 1056
13 0 1648 1104 1664 1104
13 2 1648 1104 1664 1104
13 0 1648 1136 1664 1136
13 2 1648 1136 1664 1136
13 0 1648 1168 1664 1168
13 2 1648 1168 1664 1168
13 2 2176 1168 2256 1168
13 0 1648 1200 2256 1200
13 2 1648 1200 2256 1200
13 2 2400 1200 2480 1200
13 0 1648 1232 2256 1232
13 2 1648 1232 2256 1232
13 0 1648 1344 1664 1344
13 2 1648 1344 1664 1344
13 0 1648 1376 1664 1376
13 2 1648 1376 1664 1376
13 0 1648 1408 1664 1408
13 2 1648 1408 1664 1408
13 0 1648 1456 1664 1456
13 2 1648 1456 1664 1456
13 2 1808 1456 2032 1456
13 0 1648 1488 1664 1488
13 2 1648 1488 1664 1488
13 2 1808 1488 2032 1488
13 0 1648 1520 1664 1520
13 2 1648 1520 1664 1520
13 2 1808 1520 2032 1520
13 0 1648 1568 1664 1568
13 2 1648 1568 1664 1568
13 0 1648 1600 1664 1600
13 2 1648 1600 1664 1600
13 0 1648 1632 1664 1632
13 2 1648 1632 1664 1632
13 2 2176 1632 2256 1632
13 0 1648 1664 2256 1664
13 2 1648 1664 2256 1664
13 0 1648 1696 2256 1696
13 2 1648 1696 2256 1696
13 2 2400 1760 2480 1760
13 2 2624 1776 2928 1776
13 2 2400 1792 2480 1792
13 0 1648 1824 1664 1824
13 2 1648 1824 1664 1824
13 0 1648 1856 1664 1856
13 2 1648 1856 1664 1856
13 0 1648 1888 1664 1888
13 2 1648 1888 1664 1888
13 0 1648 1936 1664 1936
13 2 1648 1936 1664 1936
13 2 1808 1936 2032 1936
13 0 1648 1968 1664 1968
13 2 1648 1968 1664 1968
13 2 1808 1968 2032 1968
13 0 1648 2000 1664 2000
13 2 1648 2000 1664 2000
13 2 1808 2000 2032 2000
13 0 1648 2048 1664 2048
13 2 1648 2048 1664 2048
13 0 1648 2080 1664 2080
13 2 1648 2080 1664 2080
13 0 1648 2112 1664 2112
13 2 1648 2112 1664 2112
13 2 2176 2112 2256 2112
13 0 1648 2144 2256 2144
13 2 1648 2144 2256 2144
13 0 1648 2176 2256 2176
13 2 1648 2176 2256 2176
13 2 1792 2368 2016 2368
13 2 1792 2496 2016 2496
13 2 2160 2592 2240 2592
13 0 1648 2624 2240 2624
13 2 1648 2624 2240 2624
13 2 2384 2624 2480 2624
13 0 1648 2656 2240 2656
13 2 1648 2656 2240 2656
13 2 1808 912 1808 992
13 2 1808 1056 1808 1136
13 2 1808 1376 1808 1456
13 2 1808 1520 1808 1600
13 2 1808 1856 1808 1936
13 2 1808 2000 1808 2080
13 2 2016 2368 2016 2384
13 2 2016 2416 2016 2496
13 2 2160 2400 2160 2592
13 2 2176 1024 2176 1168
13 2 2176 1488 2176 1632
13 2 2176 1968 2176 2112
13 2 2400 1664 2400 1760
13 2 2400 1792 2400 2144
13 2 2480 1200 2480 1728
13 2 2480 1824 2480 2624
13 7 2928 1776
13 8 2928 1776 0
13 8 2928 1776 0
13 0 1568 880 1648 880
13 2 1568 880 1648 880
13 0 1568 912 1648 912
13 2 1568 912 1648 912
13 0 1568 944 1648 944
13 2 1568 944 1648 944
13 0 1568 992 1648 992
13 2 1568 992 1648 992
13 0 1568 1024 1648 1024
13 2 1568 1024 1648 1024
13 0 1568 1056 1648 1056
13 2 1568 1056 1648 1056
13 0 1568 1104 1648 1104
13 2 1568 1104 1648 1104
13 0 1568 1136 1648 1136
13 2 1568 1136 1648 1136
13 0 1568 1168 1648 1168
13 2 1568 1168 1648 1168
13 0 1568 1200 1648 1200
13 2 1568 1200 1648 1200
13 0 1568 1232 1648 1232
13 2 1568 1232 1648 1232
13 0 1568 1344 1648 1344
13 2 1568 1344 1648 1344
13 0 1568 1376 1648 1376
13 2 1568 1376 1648 1376
13 0 1568 1408 1648 1408
13 2 1568 1408 1648 1408
13 0 1568 1456 1648 1456
13 2 1568 1456 1648 1456
13 0 1568 1488 1648 1488
13 2 1568 1488 1648 1488
13 0 1568 1520 1648 1520
13 2 1568 1520 1648 1520
13 0 1568 1568 1648 1568
13 2 1568 1568 1648 1568
13 0 1568 1600 1648 1600
13 2 1568 1600 1648 1600
13 0 1568 1632 1648 1632
13 2 1568 1632 1648 1632
13 0 1568 1664 1648 1664
13 2 1568 1664 1648 1664
13 0 1568 1696 1648 1696
13 2 1568 1696 1648 1696
13 0 1568 1824 1648 1824
13 2 1568 1824 1648 1824
13 0 1568 1856 1648 1856
13 2 1568 1856 1648 1856
13 0 1568 1888 1648 1888
13 2 1568 1888 1648 1888
13 0 1568 1936 1648 1936
13 2 1568 1936 1648 1936
13 0 1568 1968 1648 1968
13 2 1568 1968 1648 1968
13 0 1568 2000 1648 2000
13 2 1568 2000 1648 2000
13 0 1568 2048 1648 2048
13 2 1568 2048 1648 2048
13 0 1568 2080 1648 2080
13 2 1568 2080 1648 2080
13 0 1568 2112 1648 2112
13 2 1568 2112 1648 2112
13 0 1568 2144 1648 2144
13 2 1568 2144 1648 2144
13 0 1568 2176 1648 2176
13 2 1568 2176 1648 2176
13 0 1568 2336 1648 2336
13 2 1568 2336 1648 2336
13 0 1568 2368 1648 2368
13 2 1568 2368 1648 2368
13 0 1568 2400 1648 2400
13 2 1568 2400 1648 2400
13 0 1568 2464 1648 2464
13 2 1568 2464 1648 2464
13 0 1568 2496 1648 2496
13 2 1568 2496 1648 2496
13 0 1568 2528 1648 2528
13 2 1568 2528 1648 2528
13 0 1568 2624 1648 2624
13 2 1568 2624 1648 2624
13 0 1568 2656 1648 2656
13 2 1568 2656 1648 2656
17 0 and3 2160 1120 0
17 0 or4 2384 1680 0
17 0 and3 2160 2064 0
17 0 and3 2144 2544 0
17 0 and3 2160 1584 0
17 0 or3 1936 1408 0
17 0 or3 1936 944 0
17 0 and3 1568 2000 0
17 0 or3 1936 1888 0
17 0 and3 1568 1888 0
17 0 or2 1920 2336 0
17 0 and3 1568 1776 0
17 0 and3 1552 2416 0
17 0 and3 1552 2288 0
17 0 and3 1568 1296 0
17 0 and3 1568 1408 0
17 0 and3 1568 1520 0
17 0 and3 1568 832 0
17 0 and3 1568 944 0
17 0 and3 1568 1056 0
13 0 1552 880 1568 880
13 0 1552 912 1568 912
13 0 1552 944 1568 944
13 0 1552 992 1568 992
13 0 1712 992 1936 992
13 0 1552 1024 1568 1024
13 0 1712 1024 1936 1024
13 0 1552 1056 1568 1056
13 0 1712 1056 1936 1056
13 0 1552 1104 1568 1104
13 0 1552 1136 1568 1136
13 0 1552 1168 1568 1168
13 0 2080 1168 2160 1168
13 0 1552 1200 2160 1200
13 0 2304 1200 2384 1200
13 0 1552 1232 2160 1232
13 0 1552 1344 1568 1344
13 0 1552 1376 1568 1376
13 0 1552 1408 1568 1408
13 0 1552 1456 1568 1456
13 0 1712 1456 1936 1456
13 0 1552 1488 1568 1488
13 0 1712 1488 1936 1488
13 0 1552 1520 1568 1520
13 0 1712 1520 1936 1520
13 0 1552 1568 1568 1568
13 0 1552 1600 1568 1600
13 0 1552 1632 1568 1632
13 0 2080 1632 2160 1632
13 0 1552 1664 2160 1664
13 0 1552 1696 2160 1696
13 0 2304 1760 2384 1760
13 0 2528 1776 2832 1776
13 0 2304 1792 2384 1792
13 0 1552 1824 1568 1824
13 0 1552 1856 1568 1856
13 0 1552 1888 1568 1888
13 0 1552 1936 1568 1936
13 0 1712 1936 1936 1936
13 0 1552 1968 1568 1968
13 0 1712 1968 1936 1968
13 0 1552 2000 1568 2000
13 0 1712 2000 1936 2000
13 0 1552 2048 1568 2048
13 0 1552 2080 1568 2080
13 0 1552 2112 1568 2112
13 0 2080 2112 2160 2112
13 0 1552 2144 2160 2144
13 0 1552 2176 2160 2176
13 0 1696 2368 1920 2368
13 0 1696 2496 1920 2496
13 0 2064 2592 2144 2592
13 0 1552 2624 2144 2624
13 0 2288 2624 2384 2624
13 0 1552 2656 2144 2656
13 0 1712 912 1712 992
13 0 1712 1056 1712 1136
13 0 1712 1376 1712 1456
13 0 1712 1520 1712 1600
13 0 1712 1856 1712 1936
13 0 1712 2000 1712 2080
13 0 1920 2368 1920 2384
13 0 1920 2416 1920 2496
13 0 2064 2400 2064 2592
13 0 2080 1024 2080 1168
13 0 2080 1488 2080 1632
13 0 2080 1968 2080 2112
13 0 2304 1664 2304 1760
13 0 2304 1792 2304 2144
13 0 2384 1200 2384 1728
13 0 2384 1824 2384 2624
13 5 2832 1776 isv
13 8 2832 1776 2
13 0 2816 1776 2832 1776
13 2 2816 1776 2832 1776
13 7 2832 1776
13 8 2832 1776 0
13 8 2832 1776 0
13 0 2576 1776 2816 1776
13 2 2576 1776 2816 1776
13 0 2576 1776 2592 1776
13 5 2592 1776 isv
13 8 2592 1776 2
17 0 29
17 0 40
17 0 27
17 0 47
17 0 44
17 0 52
17 0 51
17 0 30
17 0 49
17 0 46
17 0 43
17 0 32
17 0 31
17 0 37
17 0 50
17 0 48
17 0 45
17 0 42
17 0 41
17 0 38
13 0 2016 3328 2032 3328
13 2 2016 3328 2032 3328
13 0 2016 3360 2032 3360
13 2 2016 3360 2032 3360
13 0 2016 3392 2032 3392
13 2 2016 3392 2032 3392
13 0 2016 3440 2032 3440
13 2 2016 3440 2032 3440
13 2 2176 3440 2592 3440
13 0 2016 3472 2032 3472
13 2 2016 3472 2032 3472
13 2 2176 3472 2592 3472
13 0 2016 3504 2032 3504
13 2 2016 3504 2032 3504
13 2 2176 3504 2592 3504
13 0 2016 3552 2032 3552
13 2 2016 3552 2032 3552
13 0 2016 3584 2032 3584
13 2 2016 3584 2032 3584
13 0 2016 3616 2032 3616
13 2 2016 3616 2032 3616
13 2 2736 3616 2816 3616
13 0 2016 3648 2816 3648
13 2 2016 3648 2816 3648
13 2 2960 3648 3488 3648
13 0 2016 3680 2816 3680
13 2 2016 3680 2816 3680
13 0 2016 3792 2032 3792
13 2 2016 3792 2032 3792
13 0 2016 3824 2032 3824
13 2 2016 3824 2032 3824
13 0 2016 3856 2032 3856
13 2 2016 3856 2032 3856
13 0 2016 3904 2032 3904
13 2 2016 3904 2032 3904
13 2 2176 3904 2592 3904
13 0 2016 3936 2032 3936
13 2 2016 3936 2032 3936
13 2 2176 3936 2592 3936
13 0 2016 3968 2032 3968
13 2 2016 3968 2032 3968
13 2 2176 3968 2592 3968
13 0 2016 4016 2032 4016
13 2 2016 4016 2032 4016
13 0 2016 4048 2032 4048
13 2 2016 4048 2032 4048
13 0 2016 4080 2032 4080
13 2 2016 4080 2032 4080
13 2 2736 4080 2816 4080
13 0 2016 4112 2816 4112
13 2 2016 4112 2816 4112
13 0 2016 4144 2816 4144
13 2 2016 4144 2816 4144
13 2 2960 4208 3488 4208
13 2 3632 4224 3920 4224
13 2 2960 4240 3488 4240
13 0 2016 4272 2032 4272
13 2 2016 4272 2032 4272
13 0 2016 4304 2032 4304
13 2 2016 4304 2032 4304
13 0 2016 4336 2032 4336
13 2 2016 4336 2032 4336
13 0 2016 4384 2032 4384
13 2 2016 4384 2032 4384
13 2 2176 4384 2592 4384
13 0 2016 4416 2032 4416
13 2 2016 4416 2032 4416
13 2 2176 4416 2592 4416
13 0 2016 4448 2032 4448
13 2 2016 4448 2032 4448
13 2 2176 4448 2592 4448
13 0 2016 4496 2032 4496
13 2 2016 4496 2032 4496
13 0 2016 4528 2032 4528
13 2 2016 4528 2032 4528
13 0 2016 4560 2032 4560
13 2 2016 4560 2032 4560
13 2 2736 4560 2816 4560
13 0 2016 4592 2816 4592
13 2 2016 4592 2816 4592
13 0 2016 4624 2816 4624
13 2 2016 4624 2816 4624
13 2 2160 4816 2576 4816
13 2 2160 4944 2576 4944
13 2 2720 5040 2800 5040
13 0 2016 5072 2800 5072
13 2 2016 5072 2800 5072
13 2 2944 5072 3488 5072
13 0 2016 5104 2800 5104
13 2 2016 5104 2800 5104
13 2 2176 3360 2176 3440
13 2 2176 3504 2176 3584
13 2 2176 3824 2176 3904
13 2 2176 3968 2176 4048
13 2 2176 4304 2176 4384
13 2 2176 4448 2176 4528
13 2 2576 4816 2576 4832
13 2 2576 4864 2576 4944
13 2 2720 4848 2720 5040
13 2 2736 3472 2736 3616
13 2 2736 3936 2736 4080
13 2 2736 4416 2736 4560
13 2 2960 4112 2960 4208
13 2 2960 4240 2960 4592
13 2 3488 3648 3488 4176
13 2 3488 4272 3488 5072
13 7 3920 4224
13 8 3920 4224 0
13 8 3920 4224 0
13 0 1536 3328 2016 3328
13 2 1536 3328 2016 3328
13 0 1536 3360 2016 3360
13 2 1536 3360 2016 3360
13 0 1536 3392 2016 3392
13 2 1536 3392 2016 3392
13 0 1536 3440 2016 3440
13 2 1536 3440 2016 3440
13 0 1536 3472 2016 3472
13 2 1536 3472 2016 3472
13 0 1536 3504 2016 3504
13 2 1536 3504 2016 3504
13 0 1536 3552 2016 3552
13 2 1536 3552 2016 3552
13 0 1536 3584 2016 3584
13 2 1536 3584 2016 3584
13 0 1536 3616 2016 3616
13 2 1536 3616 2016 3616
13 0 1536 3648 2016 3648
13 2 1536 3648 2016 3648
13 0 1536 3680 2016 3680
13 2 1536 3680 2016 3680
13 0 1536 3792 2016 3792
13 2 1536 3792 2016 3792
13 0 1536 3824 2016 3824
13 2 1536 3824 2016 3824
13 0 1536 3856 2016 3856
13 2 1536 3856 2016 3856
13 0 1536 3904 2016 3904
13 2 1536 3904 2016 3904
13 0 1536 3936 2016 3936
13 2 1536 3936 2016 3936
13 0 1536 3968 2016 3968
13 2 1536 3968 2016 3968
13 0 1536 4016 2016 4016
13 2 1536 4016 2016 4016
13 0 1536 4048 2016 4048
13 2 1536 4048 2016 4048
13 0 1536 4080 2016 4080
13 2 1536 4080 2016 4080
13 0 1536 4112 2016 4112
13 2 1536 4112 2016 4112
13 0 1536 4144 2016 4144
13 2 1536 4144 2016 4144
13 0 1536 4272 2016 4272
13 2 1536 4272 2016 4272
13 0 1536 4304 2016 4304
13 2 1536 4304 2016 4304
13 0 1536 4336 2016 4336
13 2 1536 4336 2016 4336
13 0 1536 4384 2016 4384
13 2 1536 4384 2016 4384
13 0 1536 4416 2016 4416
13 2 1536 4416 2016 4416
13 0 1536 4448 2016 4448
13 2 1536 4448 2016 4448
13 0 1536 4496 2016 4496
13 2 1536 4496 2016 4496
13 0 1536 4528 2016 4528
13 2 1536 4528 2016 4528
13 0 1536 4560 2016 4560
13 2 1536 4560 2016 4560
13 0 1536 4592 2016 4592
13 2 1536 4592 2016 4592
13 0 1536 4624 2016 4624
13 2 1536 4624 2016 4624
13 0 1536 4784 2016 4784
13 2 1536 4784 2016 4784
13 0 1536 4816 2016 4816
13 2 1536 4816 2016 4816
13 0 1536 4848 2016 4848
13 2 1536 4848 2016 4848
13 0 1536 4912 2016 4912
13 2 1536 4912 2016 4912
13 0 1536 4944 2016 4944
13 2 1536 4944 2016 4944
13 0 1536 4976 2016 4976
13 2 1536 4976 2016 4976
13 0 1536 5072 2016 5072
13 2 1536 5072 2016 5072
13 0 1536 5104 2016 5104
13 2 1536 5104 2016 5104
17 0 nd3 2320 4992 0
17 0 nd3 1536 4736 0
17 0 nd3 1536 4864 0
17 0 nd3 1552 3280 0
17 0 nd3 1552 3392 0
17 0 nd3 1552 3504 0
17 0 nd3 2112 3392 0
17 0 nd3 2336 3568 0
17 0 nd3 1552 3744 0
17 0 nd3 1552 3856 0
17 0 nd3 1552 3968 0
17 0 nd3 2112 3856 0
17 0 nd3 2336 4032 0
17 0 nd3 1552 4224 0
17 0 nd3 1552 4336 0
17 0 nd3 1552 4448 0
17 0 nd3 2112 4336 0
17 0 nd3 2336 4512 0
17 0 nd4 3008 4128 0
17 0 nd2 2096 4784 0
13 0 1536 3328 1552 3328
13 0 1536 3360 1552 3360
13 0 1536 3392 1552 3392
13 0 1536 3440 1552 3440
13 0 1696 3440 2112 3440
13 0 1536 3472 1552 3472
13 0 1696 3472 2112 3472
13 0 1536 3504 1552 3504
13 0 1696 3504 2112 3504
13 0 1536 3552 1552 3552
13 0 1536 3584 1552 3584
13 0 1536 3616 1552 3616
13 0 2256 3616 2336 3616
13 0 1536 3648 2336 3648
13 0 2480 3648 3008 3648
13 0 1536 3680 2336 3680
13 0 1536 3792 1552 3792
13 0 1536 3824 1552 3824
13 0 1536 3856 1552 3856
13 0 1536 3904 1552 3904
13 0 1696 3904 2112 3904
13 0 1536 3936 1552 3936
13 0 1696 3936 2112 3936
13 0 1536 3968 1552 3968
13 0 1696 3968 2112 3968
13 0 1536 4016 1552 4016
13 0 1536 4048 1552 4048
13 0 1536 4080 1552 4080
13 0 2256 4080 2336 4080
13 0 1536 4112 2336 4112
13 0 1536 4144 2336 4144
13 0 2480 4208 3008 4208
13 0 3152 4224 3440 4224
13 0 2480 4240 3008 4240
13 0 1536 4272 1552 4272
13 0 1536 4304 1552 4304
13 0 1536 4336 1552 4336
13 0 1536 4384 1552 4384
13 0 1696 4384 2112 4384
13 0 1536 4416 1552 4416
13 0 1696 4416 2112 4416
13 0 1536 4448 1552 4448
13 0 1696 4448 2112 4448
13 0 1536 4496 1552 4496
13 0 1536 4528 1552 4528
13 0 1536 4560 1552 4560
13 0 2256 4560 2336 4560
13 0 1536 4592 2336 4592
13 0 1536 4624 2336 4624
13 0 1680 4816 2096 4816
13 0 1680 4944 2096 4944
13 0 2240 5040 2320 5040
13 0 1536 5072 2320 5072
13 0 2464 5072 3008 5072
13 0 1536 5104 2320 5104
13 0 1696 3360 1696 3440
13 0 1696 3504 1696 3584
13 0 1696 3824 1696 3904
13 0 1696 3968 1696 4048
13 0 1696 4304 1696 4384
13 0 1696 4448 1696 4528
13 0 2096 4816 2096 4832
13 0 2096 4864 2096 4944
13 0 2240 4848 2240 5040
13 0 2256 3472 2256 3616
13 0 2256 3936 2256 4080
13 0 2256 4416 2256 4560
13 0 2480 4112 2480 4208
13 0 2480 4240 2480 4592
13 0 3008 3648 3008 4176
13 0 3008 4272 3008 5072
13 5 3440 4224 isv2
13 8 3440 4224 2
17 0 29
17 0 40
17 0 27
17 0 47
17 0 30
17 0 49
17 0 31
17 0 37
17 0 38
13 0 2096 3440 2112 3440
13 2 2096 3440 2112 3440
13 0 2096 3472 2112 3472
13 2 2096 3472 2112 3472
13 0 2096 3504 2112 3504
13 2 2096 3504 2112 3504
13 2 2256 3616 2336 3616
13 0 2096 3648 2336 3648
13 2 2096 3648 2336 3648
13 2 2480 3648 3008 3648
13 0 2096 3680 2336 3680
13 2 2096 3680 2336 3680
13 0 2096 3904 2112 3904
13 2 2096 3904 2112 3904
13 0 2096 3936 2112 3936
13 2 2096 3936 2112 3936
13 0 2096 3968 2112 3968
13 2 2096 3968 2112 3968
13 2 2256 4080 2336 4080
13 0 2096 4112 2336 4112
13 2 2096 4112 2336 4112
13 0 2096 4144 2336 4144
13 2 2096 4144 2336 4144
13 2 2480 4208 3008 4208
13 2 3152 4224 3440 4224
13 2 2480 4240 3008 4240
13 0 2096 4384 2112 4384
13 2 2096 4384 2112 4384
13 0 2096 4416 2112 4416
13 2 2096 4416 2112 4416
13 0 2096 4448 2112 4448
13 2 2096 4448 2112 4448
13 2 2256 4560 2336 4560
13 0 2096 4592 2336 4592
13 2 2096 4592 2336 4592
13 0 2096 4624 2336 4624
13 2 2096 4624 2336 4624
13 2 2240 5040 2320 5040
13 0 2096 5072 2320 5072
13 2 2096 5072 2320 5072
13 2 2464 5072 3008 5072
13 0 2096 5104 2320 5104
13 2 2096 5104 2320 5104
13 2 2096 4816 2096 4832
13 2 2096 4864 2096 4944
13 2 2240 4848 2240 5040
13 2 2256 3472 2256 3616
13 2 2256 3936 2256 4080
13 2 2256 4416 2256 4560
13 2 2480 4112 2480 4208
13 2 2480 4240 2480 4592
13 2 3008 3648 3008 4176
13 2 3008 4272 3008 5072
13 7 3440 4224
13 8 3440 4224 0
13 8 3440 4224 0
13 0 1856 3440 2096 3440
13 2 1856 3440 2096 3440
13 0 1856 3472 2096 3472
13 2 1856 3472 2096 3472
13 0 1856 3504 2096 3504
13 2 1856 3504 2096 3504
13 0 1856 3648 2096 3648
13 2 1856 3648 2096 3648
13 0 1856 3680 2096 3680
13 2 1856 3680 2096 3680
13 0 1856 3904 2096 3904
13 2 1856 3904 2096 3904
13 0 1856 3936 2096 3936
13 2 1856 3936 2096 3936
13 0 1856 3968 2096 3968
13 2 1856 3968 2096 3968
13 0 1856 4112 2096 4112
13 2 1856 4112 2096 4112
13 0 1856 4144 2096 4144
13 2 1856 4144 2096 4144
13 0 1856 4384 2096 4384
13 2 1856 4384 2096 4384
13 0 1856 4416 2096 4416
13 2 1856 4416 2096 4416
13 0 1856 4448 2096 4448
13 2 1856 4448 2096 4448
13 0 1856 4592 2096 4592
13 2 1856 4592 2096 4592
13 0 1856 4624 2096 4624
13 2 1856 4624 2096 4624
13 0 1856 4816 2096 4816
13 2 1856 4816 2096 4816
13 0 1856 4944 2096 4944
13 2 1856 4944 2096 4944
13 0 1856 5072 2096 5072
13 2 1856 5072 2096 5072
13 0 1856 5104 2096 5104
13 2 1856 5104 2096 5104
13 0 1776 3440 1856 3440
13 2 1776 3440 1856 3440
13 0 1776 3472 1856 3472
13 2 1776 3472 1856 3472
13 0 1776 3504 1856 3504
13 2 1776 3504 1856 3504
13 0 1776 3648 1856 3648
13 2 1776 3648 1856 3648
13 0 1776 3680 1856 3680
13 2 1776 3680 1856 3680
13 0 1776 3904 1856 3904
13 2 1776 3904 1856 3904
13 0 1776 3936 1856 3936
13 2 1776 3936 1856 3936
13 0 1776 3968 1856 3968
13 2 1776 3968 1856 3968
13 0 1776 4112 1856 4112
13 2 1776 4112 1856 4112
13 0 1776 4144 1856 4144
13 2 1776 4144 1856 4144
13 0 1776 4384 1856 4384
13 2 1776 4384 1856 4384
13 0 1776 4416 1856 4416
13 2 1776 4416 1856 4416
13 0 1776 4448 1856 4448
13 2 1776 4448 1856 4448
13 0 1776 4592 1856 4592
13 2 1776 4592 1856 4592
13 0 1776 4624 1856 4624
13 2 1776 4624 1856 4624
13 0 1776 4816 1856 4816
13 2 1776 4816 1856 4816
13 0 1776 4944 1856 4944
13 2 1776 4944 1856 4944
13 0 1776 5072 1856 5072
13 2 1776 5072 1856 5072
13 0 1776 5104 1856 5104
13 2 1776 5104 1856 5104
17 0 nd2 1776 4784 0
17 0 nd4 2688 4128 0
17 0 nd3 2016 4512 0
17 0 nd3 1792 4336 0
17 0 nd3 2016 4032 0
17 0 nd3 1792 3856 0
17 0 nd3 2016 3568 0
17 0 nd3 1792 3392 0
17 0 nd3 2000 4992 0
13 0 1776 3440 1792 3440
13 0 1776 3472 1792 3472
13 0 1776 3504 1792 3504
13 0 1936 3616 2016 3616
13 0 1776 3648 2016 3648
13 0 2160 3648 2688 3648
13 0 1776 3680 2016 3680
13 0 1776 3904 1792 3904
13 0 1776 3936 1792 3936
13 0 1776 3968 1792 3968
13 0 1936 4080 2016 4080
13 0 1776 4112 2016 4112
13 0 1776 4144 2016 4144
13 0 2160 4208 2688 4208
13 0 2832 4224 3120 4224
13 0 2160 4240 2688 4240
13 0 1776 4384 1792 4384
13 0 1776 4416 1792 4416
13 0 1776 4448 1792 4448
13 0 1936 4560 2016 4560
13 0 1776 4592 2016 4592
13 0 1776 4624 2016 4624
13 0 1920 5040 2000 5040
13 0 1776 5072 2000 5072
13 0 2144 5072 2688 5072
13 0 1776 5104 2000 5104
13 0 1776 4816 1776 4832
13 0 1776 4864 1776 4944
13 0 1920 4848 1920 5040
13 0 1936 3472 1936 3616
13 0 1936 3936 1936 4080
13 0 1936 4416 1936 4560
13 0 2160 4112 2160 4208
13 0 2160 4240 2160 4592
13 0 2688 3648 2688 4176
13 0 2688 4272 2688 5072
13 5 3120 4224 isv2
13 8 3120 4224 2
17 0 37
13 0 2656 3648 2688 3648
13 2 2656 3648 2688 3648
13 0 2656 4208 2688 4208
13 2 2656 4208 2688 4208
13 2 2832 4224 3120 4224
13 0 2656 4240 2688 4240
13 2 2656 4240 2688 4240
13 0 2656 5072 2688 5072
13 2 2656 5072 2688 5072
13 2 2688 3648 2688 4176
13 2 2688 4272 2688 5072
13 7 3120 4224
13 8 3120 4224 0
13 8 3120 4224 0
13 0 2272 3648 2656 3648
13 2 2272 3648 2656 3648
13 0 2272 4208 2656 4208
13 2 2272 4208 2656 4208
13 0 2272 4240 2656 4240
13 2 2272 4240 2656 4240
13 0 2272 5072 2656 5072
13 2 2272 5072 2656 5072
17 0 nd4 2304 4128 0
13 0 2272 3648 2304 3648
13 0 2272 4208 2304 4208
13 0 2448 4224 2736 4224
13 0 2272 4240 2304 4240
13 0 2272 5072 2304 5072
13 0 2304 3648 2304 4176
13 0 2304 4272 2304 5072
13 5 2736 4224 isv2
13 8 2736 4224 2
13 0 2704 4224 2736 4224
13 2 2704 4224 2736 4224
13 7 2736 4224
13 8 2736 4224 0
13 8 2736 4224 0
13 0 2496 4224 2704 4224
13 2 2496 4224 2704 4224
13 0 2496 4224 2528 4224
13 5 2528 4224 isv2
13 8 2528 4224 2
17 0 58
17 0 57
17 0 56
17 0 55
17 0 54
17 0 53
13 2 3952 480 4096 480
13 2 4192 480 4336 480
13 2 4448 480 4592 480
13 2 4704 480 4848 480
13 2 4944 480 5088 480
13 2 5184 480 5328 480
13 0 3952 224 3952 480
13 2 3952 224 3952 480
13 2 3952 480 3952 736
13 0 4096 480 4096 608
13 2 4096 480 4096 608
13 2 4096 608 4096 624
13 2 4096 720 4096 736
13 0 4192 224 4192 480
13 2 4192 224 4192 480
13 2 4192 480 4192 736
13 0 4336 480 4336 608
13 2 4336 480 4336 608
13 2 4336 608 4336 624
13 2 4336 720 4336 736
13 0 4448 224 4448 480
13 2 4448 224 4448 480
13 2 4448 480 4448 736
13 0 4592 480 4592 608
13 2 4592 480 4592 608
13 2 4592 608 4592 624
13 2 4592 720 4592 736
13 0 4704 224 4704 480
13 2 4704 224 4704 480
13 2 4704 480 4704 736
13 0 4848 480 4848 608
13 2 4848 480 4848 608
13 2 4848 608 4848 624
13 2 4848 720 4848 736
13 0 4944 224 4944 480
13 2 4944 224 4944 480
13 2 4944 480 4944 736
13 0 5088 480 5088 608
13 2 5088 480 5088 608
13 2 5088 608 5088 624
13 2 5088 720 5088 736
13 0 5184 224 5184 480
13 2 5184 224 5184 480
13 2 5184 480 5184 736
13 0 5328 480 5328 608
13 2 5328 480 5328 608
13 2 5328 608 5328 624
13 2 5328 720 5328 736
13 7 3952 224
13 8 3952 224 0
13 7 4192 224
13 8 4192 224 0
13 7 4448 224
13 8 4448 224 0
13 7 4704 224
13 8 4704 224 0
13 7 4944 224
13 8 4944 224 0
13 7 5184 224
13 8 5184 224 0
13 8 3952 224 0
13 8 4192 224 0
13 8 4448 224 0
13 8 4704 224 0
13 8 4944 224 0
13 8 5184 224 0
17 0 inv 3408 576 1
17 0 inv 3664 576 1
17 0 inv 3920 576 1
17 0 inv 4160 576 1
17 0 inv 3168 576 1
17 0 inv 4400 576 1
13 0 2976 448 3120 448
13 0 3216 448 3360 448
13 0 3472 448 3616 448
13 0 3728 448 3872 448
13 0 3968 448 4112 448
13 0 4208 448 4352 448
13 0 2976 192 2976 448
13 0 2976 448 2976 704
13 0 3120 448 3120 576
13 0 3120 576 3120 592
13 0 3120 688 3120 704
13 0 3216 192 3216 448
13 0 3216 448 3216 704
13 0 3360 448 3360 576
13 0 3360 576 3360 592
13 0 3360 688 3360 704
13 0 3472 192 3472 448
13 0 3472 448 3472 704
13 0 3616 448 3616 576
13 0 3616 576 3616 592
13 0 3616 688 3616 704
13 0 3728 192 3728 448
13 0 3728 448 3728 704
13 0 3872 448 3872 576
13 0 3872 576 3872 592
13 0 3872 688 3872 704
13 0 3968 192 3968 448
13 0 3968 448 3968 704
13 0 4112 448 4112 576
13 0 4112 576 4112 592
13 0 4112 688 4112 704
13 0 4208 192 4208 448
13 0 4208 448 4208 704
13 0 4352 448 4352 576
13 0 4352 576 4352 592
13 0 4352 688 4352 704
13 5 2976 192 X1
13 5 3216 192 X2
13 5 3472 192 X3
13 5 3728 192 X4
13 5 3968 192 X5
13 5 4208 192 X6
13 8 2976 192 1
13 8 3216 192 1
13 8 3472 192 1
13 8 3728 192 1
13 8 3968 192 1
13 8 4208 192 1
13 0 3008 448 3120 448
13 2 3008 448 3120 448
13 2 3120 448 3120 576
13 2 3120 576 3120 592
13 2 3120 688 3120 704
17 0 57
13 0 2992 448 3008 448
13 2 2992 448 3008 448
13 2 2976 448 2992 448
13 0 3760 448 3872 448
13 2 3760 448 3872 448
13 2 3872 448 3872 576
13 2 3872 576 3872 592
13 2 3872 688 3872 704
17 0 55
13 0 3744 448 3760 448
13 2 3744 448 3760 448
13 2 3728 448 3744 448
13 2 3216 448 3360 448
13 2 3472 448 3616 448
13 2 3968 448 4112 448
13 2 4208 448 4352 448
13 0 3216 192 3216 448
13 2 3216 192 3216 448
13 2 3216 448 3216 704
13 2 3360 448 3360 576
13 2 3360 576 3360 592
13 2 3360 688 3360 704
13 0 3472 192 3472 448
13 2 3472 192 3472 448
13 2 3472 448 3472 704
13 2 3616 448 3616 576
13 2 3616 576 3616 592
13 2 3616 688 3616 704
13 2 3728 192 3728 704
13 0 3968 192 3968 448
13 2 3968 192 3968 448
13 2 3968 448 3968 704
13 2 4112 448 4112 576
13 2 4112 576 4112 592
13 2 4112 688 4112 704
13 0 4208 192 4208 448
13 2 4208 192 4208 448
13 2 4208 448 4208 704
13 2 4352 448 4352 576
13 2 4352 576 4352 592
13 2 4352 688 4352 704
13 7 3216 192
13 8 3216 192 0
13 7 3472 192
13 8 3472 192 0
13 7 3728 192
13 8 3728 192 0
13 7 3968 192
13 8 3968 192 0
13 7 4208 192
13 8 4208 192 0
17 0 58
17 0 56
17 0 54
17 0 53
17 0 inv 4208 576 1
17 0 inv 3968 576 1
17 0 inv 3472 576 1
17 0 inv 3216 576 1
13 0 3024 448 3168 448
13 0 3280 448 3424 448
13 0 3776 448 3920 448
13 0 4016 448 4160 448
13 0 3024 192 3024 448
13 0 3024 448 3024 704
13 0 3168 448 3168 576
13 0 3168 576 3168 592
13 0 3168 688 3168 704
13 0 3280 192 3280 448
13 0 3280 448 3280 704
13 0 3424 448 3424 576
13 0 3424 576 3424 592
13 0 3424 688 3424 704
13 0 3536 192 3536 704
13 0 3776 192 3776 448
13 0 3776 448 3776 704
13 0 3920 448 3920 576
13 0 3920 576 3920 592
13 0 3920 688 3920 704
13 0 4016 192 4016 448
13 0 4016 448 4016 704
13 0 4160 448 4160 576
13 0 4160 576 4160 592
13 0 4160 688 4160 704
13 5 3024 192 X2
13 5 3280 192 X3
13 5 3536 192 X4
13 5 3776 192 X5
13 5 4016 192 X6
13 8 3216 192 1
13 8 3472 192 1
13 8 3728 192 1
13 8 3968 192 1
13 8 4208 192 1
13 8 3024 192 1
13 8 3280 192 1
13 8 3536 192 1
13 8 3776 192 1
13 8 4016 192 1
13 2 3776 448 3920 448
13 2 4016 448 4160 448
13 0 3776 192 3776 448
13 2 3776 192 3776 448
13 2 3776 448 3776 704
13 2 3920 448 3920 576
13 2 3920 576 3920 592
13 2 3920 688 3920 704
13 0 4016 192 4016 448
13 2 4016 192 4016 448
13 2 4016 448 4016 704
13 2 4160 448 4160 576
13 2 4160 576 4160 592
13 2 4160 688 4160 704
13 7 3776 192
13 8 3776 192 0
13 7 4016 192
13 8 4016 192 0
17 0 53
17 0 54
17 0 inv 4032 576 1
17 0 inv 3792 576 1
13 0 3600 448 3744 448
13 0 3840 448 3984 448
13 0 3600 192 3600 448
13 0 3600 448 3600 704
13 0 3744 448 3744 576
13 0 3744 576 3744 592
13 0 3744 688 3744 704
13 0 3840 192 3840 448
13 0 3840 448 3840 704
13 0 3984 448 3984 576
13 0 3984 576 3984 592
13 0 3984 688 3984 704
13 5 3600 192 X5
13 5 3840 192 X6
13 8 3776 192 1
13 8 4016 192 1
13 8 3600 192 1
13 8 3840 192 1
13 2 3024 448 3168 448
13 2 3280 448 3424 448
13 2 3600 448 3744 448
13 2 3840 448 3984 448
13 0 3024 192 3024 448
13 2 3024 192 3024 448
13 2 3024 448 3024 704
13 2 3168 448 3168 576
13 2 3168 576 3168 592
13 2 3168 688 3168 704
13 0 3280 192 3280 448
13 2 3280 192 3280 448
13 2 3280 448 3280 704
13 2 3424 448 3424 576
13 2 3424 576 3424 592
13 2 3424 688 3424 704
13 2 3536 192 3536 704
13 0 3600 192 3600 448
13 2 3600 192 3600 448
13 2 3600 448 3600 704
13 2 3744 448 3744 576
13 2 3744 576 3744 592
13 2 3744 688 3744 704
13 0 3840 192 3840 448
13 2 3840 192 3840 448
13 2 3840 448 3840 704
13 2 3984 448 3984 576
13 2 3984 576 3984 592
13 2 3984 688 3984 704
13 7 3024 192
13 8 3024 192 0
13 7 3280 192
13 8 3280 192 0
13 7 3536 192
13 8 3536 192 0
13 7 3600 192
13 8 3600 192 0
13 7 3840 192
13 8 3840 192 0
17 0 54
17 0 53
17 0 56
17 0 58
17 0 inv 4048 576 1
17 0 inv 3808 576 1
17 0 inv 3488 576 1
17 0 inv 3232 576 1
13 0 3040 448 3184 448
13 0 3296 448 3440 448
13 0 3616 448 3760 448
13 0 3856 448 4000 448
13 0 3040 192 3040 448
13 0 3040 448 3040 704
13 0 3184 448 3184 576
13 0 3184 576 3184 592
13 0 3184 688 3184 704
13 0 3296 192 3296 448
13 0 3296 448 3296 704
13 0 3440 448 3440 576
13 0 3440 576 3440 592
13 0 3440 688 3440 704
13 0 3552 192 3552 704
13 0 3616 192 3616 448
13 0 3616 448 3616 704
13 0 3760 448 3760 576
13 0 3760 576 3760 592
13 0 3760 688 3760 704
13 0 3856 192 3856 448
13 0 3856 448 3856 704
13 0 4000 448 4000 576
13 0 4000 576 4000 592
13 0 4000 688 4000 704
13 5 3040 192 X2
13 5 3296 192 X3
13 5 3552 192 X4
13 5 3616 192 X5
13 5 3856 192 X6
13 8 3024 192 1
13 8 3280 192 1
13 8 3536 192 1
13 8 3600 192 1
13 8 3840 192 1
13 8 3040 192 1
13 8 3296 192 1
13 8 3552 192 1
13 8 3616 192 1
13 8 3856 192 1
13 2 3440 688 3440 704
13 2 3184 688 3184 704
13 2 3184 448 3184 576
13 2 3184 576 3184 592
17 0 54
17 0 inv 3232 576 1
13 0 3184 448 3184 576
13 0 3184 576 3184 592
13 2 3184 448 3184 576
13 2 3184 576 3184 592
17 0 54
17 0 inv 3232 576 1
13 0 3184 448 3184 576
13 0 3184 576 3184 592
13 2 3760 688 3760 704
13 2 4000 688 4000 704
13 2 4000 448 4000 576
13 2 4000 576 4000 592
17 0 58
17 0 inv 4048 608 1
13 0 4000 448 4000 608
13 0 4000 608 4000 624
13 2 4000 448 4000 608
13 2 4000 608 4000 624
17 0 58
17 0 inv 4048 576 1
13 0 4000 448 4000 576
13 0 4000 576 4000 592
13 2 3184 448 3184 576
13 2 3184 576 3184 592
17 0 54
17 0 inv 3232 480 1
13 0 3184 448 3184 480
13 0 3184 480 3184 496
13 2 3440 448 3440 576
13 2 3440 576 3440 592
17 0 53
17 0 inv 3488 480 1
13 0 3440 448 3440 480
13 0 3440 480 3440 496
13 2 3760 448 3760 576
13 2 3760 576 3760 592
17 0 56
17 0 inv 3808 480 1
13 0 3760 448 3760 480
13 0 3760 480 3760 496
13 2 4000 448 4000 576
13 2 4000 576 4000 592
17 0 58
17 0 inv 4048 480 1
13 0 4000 448 4000 480
13 0 4000 480 4000 496
13 0 2976 704 2976 5328
13 0 3040 704 3040 5344
13 2 3040 448 3184 448
13 2 3184 448 3184 480
13 2 3184 480 3184 496
17 0 54
17 0 inv 3152 480 1
13 0 3056 448 3104 448
13 0 3040 448 3056 448
13 0 3104 448 3104 480
13 0 3104 480 3104 496
13 0 3104 576 3104 5344
13 2 3440 448 3440 480
13 2 3440 480 3440 496
17 0 53
17 0 inv 3488 480 1
13 0 3440 448 3440 480
13 0 3440 480 3440 496
13 2 3296 448 3440 448
13 2 3440 448 3440 480
13 2 3440 480 3440 496
17 0 53
17 0 inv 3424 480 1
13 0 3312 448 3376 448
13 0 3296 448 3312 448
13 0 3376 448 3376 480
13 0 3376 480 3376 496
13 2 3376 448 3376 480
13 2 3376 480 3376 496
17 0 53
17 0 inv 3424 480 1
13 0 3376 448 3376 480
13 0 3376 480 3376 496
13 2 3296 448 3376 448
13 0 3296 192 3296 448
13 2 3296 192 3296 448
13 2 3296 448 3296 704
13 2 3376 448 3376 480
13 2 3376 480 3376 496
17 0 53
17 0 inv 3424 480 1
13 0 3296 448 3376 448
13 0 3296 416 3296 448
13 0 3296 192 3296 416
13 0 3296 448 3296 608
13 0 3296 608 3296 704
13 0 3376 448 3376 480
13 0 3376 480 3376 496
13 2 3296 448 3376 448
13 2 3376 448 3376 480
13 2 3376 480 3376 496
17 0 53
17 0 inv 3408 480 1
13 0 3296 448 3360 448
13 0 3360 448 3360 480
13 0 3360 480 3360 496
13 2 3616 448 3760 448
13 2 3760 448 3760 480
13 2 3760 480 3760 496
17 0 56
17 0 inv 3792 480 1
13 0 3616 448 3744 448
13 0 3744 448 3744 480
13 0 3744 480 3744 496
13 2 3616 448 3744 448
13 2 3744 448 3744 480
13 2 3744 480 3744 496
17 0 56
17 0 inv 3760 480 1
13 0 3632 448 3712 448
13 0 3616 448 3632 448
13 0 3712 448 3712 480
13 0 3712 480 3712 496
13 2 3616 448 3712 448
13 2 3712 448 3712 480
13 2 3712 480 3712 496
17 0 56
17 0 inv 3744 480 1
13 0 3632 448 3696 448
13 0 3616 448 3632 448
13 0 3696 448 3696 480
13 0 3696 480 3696 496
13 2 3616 448 3696 448
13 2 3696 448 3696 480
13 2 3696 480 3696 496
17 0 56
17 0 inv 3728 480 1
13 0 3632 448 3680 448
13 0 3616 448 3632 448
13 0 3680 448 3680 480
13 0 3680 480 3680 496
13 2 3296 448 3360 448
13 2 3616 448 3680 448
13 2 3856 448 4000 448
13 0 3296 192 3296 448
13 2 3296 192 3296 448
13 2 3296 448 3296 704
13 2 3360 448 3360 480
13 2 3360 480 3360 496
13 2 3552 192 3552 704
13 0 3616 192 3616 448
13 2 3616 192 3616 448
13 2 3616 448 3616 704
13 2 3680 448 3680 480
13 2 3680 480 3680 496
13 0 3856 192 3856 448
13 2 3856 192 3856 448
13 2 3856 448 3856 704
13 2 4000 448 4000 480
13 2 4000 480 4000 496
13 7 3296 192
13 8 3296 192 0
13 7 3552 192
13 8 3552 192 0
13 7 3616 192
13 8 3616 192 0
13 7 3856 192
13 8 3856 192 0
17 0 58
17 0 56
17 0 53
17 0 inv 3920 480 1
17 0 inv 3600 480 1
17 0 inv 3280 480 1
13 0 3168 448 3232 448
13 0 3488 448 3552 448
13 0 3728 448 3872 448
13 0 3168 192 3168 448
13 0 3168 448 3168 704
13 0 3232 448 3232 480
13 0 3232 480 3232 496
13 0 3424 192 3424 704
13 0 3488 192 3488 448
13 0 3488 448 3488 704
13 0 3552 448 3552 480
13 0 3552 480 3552 496
13 0 3728 192 3728 448
13 0 3728 448 3728 704
13 0 3872 448 3872 480
13 0 3872 480 3872 496
13 5 3168 192 X3
13 5 3424 192 X4
13 5 3488 192 X5
13 5 3728 192 X6
13 8 3296 192 1
13 8 3552 192 1
13 8 3616 192 1
13 8 3856 192 1
13 8 3168 192 1
13 8 3424 192 1
13 8 3488 192 1
13 8 3728 192 1
13 2 3488 448 3552 448
13 2 3728 448 3872 448
13 2 3424 192 3424 704
13 0 3488 192 3488 448
13 2 3488 192 3488 448
13 2 3488 448 3488 704
13 2 3552 448 3552 480
13 2 3552 480 3552 496
13 0 3728 192 3728 448
13 2 3728 192 3728 448
13 2 3728 448 3728 704
13 2 3872 448 3872 480
13 2 3872 480 3872 496
13 7 3424 192
13 8 3424 192 0
13 7 3488 192
13 8 3488 192 0
13 7 3728 192
13 8 3728 192 0
17 0 53
17 0 56
17 0 inv 3792 480 1
17 0 inv 3472 480 1
13 0 3360 448 3424 448
13 0 3600 448 3744 448
13 0 3296 192 3296 704
13 0 3360 192 3360 448
13 0 3360 448 3360 704
13 0 3424 448 3424 480
13 0 3424 480 3424 496
13 0 3600 192 3600 448
13 0 3600 448 3600 704
13 0 3744 448 3744 480
13 0 3744 480 3744 496
13 5 3296 192 X4
13 5 3360 192 X5
13 5 3600 192 X6
13 8 3424 192 1
13 8 3488 192 1
13 8 3728 192 1
13 8 3296 192 1
13 8 3360 192 1
13 8 3600 192 1
13 2 3600 448 3744 448
13 0 3600 192 3600 448
13 2 3600 192 3600 448
13 2 3600 448 3600 704
13 2 3744 448 3744 480
13 2 3744 480 3744 496
13 7 3600 192
13 8 3600 192 0
17 0 56
17 0 inv 3680 480 1
13 0 3488 448 3632 448
13 0 3488 192 3488 448
13 0 3488 448 3488 704
13 0 3632 448 3632 480
13 0 3632 480 3632 496
13 5 3488 192 X6
13 8 3600 192 1
13 8 3488 192 1
13 2 3488 448 3632 448
13 2 3632 448 3632 480
13 2 3632 480 3632 496
17 0 56
17 0 inv 3632 480 1
13 0 3504 448 3584 448
13 0 3488 448 3504 448
13 0 3584 448 3584 480
13 0 3584 480 3584 496
13 2 3488 448 3584 448
13 0 3488 192 3488 448
13 2 3488 192 3488 448
13 2 3488 448 3488 704
13 2 3584 448 3584 480
13 2 3584 480 3584 496
17 0 56
17 0 inv 3632 480 1
13 0 3488 448 3584 448
13 0 3488 416 3488 448
13 0 3488 192 3488 416
13 0 3488 448 3488 592
13 0 3488 592 3488 704
13 0 3584 448 3584 480
13 0 3584 480 3584 496
13 2 3488 448 3584 448
13 2 3584 448 3584 480
13 2 3584 480 3584 496
17 0 56
17 0 inv 3616 480 1
13 0 3504 448 3568 448
13 0 3488 448 3504 448
13 0 3568 448 3568 480
13 0 3568 480 3568 496
13 2 3488 448 3568 448
13 2 3568 448 3568 480
13 2 3568 480 3568 496
17 0 56
17 0 inv 3600 480 1
13 0 3488 448 3552 448
13 0 3552 448 3552 480
13 0 3552 480 3552 496
13 0 3168 704 3168 5328
13 0 3232 576 3232 5344
13 0 3232 5344 3248 5344
13 0 3296 704 3296 5312
13 0 3296 5312 3312 5312
13 0 3360 704 3360 5312
13 0 3424 576 3424 5312
13 0 3488 704 3488 5312
13 0 3552 576 3552 5296
17 0 mux41 6320 1888 0
13 0 6320 2112 2976 2112
13 0 2976 2112 2976 2048
13 0 6320 2080 3296 2080
13 0 3296 2080 3296 1920
13 0 2976 2304 2976 2112
13 2 2976 2112 2976 2304
13 2 2976 2304 2976 5328
13 0 3296 2256 3296 2080
13 2 3296 2080 3296 2256
13 2 3296 2256 3296 5312
13 0 3296 2256 3296 5312
13 0 3296 2080 3296 2256
13 0 2976 2304 2976 5328
13 0 2976 2112 2976 2304
13 2 3296 2080 6320 2080
13 2 2976 2112 6320 2112
17 0 and4 3904 544 0
17 0 and4 3904 672 0
17 0 and4 3904 800 0
17 0 or3 4112 688 0
17 0 and3 3904 1008 0
17 0 and3 3904 1104 0
17 0 and3 3904 1200 0
17 0 and3 3904 1296 0
17 0 or4 4112 1120 0
17 0 and3 3904 1744 0
17 0 and3 3904 1648 0
17 0 and3 3904 1552 0
17 0 and3 3904 1456 0
17 0 and3 3904 1840 0
17 0 or5 4112 1616 0
17 0 and3 3904 2256 0
17 0 and3 3904 2160 0
17 0 and4 3904 2032 0
17 0 or3 4112 2160 0
13 0 4048 2128 4048 2208
13 0 4048 2208 4112 2208
13 0 4048 2240 4112 2240
13 0 4048 2336 4048 2272
13 0 4048 2272 4112 2272
13 0 4048 1728 4112 1728
13 0 4048 1824 4048 1760
13 0 4048 1760 4112 1760
13 0 4048 1920 4048 1792
13 0 4048 1792 4112 1792
13 2 4048 1792 4112 1792
13 2 4048 1824 4048 1920
13 0 4112 1792 4112 1920
13 0 4112 1920 4048 1920
13 0 4048 1632 4048 1696
13 0 4048 1696 4112 1696
13 0 4112 1664 4112 1536
13 0 4112 1536 4048 1536
13 0 4112 1232 4048 1232
13 0 4048 1232 4048 1280
13 0 4112 1264 4112 1376
13 0 4112 1376 4048 1376
13 0 4112 1200 4048 1200
13 0 4048 1200 4048 1184
13 0 4112 1168 4112 1088
13 0 4112 1088 4048 1088
13 2 4048 1088 4112 1088
13 2 4048 1200 4112 1200
13 2 4048 1232 4112 1232
13 2 4048 1376 4112 1376
13 2 4048 1184 4048 1200
13 2 4048 1232 4048 1280
13 2 4112 1088 4112 1168
13 2 4112 1264 4112 1376
17 0 66
17 0 or4 4112 1136 0
13 0 4048 1104 4112 1104
13 0 4048 1216 4112 1216
13 0 4048 1248 4112 1248
13 0 4048 1392 4112 1392
13 0 4048 1200 4048 1216
13 0 4048 1248 4048 1296
13 0 4048 1248 4048 1280
13 0 4048 1280 4048 1296
13 0 4112 1104 4112 1184
13 0 4112 1280 4112 1392
13 2 4048 1280 4048 1296
13 2 4048 1392 4112 1392
13 0 4112 1376 4112 1392
13 2 4112 1376 4112 1392
13 0 4048 1376 4112 1376
13 0 4048 1200 4048 1184
13 0 4080 1104 4112 1104
13 2 4080 1104 4112 1104
13 2 4048 1104 4080 1104
13 0 4112 1136 4112 1104
13 2 4112 1104 4112 1136
13 2 4112 1136 4112 1184
13 0 4112 1184 4112 1088
13 0 4112 1088 4048 1088
13 0 4048 768 4112 768
13 0 4112 800 4112 896
13 0 4112 896 4048 896
13 0 4112 736 4112 640
13 0 4112 640 4048 640
17 0 55
17 0 mux41 4704 2144 0
17 0 55
17 0 mux41 4704 2336 0
13 0 4704 2560 2976 2560
13 0 2976 2560 2976 2512
13 0 4704 2528 3296 2528
13 0 3296 2528 3296 2432
13 0 4704 2480 4256 2480
13 0 4256 2480 4256 2240
13 0 4704 2448 4304 2448
13 0 4304 2448 4304 2096
13 0 4304 2096 4304 1728
13 0 4304 1728 4256 1728
13 0 4704 2416 4352 2416
13 0 4352 2416 4352 2336
13 0 4352 2336 4352 1232
13 0 4352 1232 4256 1232
13 0 4704 2384 4400 2384
13 0 4400 2384 4400 2096
13 0 4400 2096 4400 768
13 0 4400 768 4256 768
13 0 3904 592 3104 592
13 0 3904 624 3168 624
13 0 3168 624 3168 608
13 0 3904 656 3424 656
13 0 3904 704 3552 704
13 0 3552 704 3552 672
13 2 3552 704 3904 704
13 0 3904 688 3552 688
13 0 3904 720 3040 720
13 0 3040 720 3040 672
13 0 3904 752 3168 752
13 0 3168 752 3168 736
13 0 3904 784 3424 784
13 0 3904 816 3488 816
13 0 3904 848 3040 848
13 0 3040 848 3040 832
13 0 3904 880 3232 880
13 0 3232 880 3232 896
13 0 3904 912 3360 912
13 0 3360 912 3360 928
13 0 3904 944 3488 944
13 0 3904 1056 3104 1056
13 0 3104 1056 3104 1008
13 0 3904 1088 3296 1088
13 0 3296 1088 3296 1072
13 2 3296 1088 3904 1088
13 0 3904 1088 3168 1088
13 0 3168 1088 3168 1072
13 0 3904 1120 3424 1120
13 0 3424 1120 3424 1104
13 0 3904 1152 3104 1152
13 0 3104 1152 3104 1104
13 0 3904 1184 3168 1184
13 0 3168 1184 3168 1168
13 0 3904 1216 3488 1216
13 0 3904 1248 3168 1248
13 0 3168 1248 3168 1216
13 0 3904 1280 3360 1280
13 0 3360 1280 3360 1264
13 0 3904 1312 3488 1312
13 0 3904 1344 3040 1344
13 0 3040 1344 3040 1296
13 0 3904 1376 3360 1376
13 0 3904 1408 3488 1408
13 0 3488 1408 3488 1392
13 0 3904 1504 3040 1504
13 0 3040 1504 3040 1472
13 0 3904 1536 3232 1536
13 0 3232 1536 3232 1600
13 0 3904 1568 3552 1568
13 0 3552 1568 3552 1584
13 0 3904 1600 3040 1600
13 0 3904 1632 3232 1632
13 0 3904 1664 3360 1664
13 0 3360 1664 3360 1648
13 0 3904 1696 3040 1696
13 0 3040 1696 3040 1664
13 0 3904 1728 3360 1728
13 0 3904 1760 3488 1760
13 0 3488 1760 3488 1744
13 0 3904 1792 3040 1792
13 0 3040 1792 3040 1760
13 0 3904 1824 3168 1824
13 0 3168 1824 3168 1792
13 0 3904 1856 3488 1856
13 0 3904 1888 3168 1888
13 0 3168 1888 3168 1856
13 0 3904 1920 3424 1920
13 0 3904 1952 3488 1952
13 0 3488 1952 3488 1984
13 0 3904 2080 3104 2080
13 0 3104 2080 3104 2048
13 0 3904 2112 3168 2112
13 0 3904 2144 3360 2144
13 0 3360 2144 3360 2176
13 0 3904 2176 3488 2176
13 0 3904 2208 3168 2208
13 0 3168 2208 3168 2240
13 0 3904 2240 3424 2240
13 0 3424 2240 3424 2256
13 0 3904 2272 3552 2272
13 0 3552 2272 3552 2288
13 0 3904 2304 3040 2304
13 0 3040 2304 3040 2336
13 0 3904 2336 3424 2336
13 0 3424 2336 3424 2352
13 0 3904 2368 3552 2368
13 0 3552 2736 3552 2368
13 2 3552 2368 3552 2736
13 2 3552 2736 3552 5296
13 0 3488 2736 3488 2176
13 2 3488 2176 3488 2736
13 2 3488 2736 3488 5312
13 0 3424 2752 3424 2336
13 2 3424 2336 3424 2752
13 2 3424 2752 3424 5312
13 0 3360 2752 3360 2144
13 2 3360 2144 3360 2752
13 2 3360 2752 3360 5312
13 0 3296 2768 3296 2528
13 2 3296 2528 3296 2768
13 2 3296 2768 3296 5312
13 0 3232 2768 3232 1632
13 2 3232 1632 3232 2768
13 2 3232 2768 3232 5344
13 0 3168 2752 3168 2208
13 2 3168 2208 3168 2752
13 2 3168 2752 3168 5328
13 0 3104 2768 3104 2080
13 2 3104 2080 3104 2768
13 2 3104 2768 3104 5344
13 0 3040 2784 3040 2304
13 2 3040 2304 3040 2784
13 2 3040 2784 3040 5344
13 0 2976 2784 2976 2560
13 2 2976 2560 2976 2784
13 2 2976 2784 2976 5328
13 2 4400 2384 4704 2384
13 2 4352 2416 4704 2416
13 2 4304 2448 4704 2448
13 2 4256 2480 4704 2480
13 2 3296 2528 4704 2528
13 2 2976 2560 4704 2560
17 0 55
17 0 mux41 4528 2336 0
13 0 4496 2384 4528 2384
13 0 4400 2384 4496 2384
13 0 4496 2416 4528 2416
13 0 4480 2416 4496 2416
13 0 4352 2416 4480 2416
13 0 4496 2448 4528 2448
13 0 4464 2448 4496 2448
13 0 4304 2448 4464 2448
13 0 4496 2480 4528 2480
13 0 4448 2480 4496 2480
13 0 4256 2480 4448 2480
13 0 4496 2528 4528 2528
13 0 4432 2528 4496 2528
13 0 3296 2528 4432 2528
13 0 4496 2560 4528 2560
13 0 4416 2560 4496 2560
13 0 2976 2560 4416 2560
13 2 4400 2384 4528 2384
13 2 4352 2416 4528 2416
13 2 4304 2448 4528 2448
13 2 4256 2480 4528 2480
13 2 3296 2528 4528 2528
13 2 2976 2560 4528 2560
17 0 55
17 0 mux41 4432 2336 0
13 0 4400 2384 4432 2384
13 0 4400 2416 4432 2416
13 0 4384 2416 4400 2416
13 0 4352 2416 4384 2416
13 0 4400 2448 4432 2448
13 0 4368 2448 4400 2448
13 0 4304 2448 4368 2448
13 0 4400 2480 4432 2480
13 0 4352 2480 4400 2480
13 0 4256 2480 4352 2480
13 0 4400 2528 4432 2528
13 0 4336 2528 4400 2528
13 0 3296 2528 4336 2528
13 0 4400 2560 4432 2560
13 0 4320 2560 4400 2560
13 0 2976 2560 4320 2560
13 0 4624 2432 4720 2432
13 5 4720 2432 isv3
13 8 4720 2432 2
13 0 3472 2528 4432 2528
13 2 3472 2528 4432 2528
13 2 3296 2528 3472 2528
13 0 3488 2560 4432 2560
13 2 3488 2560 4432 2560
13 2 2976 2560 3488 2560
13 0 3488 2560 2976 2560
13 0 3488 2560 4432 2560
13 0 3440 2560 4432 2560
13 2 3440 2560 4432 2560
13 2 2976 2560 3440 2560
13 0 4432 2560 3296 2560
13 0 3296 2560 3296 2544
13 0 3296 2544 3296 2528
13 0 4448 2528 2976 2528
13 0 2976 2528 4432 2528
13 0 4432 2528 4448 2528
13 0 2976 2528 2976 2512
13 0 2976 2544 2976 2528
13 2 2976 2528 2976 2544
13 2 2976 2544 2976 2560
13 2 4432 2528 4448 2528
13 2 2976 2528 4432 2528
17 0 55
17 0 mux41 4432 2336 0
13 0 4432 2528 2976 2528
