10 1 1
10 1 1
10 1 1
13 0 336 448 336 2480
13 0 336 2480 400 2480
13 2 336 2480 400 2480
13 2 336 448 336 2480
13 0 336 336 336 2544
13 0 336 608 480 608
13 0 480 608 480 624
13 0 480 640 480 720
13 2 480 640 480 720
13 2 480 608 480 624
13 2 336 608 480 608
13 0 336 592 480 592
13 0 480 592 480 736
17 0 inv 528 752 1
17 0 1
17 0 inv 528 736 1
13 0 480 848 480 2544
13 2 480 848 480 2544
13 0 480 832 480 2544
17 0 inv 832 752 1
13 0 640 608 784 608
13 0 640 352 640 608
13 0 640 608 640 2560
13 0 784 608 784 752
13 0 784 848 784 2560
17 0 inv 1072 752 1
13 0 880 608 1024 608
13 0 880 352 880 608
13 0 880 608 880 2560
13 0 1024 608 1024 752
13 0 1024 848 1024 2560
17 0 inv 1296 752 1
13 0 1104 608 1248 608
13 0 1104 352 1104 608
13 0 1104 608 1104 2560
13 0 1248 608 1248 752
13 0 1248 848 1248 2560
17 0 inv 1520 752 1
13 0 1328 608 1472 608
13 0 1328 352 1328 608
13 0 1328 608 1328 2560
13 0 1472 608 1472 752
13 0 1472 848 1472 2560
13 2 1472 848 1472 2560
13 2 1472 608 1472 752
13 2 1328 608 1328 2560
13 2 1328 352 1328 608
13 2 1328 608 1472 608
17 0 5
13 2 1248 848 1248 2560
13 2 1248 608 1248 752
13 2 1104 608 1104 2560
13 2 1104 352 1104 608
13 2 1104 608 1248 608
17 0 4
13 2 1024 848 1024 2560
13 2 1024 608 1024 752
13 2 880 608 880 2560
13 2 880 352 880 608
13 2 880 608 1024 608
17 0 3
13 2 784 848 784 2560
13 2 784 608 784 752
13 2 640 608 640 2560
13 2 640 352 640 608
13 2 640 608 784 608
17 0 2
17 0 inv 784 736 1
13 0 592 592 736 592
13 0 592 336 592 592
13 0 592 592 592 2544
13 0 736 592 736 736
13 0 736 832 736 2544
17 0 inv 1040 736 1
13 0 848 592 992 592
13 0 848 336 848 592
13 0 848 592 848 2544
13 0 992 592 992 736
13 0 992 832 992 2544
17 0 inv 1280 736 1
13 0 1088 592 1232 592
13 0 1088 336 1088 592
13 0 1088 592 1088 2544
13 0 1232 592 1232 736
13 0 1232 832 1232 2544
17 0 inv 288 736 1
13 0 96 592 240 592
13 0 96 336 96 592
13 0 96 592 96 2544
13 0 240 592 240 736
13 0 240 832 240 2544
17 0 inv 1520 736 1
13 0 1328 592 1472 592
13 0 1328 336 1328 592
13 0 1328 592 1328 2544
13 0 1472 592 1472 736
13 0 1472 832 1472 2544
13 5 96 336 X1
13 5 336 336 X2
13 5 592 336 X3
13 5 848 336 X4
13 5 1088 336 X5
13 5 1328 336 X6
10 1 1
13 8 96 336 1
13 8 336 336 1
13 8 592 336 1
13 8 848 336 1
13 8 1088 336 1
13 8 1328 336 1
17 0 and2 1744 592 0
17 0 and2 1744 736 0
17 0 and2 1744 880 0
17 0 and2 1744 1008 0
17 0 and2 1744 1152 0
17 0 and2 1744 1280 0
17 0 and3 1744 1456 0
17 0 and3 1744 1584 0
17 0 and3 1744 1712 0
17 0 and3 1744 1856 0
17 0 and3 1744 2000 0
17 0 and3 1744 2144 0
17 0 and3 1744 2288 0
17 0 19
17 0 18
17 0 17
17 0 16
17 0 15
17 0 14
17 0 13
17 0 12
17 0 11
17 0 10
17 0 9
17 0 8
17 0 7
17 0 and2 1760 1600 0
17 0 and2 1760 1472 0
17 0 and2 1760 1328 0
17 0 and2 1760 1200 0
17 0 and2 1760 1056 0
17 0 and2 1760 912 0
17 0 7
17 0 8
17 0 9
17 0 10
17 0 11
17 0 and2 1760 1776 0
17 0 and2 1760 1648 0
17 0 and2 1760 1504 0
17 0 and2 1760 1376 0
17 0 and2 1760 1232 0
13 0 96 832 1760 832
13 0 96 832 1472 832
13 0 96 832 1232 832
13 0 96 832 992 832
13 0 96 832 736 832
13 0 96 832 480 832
13 0 96 832 240 832
13 0 240 832 480 832
13 0 480 832 736 832
13 0 736 832 992 832
13 0 992 832 1232 832
13 0 1232 832 1472 832
13 0 1472 832 1760 832
13 0 1760 832 1760 960
13 2 1760 832 1760 960
13 2 1472 832 1760 832
13 2 1232 832 1472 832
13 2 992 832 1232 832
13 2 736 832 992 832
13 2 480 832 736 832
13 2 240 832 480 832
13 2 96 832 240 832
17 0 11
17 0 10
17 0 9
17 0 8
17 0 7
17 0 and2 1760 1600 0
17 0 and2 1760 1472 0
17 0 and2 1760 1328 0
17 0 and2 1760 1200 0
17 0 and2 1760 1056 0
10 1 101
17 0 7
17 0 8
17 0 9
17 0 10
17 0 11
17 0 12
17 0 6
17 0 5
17 0 4
17 0 3
17 0 2
17 0 1
13 2 96 592 240 592
13 2 336 592 480 592
13 2 592 592 736 592
13 2 848 592 992 592
13 2 1088 592 1232 592
13 2 1328 592 1472 592
13 0 96 336 96 592
13 2 96 336 96 592
13 2 96 592 96 2544
13 2 240 592 240 736
13 2 240 832 240 2544
13 0 336 336 336 592
13 2 336 336 336 592
13 2 336 592 336 2544
13 2 480 592 480 736
13 2 480 832 480 2544
13 0 592 336 592 592
13 2 592 336 592 592
13 2 592 592 592 2544
13 2 736 592 736 736
13 2 736 832 736 2544
13 0 848 336 848 592
13 2 848 336 848 592
13 2 848 592 848 2544
13 2 992 592 992 736
13 2 992 832 992 2544
13 0 1088 336 1088 592
13 2 1088 336 1088 592
13 2 1088 592 1088 2544
13 2 1232 592 1232 736
13 2 1232 832 1232 2544
13 0 1328 336 1328 592
13 2 1328 336 1328 592
13 2 1328 592 1328 2544
13 2 1472 592 1472 736
13 2 1472 832 1472 2544
13 7 96 336
13 8 96 336 0
13 7 336 336
13 8 336 336 0
13 7 592 336
13 8 592 336 0
13 7 848 336
13 8 848 336 0
13 7 1088 336
13 8 1088 336 0
13 7 1328 336
13 8 1328 336 0
13 8 96 336 1
13 8 336 336 1
13 8 592 336 1
13 8 848 336 1
13 8 1088 336 1
13 8 1328 336 1
10 1 1
10 1 1
10 3 1
13 0 1472 832 1472 2544
13 0 1472 592 1472 736
13 0 1328 592 1328 2544
13 0 1328 336 1328 592
13 0 1232 832 1232 2544
13 0 1232 592 1232 736
13 0 1088 592 1088 2544
13 0 1088 336 1088 592
13 0 992 832 992 2544
13 0 992 592 992 736
13 0 848 592 848 2544
13 0 848 336 848 592
13 0 736 832 736 2544
13 0 736 592 736 736
13 0 592 592 592 2544
13 0 592 336 592 592
13 0 480 832 480 2544
13 0 480 592 480 736
13 0 336 592 336 2544
13 0 336 336 336 592
13 0 240 832 240 2544
13 0 240 592 240 736
13 0 96 592 96 2544
13 0 96 336 96 592
13 0 1328 592 1472 592
13 0 1088 592 1232 592
13 0 848 592 992 592
13 0 592 592 736 592
13 0 336 592 480 592
13 0 96 592 240 592
13 5 1328 336 X6
13 5 1088 336 X5
13 5 848 336 X4
13 5 592 336 X3
13 5 336 336 X2
13 5 96 336 X1
13 8 1328 336 1
13 8 1088 336 1
13 8 848 336 1
13 8 592 336 1
13 8 336 336 1
13 8 96 336 1
17 0 and2 1760 1600 0
17 0 and2 1760 1472 0
17 0 and2 1760 1328 0
17 0 and2 1760 1200 0
17 0 and2 1760 1056 0
17 0 and2 1760 912 0
17 0 inv 1520 736 1
17 0 inv 288 736 1
17 0 inv 1280 736 1
17 0 inv 1040 736 1
17 0 inv 784 736 1
17 0 inv 528 736 1
10 1 1
10 1 1
13 0 2032 1808 2032 1392
13 0 2032 1392 1680 1392
13 0 1680 1392 1904 1392
13 0 1904 1392 2032 1392
13 2 1904 1392 2032 1392
13 2 1680 1392 1904 1392
13 2 2032 1392 2032 1808
17 0 3
17 0 2
17 0 1
17 0 and2 1760 1504 0
17 0 and2 1760 1648 0
17 0 and2 1760 1776 0
17 0 1
17 0 2
17 0 3
17 0 and2 1760 1424 0
17 0 and2 1760 1568 0
17 0 and2 1760 1696 0
17 0 and2 1760 1872 0
17 0 and2 1760 2016 0
17 0 and2 1760 2144 0
17 0 and2 1760 2304 0
17 0 and2 1760 2448 0
17 0 and2 1760 2576 0
17 0 18
17 0 or3 2048 1040 0
17 0 or3 2048 1552 0
17 0 or3 2048 2000 0
17 0 or2 2048 2368 0
17 0 or4 2368 1712 0
13 0 2368 1760 2368 1120
13 0 2368 1120 2192 1120
13 0 2368 1792 2192 1792
13 0 2192 1792 2192 1632
13 0 2192 2080 2192 1824
13 0 2192 1824 2368 1824
13 0 2368 1856 2368 2432
13 0 2368 2432 2192 2432
