10 1 1
10 1 1
10 1 1
13 8 3552 1792 2
13 2 2192 1120 2368 1120
13 2 2192 1792 2368 1792
13 2 2192 1824 2368 1824
13 2 2192 2432 2368 2432
13 2 2192 1632 2192 1792
13 2 2192 1824 2192 2080
13 2 2368 1120 2368 1760
13 2 2368 1856 2368 2432
17 0 4
17 0 5
17 0 6
17 0 3
17 0 2
17 0 1
17 0 13
17 0 14
17 0 15
17 0 16
17 0 17
17 0 18
17 0 19
17 0 20
17 0 21
17 0 22
17 0 and2 3856 1072 0
17 0 and2 3856 928 0
17 0 and2 3856 784 0
17 0 and2 3856 1296 0
17 0 and2 3856 1440 0
17 0 and2 3856 1568 0
17 0 and2 3856 1744 0
17 0 and2 3856 1888 0
17 0 and2 3856 2016 0
17 0 and2 3856 2176 0
17 0 and2 3856 2320 0
17 0 or3 4144 912 0
17 0 or3 4144 1424 0
17 0 or3 4144 1872 0
17 0 or2 4144 2240 0
17 0 or4 4464 1584 0
13 0 4288 992 4464 992
13 0 4288 1664 4464 1664
13 0 4288 1696 4464 1696
13 0 4288 2304 4464 2304
13 0 4288 1504 4288 1664
13 0 4288 1696 4288 1952
13 0 4464 992 4464 1632
13 0 4464 1728 4464 2304
17 0 and3 1792 672 0
17 0 and3 1792 800 0
17 0 and3 1792 944 0
17 0 25
17 0 24
17 0 23
17 0 and3 1792 1088 0
17 0 and3 1792 944 0
17 0 and3 1792 816 0
13 0 1792 864 336 864
13 0 336 864 336 896
17 0 22
17 0 21
17 0 20
17 0 19
17 0 18
17 0 17
17 0 16
17 0 15
17 0 14
17 0 23
17 0 24
17 0 25
13 0 1648 864 1792 864
13 2 1648 864 1792 864
13 0 1648 864 1792 864
17 0 and3 1792 1088 0
17 0 and3 1792 944 0
17 0 and3 1792 816 0
17 0 and2 3856 1072 0
17 0 and2 3856 928 0
17 0 and2 3856 784 0
17 0 and2 3856 1296 0
17 0 and2 3856 1440 0
17 0 and2 3856 1568 0
17 0 and2 3856 1744 0
17 0 and2 3856 1888 0
17 0 and2 3856 2016 0
13 2 336 864 1792 864
17 0 23
17 0 24
17 0 25
17 0 22
17 0 21
17 0 20
17 0 19
17 0 18
17 0 17
17 0 16
17 0 15
17 0 14
13 2 4288 992 4464 992
13 2 4288 1664 4464 1664
13 2 4288 1696 4464 1696
13 2 4288 2304 4464 2304
13 2 4288 1504 4288 1664
13 2 4288 1696 4288 1952
13 2 4464 992 4464 1632
13 2 4464 1728 4464 2304
17 0 13
17 0 1
17 0 2
17 0 3
17 0 6
17 0 5
17 0 4
17 0 and2 2304 2208 0
17 0 and2 2304 2352 0
17 0 or3 2592 944 0
17 0 or3 2592 1456 0
17 0 or3 2592 1904 0
17 0 or2 2592 2272 0
17 0 or4 2912 1616 0
13 0 2736 1024 2912 1024
13 0 2736 1696 2912 1696
13 0 2736 1728 2912 1728
13 0 2736 2336 2912 2336
13 0 2736 1536 2736 1696
13 0 2736 1728 2736 1984
13 0 2912 1024 2912 1664
13 0 2912 1760 2912 2336
17 0 and3 2032 784 0
17 0 and3 2032 896 0
17 0 and3 2032 1008 0
17 0 16
17 0 15
17 0 14
17 0 and3 2032 1056 0
17 0 and3 2032 944 0
17 0 and3 2032 832 0
13 0 2592 992 2176 992
13 0 2176 992 2176 912
13 0 2176 1024 2608 1024
13 0 2176 1024 2592 1024
13 0 2592 1024 2608 1024
13 0 2592 1056 2176 1056
13 0 2176 1056 2176 1136
13 0 3040 1824 3040 880
13 0 3040 880 2752 880
17 0 13
13 2 2752 880 3040 880
13 2 2736 1024 2912 1024
13 2 2736 1696 2912 1696
13 2 2736 1728 2912 1728
13 2 2736 1536 2736 1696
13 2 2736 1728 2736 1984
13 2 2912 1024 2912 1664
13 0 2912 1760 2912 2016
13 2 2912 1760 2912 2016
13 2 3040 880 3040 1824
17 0 3
17 0 2
17 0 1
13 2 2736 2336 2912 2336
13 2 2912 2016 2912 2336
17 0 4
17 0 5
17 0 and3 2816 1120 0
13 0 2736 1024 2736 1168
13 0 2736 1168 2816 1168
17 0 and3 2032 1520 0
17 0 and3 2032 1408 0
17 0 and3 2032 1296 0
17 0 and3 2816 1584 0
17 0 or3 2592 1408 0
13 0 2176 1456 2592 1456
13 0 2176 1488 2592 1488
13 0 2592 1488 2608 1488
13 0 2176 1520 2592 1520
13 0 2736 1632 2816 1632
13 0 2176 1376 2176 1456
13 0 2176 1520 2176 1600
13 0 2736 1488 2736 1632
17 0 and3 2016 2000 0
17 0 and3 2016 1888 0
17 0 and3 2016 1776 0
17 0 and3 2800 2064 0
17 0 or3 2576 1888 0
13 0 2160 1936 2576 1936
13 0 2160 1968 2576 1968
13 0 2576 1968 2592 1968
13 0 2160 2000 2576 2000
13 0 2720 2112 2800 2112
13 0 2160 1856 2160 1936
13 0 2160 2000 2160 2080
13 0 2720 1968 2720 2112
13 2 2160 1936 2576 1936
13 2 2160 1968 2576 1968
13 2 2576 1968 2592 1968
13 2 2160 2000 2576 2000
13 2 2720 1968 2720 2112
17 0 21
17 0 or3 2576 1888 0
13 0 2160 1936 2576 1936
13 0 2560 1968 2576 1968
13 0 2160 1968 2560 1968
13 0 2576 1968 2592 1968
13 0 2544 2000 2576 2000
13 0 2160 2000 2544 2000
13 0 2720 1968 2720 2000
13 0 2720 2000 2720 2112
13 0 2576 1968 2592 1968
13 2 2576 1968 2592 1968
13 2 2160 1968 2576 1968
13 0 2160 1968 2576 1968
13 0 2576 1488 2592 1488
13 2 2576 1488 2592 1488
13 2 2176 1488 2576 1488
13 2 2176 1456 2592 1456
13 2 2592 1488 2608 1488
13 2 2176 1520 2592 1520
13 2 2736 1488 2736 1632
17 0 13
17 0 or3 2592 1408 0
13 0 2176 1456 2592 1456
13 0 2592 1488 2608 1488
13 0 2576 1520 2592 1520
13 0 2176 1520 2576 1520
13 0 2736 1488 2736 1520
13 0 2736 1520 2736 1632
17 0 13
13 2 2592 1488 2608 1488
17 0 and3 2592 1408 0
13 0 2176 1488 2592 1488
17 0 13
17 0 or3 2592 1408 0
13 0 2560 1024 2592 1024
13 2 2560 1024 2592 1024
13 2 2176 1024 2560 1024
13 2 2176 992 2592 992
13 2 2592 1024 2608 1024
13 2 2176 1056 2592 1056
13 2 2736 1024 2736 1168
17 0 6
17 0 or3 2592 944 0
13 0 2176 992 2592 992
13 0 2592 1024 2608 1024
13 0 2576 1056 2592 1056
13 0 2176 1056 2576 1056
13 0 2736 1024 2736 1056
13 0 2736 1056 2736 1168
17 0 6
13 2 2592 1024 2608 1024
13 0 2608 1008 2592 1008
13 0 2592 1008 2592 1024
13 2 2592 1008 2608 1008
13 2 2592 1008 2592 1024
17 0 or3 2592 944 0
13 0 2176 1024 2592 1024
17 0 and3 2016 2288 0
17 0 and3 2016 2416 0
17 0 or2 2576 2336 0
17 0 and3 2800 2544 0
13 0 2160 2368 2576 2368
13 0 2576 2368 2576 2384
13 0 2160 2496 2576 2496
13 0 2576 2496 2576 2416
13 0 2720 2400 2720 2592
13 0 2720 2592 2800 2592
13 2 2720 2112 2800 2112
17 0 20
17 0 and3 2800 2064 0
13 0 2720 2112 2800 2112
13 2 2720 2112 2800 2112
17 0 20
17 0 and3 2816 2064 0
13 0 2720 2112 2816 2112
13 2 2720 2592 2800 2592
17 0 23
17 0 and3 2800 2544 0
13 0 2720 2592 2800 2592
17 0 or4 3488 1264 0
17 0 26
17 0 or4 3488 1680 0
13 0 2960 1200 2960 1728
13 0 2960 1200 2960 1664
13 0 2960 1664 2960 1728
13 0 2960 1728 3488 1728
13 0 3040 1728 3488 1728
13 2 3040 1728 3488 1728
13 2 2960 1728 3040 1728
13 0 2960 1584 2960 1200
13 2 2960 1200 2960 1584
13 2 2960 1584 2960 1664
13 0 2960 1680 2960 1664
13 2 2960 1664 2960 1680
13 2 2960 1680 2960 1728
17 0 3
17 0 and3 2816 1584 0
13 0 3488 1728 3488 1200
13 0 3488 1200 2960 1200
13 0 2960 1664 3152 1664
13 0 3152 1664 3152 1744
13 0 3104 1664 3152 1664
13 2 3104 1664 3152 1664
13 2 2960 1664 3104 1664
13 0 3152 1696 3152 1664
13 2 3152 1664 3152 1696
13 2 3152 1696 3152 1744
13 0 3488 1760 2960 1760
13 0 2960 1760 2960 1664
13 0 3488 1792 2960 1792
13 0 2960 1792 2960 2144
13 0 3488 1824 3488 2624
13 0 3488 2624 2944 2624
13 8 3632 1776 2
13 2 1472 832 1472 2544
13 0 1472 2896 1472 832
13 8 3632 1776 2
13 8 3632 1776 2
13 8 3632 1776 2
13 0 3632 1776 3856 1776
13 0 3856 1776 3856 1792
13 2 3856 1776 3856 1792
13 2 3632 1776 3856 1776
13 0 3632 1776 3936 1776
13 0 2032 880 480 880
13 0 2032 912 592 912
13 0 2032 944 992 944
13 0 2032 992 336 992
13 0 2032 1024 736 1024
13 0 736 1024 736 1040
13 0 2032 1056 848 1056
13 0 2032 1104 96 1104
13 0 2032 1136 592 1136
13 0 2032 1168 848 1168
13 0 2816 1200 1328 1200
13 0 2816 1232 1472 1232
13 0 2032 1344 592 1344
13 0 2032 1376 1232 1376
13 0 1232 1376 1232 1392
13 0 2032 1424 1328 1424
13 2 1328 1424 2032 1424
13 0 2032 1408 1328 1408
13 0 1328 1408 1328 1424
13 0 2032 1456 592 1456
13 0 592 1456 592 1488
13 0 2032 1488 848 1488
13 0 848 1488 848 1504
13 0 2032 1520 1328 1520
13 0 1328 1520 1328 1536
13 0 2032 1568 736 1568
13 0 736 1568 736 1520
13 0 2032 1600 848 1600
13 0 848 1600 848 1584
13 0 2032 1632 1088 1632
13 0 2816 1664 240 1664
13 0 240 1664 240 1680
13 0 2816 1696 336 1696
13 0 336 1696 336 1712
13 2 2160 1936 2576 1936
13 2 2160 1968 2576 1968
13 2 2160 2000 2576 2000
13 2 2720 2112 2816 2112
13 2 2160 1856 2160 1936
13 2 2160 2000 2160 2080
13 2 2720 1968 2720 2112
17 0 21
17 0 19
17 0 18
17 0 17
17 0 or3 2592 1888 0
17 0 and3 2032 1776 0
17 0 and3 2032 1888 0
17 0 and3 2032 2000 0
13 0 2176 1936 2592 1936
13 0 2176 1968 2592 1968
13 0 2176 2000 2592 2000
13 0 2736 2112 2752 2112
13 0 2752 2112 2816 2112
13 0 2176 1856 2176 1936
13 0 2176 2000 2176 2080
13 0 2736 1968 2736 2112
13 0 2032 1824 336 1824
13 0 336 1824 336 1792
13 0 2032 1856 736 1856
13 0 736 1856 736 1872
13 0 2032 1888 992 1888
13 0 2032 1936 96 1936
13 0 96 1936 96 1888
13 0 2032 1968 592 1968
13 0 592 1968 592 2000
13 0 2032 2000 992 2000
13 0 992 2000 992 2080
13 0 2032 2048 96 2048
13 0 2032 2080 480 2080
13 0 480 2080 480 2128
13 0 2032 2112 592 2112
13 0 2816 2144 1088 2144
13 0 1088 2144 1088 2160
13 0 2816 2176 1328 2176
13 0 1328 2176 1328 2208
13 0 2016 2336 96 2336
13 0 96 2336 96 2320
13 0 2016 2368 480 2368
13 0 480 2368 480 2432
13 0 2016 2400 992 2400
13 0 992 2400 992 2464
13 0 2016 2464 240 2464
13 0 240 2464 240 2448
13 0 2016 2496 848 2496
13 0 848 2496 848 2560
13 0 2016 2528 1328 2528
13 2 96 2336 96 2544
13 0 96 2896 96 2336
13 2 240 2464 240 2544
13 0 224 2912 224 2464
13 0 224 2464 240 2464
13 2 224 2464 224 2912
13 0 224 2896 224 2464
13 2 224 2464 224 2896
13 0 240 2896 240 2464
13 0 240 2464 224 2464
13 2 224 2464 240 2464
13 2 336 1824 336 2544
13 0 336 2896 336 1824
13 2 480 2368 480 2544
13 0 480 2896 480 2368
13 2 592 2112 592 2544
13 0 592 2896 592 2112
13 2 736 1856 736 2544
13 0 736 2896 736 1856
13 2 848 2496 848 2560
13 0 848 2896 848 2496
13 2 992 2400 992 2544
13 0 992 2896 992 2400
13 2 1088 2144 1088 2544
13 0 1088 2896 1088 2144
13 2 1232 1376 1232 2544
13 0 1232 2896 1232 1376
13 2 1328 2528 1328 2544
13 0 1328 2896 1328 2528
13 0 2800 2624 592 2624
13 0 592 2624 592 2560
13 0 2800 2656 1232 2656
13 0 1232 2656 1232 2672
13 0 1472 2672 1472 2704
13 8 3872 1776 2
13 5 3872 1776 isv
13 7 3872 1776
13 5 3936 1776 isv
13 8 3936 1776 2
13 2 1328 1200 2816 1200
13 0 1328 1200 1328 592
13 2 1328 592 1328 1200
13 2 1328 1200 1328 1408
13 0 1328 1200 1328 1408
13 0 1328 1200 1328 592
13 0 1328 1200 2816 1200
13 0 1376 1200 2816 1200
13 2 1376 1200 2816 1200
13 2 1328 1200 1376 1200
13 0 2816 1200 1232 1200
13 0 1232 1200 1232 1216
13 0 96 2752 96 2336
13 2 96 2336 96 2752
13 2 96 2752 96 2896
13 0 240 2576 240 2464
13 2 240 2464 240 2576
13 2 240 2576 240 2896
13 0 336 2512 336 1824
13 2 336 1824 336 2512
13 2 336 2512 336 2896
13 0 480 2880 480 2368
13 2 480 2368 480 2880
13 2 480 2880 480 2896
13 0 592 2816 592 2624
13 2 592 2624 592 2816
13 2 592 2816 592 2896
13 2 736 1856 736 2896
13 2 848 2496 848 2896
13 2 992 2400 992 2896
13 2 1088 2144 1088 2896
13 2 1232 2656 1232 2896
13 2 1328 2528 1328 2896
13 2 1472 1232 1472 2896
17 0 or4 3600 4160 0
17 0 and3 2928 4064 0
17 0 and3 2912 5024 0
17 0 or2 2688 4816 0
17 0 and3 2128 4896 0
17 0 and3 2128 4768 0
17 0 or3 2704 3424 0
17 0 or3 2704 4368 0
17 0 or3 2704 3888 0
17 0 and3 2928 4544 0
17 0 and3 2144 4256 0
17 0 inv 1632 3216 1
17 0 and3 2144 4368 0
17 0 and3 2144 4480 0
17 0 inv 400 3216 1
17 0 inv 1392 3216 1
17 0 and3 2144 3536 0
17 0 and3 2144 3424 0
17 0 inv 1152 3216 1
17 0 and3 2144 3776 0
17 0 and3 2144 3312 0
17 0 inv 896 3216 1
17 0 and3 2144 3888 0
17 0 inv 640 3216 1
17 0 and3 2144 4000 0
17 0 and3 2928 3600 0
13 0 208 3072 352 3072
13 0 448 3072 592 3072
13 0 704 3072 848 3072
13 0 960 3072 1104 3072
13 0 1200 3072 1344 3072
13 0 1440 3072 1584 3072
13 0 592 3360 2144 3360
13 0 704 3392 2144 3392
13 0 1104 3424 2144 3424
13 0 448 3472 2144 3472
13 0 2288 3472 2704 3472
13 0 848 3504 2144 3504
13 0 2288 3504 2704 3504
13 0 960 3536 2144 3536
13 0 2288 3536 2704 3536
13 0 208 3584 2144 3584
13 0 704 3616 2144 3616
13 0 960 3648 2144 3648
13 0 2848 3648 2928 3648
13 0 1344 3680 2928 3680
13 0 3072 3680 3600 3680
13 0 1584 3712 2928 3712
13 0 704 3824 2144 3824
13 0 1344 3856 2144 3856
13 0 1440 3888 2144 3888
13 0 704 3936 2144 3936
13 0 2288 3936 2704 3936
13 0 960 3968 2144 3968
13 0 2288 3968 2704 3968
13 0 1440 4000 2144 4000
13 0 2288 4000 2704 4000
13 0 848 4048 2144 4048
13 0 960 4080 2144 4080
13 0 1200 4112 2144 4112
13 0 2848 4112 2928 4112
13 0 352 4144 2928 4144
13 0 448 4176 2928 4176
13 0 3072 4240 3600 4240
13 0 3744 4256 4048 4256
13 0 3072 4272 3600 4272
13 0 448 4304 2144 4304
13 0 848 4336 2144 4336
13 0 1104 4368 2144 4368
13 0 208 4416 2144 4416
13 0 2288 4416 2704 4416
13 0 704 4448 2144 4448
13 0 2288 4448 2704 4448
13 0 1104 4480 2144 4480
13 0 2288 4480 2704 4480
13 0 208 4528 2144 4528
13 0 592 4560 2144 4560
13 0 704 4592 2144 4592
13 0 2848 4592 2928 4592
13 0 1200 4624 2928 4624
13 0 1440 4656 2928 4656
13 0 208 4816 2128 4816
13 0 592 4848 2128 4848
13 0 2272 4848 2688 4848
13 0 1104 4880 2128 4880
13 0 352 4944 2128 4944
13 0 960 4976 2128 4976
13 0 2272 4976 2688 4976
13 0 1440 5008 2128 5008
13 0 2832 5072 2912 5072
13 0 704 5104 2912 5104
13 0 3056 5104 3600 5104
13 0 1344 5136 2912 5136
13 0 208 2816 208 3072
13 0 208 3072 208 3584
13 0 208 3584 208 4416
13 0 208 4416 208 4528
13 0 208 4528 208 4816
13 0 352 3072 352 3216
13 0 352 3312 352 4144
13 0 352 4144 352 4944
13 0 448 2816 448 3072
13 0 448 3072 448 3472
13 0 448 3472 448 4176
13 0 448 4176 448 4304
13 0 592 3072 592 3216
13 0 592 3312 592 3360
13 0 592 3360 592 4560
13 0 592 4560 592 4848
13 0 704 2816 704 3072
13 0 704 3072 704 3392
13 0 704 3392 704 3616
13 0 704 3616 704 3824
13 0 704 3824 704 3936
13 0 704 3936 704 4448
13 0 704 4448 704 4592
13 0 704 4592 704 5104
13 0 848 3072 848 3216
13 0 848 3312 848 3504
13 0 848 3504 848 4048
13 0 848 4048 848 4336
13 0 960 2816 960 3072
13 0 960 3072 960 3536
13 0 960 3536 960 3648
13 0 960 3648 960 3968
13 0 960 3968 960 4080
13 0 960 4080 960 4976
13 0 1104 3072 1104 3216
13 0 1104 3312 1104 3424
13 0 1104 3424 1104 4368
13 0 1104 4368 1104 4480
13 0 1104 4480 1104 4880
13 0 1200 2816 1200 3072
13 0 1200 3072 1200 4112
13 0 1200 4112 1200 4624
13 0 1344 3072 1344 3216
13 0 1344 3312 1344 3680
13 0 1344 3680 1344 3856
13 0 1344 3856 1344 5136
13 0 1440 2816 1440 3072
13 0 1440 3072 1440 3888
13 0 1440 3888 1440 4000
13 0 1440 4000 1440 4656
13 0 1440 4656 1440 5008
13 0 1584 3072 1584 3216
13 0 1584 3312 1584 3712
13 0 2288 3392 2288 3472
13 0 2288 3536 2288 3616
13 0 2288 3856 2288 3936
13 0 2288 4000 2288 4080
13 0 2288 4336 2288 4416
13 0 2288 4480 2288 4560
13 0 2688 4848 2688 4864
13 0 2688 4896 2688 4976
13 0 2832 4880 2832 5072
13 0 2848 3504 2848 3648
13 0 2848 3968 2848 4112
13 0 2848 4448 2848 4592
13 0 3072 4144 3072 4240
13 0 3072 4272 3072 4624
13 0 3600 3680 3600 4208
13 0 3600 4304 3600 5104
13 5 4048 4256 isv
13 5 208 2816 X1
13 5 448 2816 X2
13 5 704 2816 X3
13 5 960 2816 X4
13 5 1200 2816 X5
13 5 1440 2816 X6
13 8 4048 4256 2
13 8 208 2816 1
13 8 448 2816 1
13 8 704 2816 1
13 8 960 2816 1
13 8 1200 2816 1
13 8 1440 2816 1
13 0 4032 4256 4048 4256
13 2 4032 4256 4048 4256
13 7 4048 4256
13 8 4048 4256 0
13 8 4048 4256 0
13 5 4032 4256 isv2
13 8 4032 4256 2
17 0 37
17 0 39
17 0 40
17 0 51
17 0 49
17 0 46
17 0 43
13 2 448 3472 2144 3472
13 2 848 3504 2144 3504
13 2 2288 3504 2704 3504
13 2 960 3536 2144 3536
17 0 44
17 0 and3 2144 3424 0
13 0 448 3472 2144 3472
13 0 2128 3504 2144 3504
13 0 848 3504 2128 3504
13 0 2288 3504 2704 3504
13 0 2112 3536 2144 3536
13 0 960 3536 2112 3536
17 0 47
17 0 44
17 0 52
17 0 28
17 0 36
17 0 29
17 0 nd3 2144 4256 0
17 0 nd3 2160 4368 0
17 0 36
17 0 nd3 2144 4368 0
17 0 nd3 2144 4480 0
17 0 nd3 2144 3776 0
17 0 nd3 2144 3888 0
17 0 nd3 2144 4000 0
17 0 nd3 2144 3312 0
17 0 nd3 2144 3424 0
17 0 nd3 2128 3536 0
17 0 49
17 0 nd3 2144 3536 0
17 0 nd3 2912 3600 0
17 0 51
17 0 nd3 2928 3600 0
17 0 nd3 2928 4064 0
17 0 nd3 2928 4544 0
17 0 nd3 2912 5024 0
17 0 32
17 0 31
17 0 nd3 2128 4768 0
17 0 nd3 2128 4896 0
17 0 33
17 0 35
17 0 34
17 0 27
17 0 30
17 0 nd3 2704 3424 0
17 0 nd3 2704 3888 0
17 0 nd3 2704 4368 0
17 0 nd4 3600 4160 0
17 0 nd2 2688 4816 0
17 0 35
17 0 nd4 3600 4160 0
17 0 43
17 0 nd3 2144 3312 0
17 0 46
17 0 nd3 2144 3424 0
17 0 49
17 0 nd3 2144 3536 0
17 0 30
17 0 nd3 2704 3424 0
17 0 51
17 0 nd3 2928 3600 0
17 0 52
17 0 nd3 2144 3776 0
17 0 44
17 0 nd3 2144 3888 0
17 0 47
17 0 nd3 2144 4000 0
17 0 27
17 0 nd3 2704 3888 0
17 0 40
17 0 nd3 2928 4064 0
17 0 29
17 0 nd3 2144 4256 0
17 0 36
17 0 nd3 2144 4368 0
17 0 28
17 0 nd3 2144 4480 0
17 0 34
17 0 nd3 2704 4368 0
17 0 39
17 0 nd3 2928 4544 0
