10 1 1
10 1 1
10 1 1
17 0 1
17 0 6
17 0 9
17 0 12
17 0 15
17 0 2
17 0 5
17 0 8
17 0 11
17 0 14
17 0 3
17 0 4
17 0 7
17 0 10
17 0 13
13 2 320 304 2256 304
13 2 352 336 1200 336
13 2 1360 336 3280 336
13 2 1392 368 2256 368
13 2 2384 368 4336 368
13 2 2416 400 3280 400
13 2 3424 400 5456 400
13 2 3456 432 4336 432
13 2 352 448 448 448
13 2 4496 464 5456 464
13 2 224 480 448 480
13 2 1392 480 1488 480
13 2 640 496 720 496
13 2 320 512 448 512
13 2 864 512 928 512
13 2 1152 512 1200 512
13 2 1200 512 1488 512
13 2 2416 512 2512 512
13 2 640 528 720 528
13 2 1680 528 1760 528
13 2 288 544 448 544
13 2 864 544 928 544
13 2 1360 544 1488 544
13 2 1904 544 1968 544
13 2 2192 544 2256 544
13 2 2256 544 2512 544
13 2 3456 544 3552 544
13 2 1696 560 1760 560
13 2 2704 560 2784 560
13 2 1328 576 1488 576
13 2 1904 576 1968 576
13 2 2384 576 2512 576
13 2 2928 576 2992 576
13 2 3216 576 3280 576
13 2 3280 576 3552 576
13 2 4496 576 4592 576
13 2 288 592 448 592
13 2 2720 592 2784 592
13 2 3744 592 3824 592
13 2 2352 608 2512 608
13 2 2928 608 2992 608
13 2 3424 608 3552 608
13 2 3968 608 4032 608
13 2 4256 608 4336 608
13 2 4336 608 4592 608
13 2 320 624 448 624
13 2 1328 624 1488 624
13 2 3760 624 3824 624
13 2 4784 624 4864 624
13 2 3392 640 3552 640
13 2 3968 640 4032 640
13 2 4464 640 4592 640
13 2 5008 640 5072 640
13 2 5296 640 5456 640
13 2 1360 656 1488 656
13 2 2352 656 2512 656
13 2 4784 656 4864 656
13 2 4432 672 4592 672
13 2 4992 672 5072 672
13 2 2400 688 2512 688
13 2 3392 688 3552 688
13 2 3424 720 3552 720
13 2 4432 720 4592 720
13 2 4464 752 4592 752
13 2 128 880 288 880
13 2 288 880 1328 880
13 2 1328 880 2352 880
13 2 2352 880 3392 880
13 2 3392 880 4432 880
13 2 128 912 320 912
13 2 320 912 1360 912
13 2 1360 912 2400 912
13 2 2400 912 3424 912
13 2 3424 912 4464 912
13 2 128 944 640 944
13 2 640 944 1696 944
13 2 1696 944 2720 944
13 2 2720 944 3760 944
13 2 3760 944 4784 944
13 2 128 976 864 976
13 2 864 976 1904 976
13 2 1904 976 2928 976
13 2 2928 976 3968 976
13 2 3968 976 4992 976
13 2 288 160 288 544
13 2 288 592 288 880
13 2 320 304 320 512
13 2 320 624 320 912
13 2 352 336 352 448
13 2 640 528 640 944
13 2 864 544 864 976
13 0 1200 144 1200 336
13 2 1200 144 1200 336
13 2 1200 336 1200 512
13 2 1328 160 1328 576
13 2 1328 624 1328 880
13 2 1360 336 1360 544
13 2 1360 656 1360 912
13 2 1392 368 1392 480
13 2 1696 560 1696 944
13 2 1904 576 1904 976
13 0 2256 128 2256 304
13 2 2256 128 2256 304
13 0 2256 304 2256 368
13 2 2256 304 2256 368
13 2 2256 368 2256 544
13 2 2352 160 2352 608
13 2 2352 656 2352 880
13 2 2384 368 2384 576
13 2 2400 688 2400 912
13 2 2416 400 2416 512
13 2 2720 592 2720 944
13 2 2928 608 2928 976
13 0 3280 160 3280 336
13 2 3280 160 3280 336
13 0 3280 336 3280 400
13 2 3280 336 3280 400
13 2 3280 400 3280 576
13 2 3392 160 3392 640
13 2 3392 688 3392 880
13 2 3424 400 3424 608
13 2 3424 720 3424 912
13 2 3456 432 3456 544
13 2 3760 624 3760 944
13 2 3968 640 3968 976
13 0 4336 160 4336 368
13 2 4336 160 4336 368
13 0 4336 368 4336 432
13 2 4336 368 4336 432
13 2 4336 432 4336 608
13 2 4432 160 4432 672
13 2 4432 720 4432 880
13 2 4464 160 4464 640
13 2 4464 752 4464 912
13 2 4496 464 4496 576
13 2 4784 656 4784 944
13 2 4992 672 4992 976
13 0 5456 160 5456 400
13 2 5456 160 5456 400
13 0 5456 400 5456 464
13 2 5456 400 5456 464
13 2 5456 464 5456 640
13 7 224 480
13 8 224 480 0
13 7 128 880
13 8 128 880 0
13 7 128 912
13 8 128 912 0
13 7 128 944
13 8 128 944 0
13 7 128 976
13 8 128 976 0
13 7 288 160
13 8 288 160 0
13 7 1200 144
13 8 1200 144 0
13 7 1328 160
13 8 1328 160 0
13 7 2256 128
13 8 2256 128 0
13 7 2352 160
13 8 2352 160 0
13 7 3280 160
13 8 3280 160 0
13 7 3392 160
13 8 3392 160 0
13 7 4336 160
13 8 4336 160 0
13 7 4432 160
13 8 4432 160 0
13 7 4464 160
13 8 4464 160 0
13 7 5456 160
13 8 5456 160 0
13 8 224 480 0
13 8 128 880 0
13 8 128 912 0
13 8 128 944 0
13 8 128 976 0
13 8 288 160 0
13 8 1200 144 0
13 8 1328 160 0
13 8 2256 128 0
13 8 2352 160 0
13 8 3280 160 0
13 8 3392 160 0
13 8 4336 160 0
13 8 4432 160 0
13 8 4464 160 0
13 8 5456 160 0
13 2 352 1296 2288 1296
13 2 384 1328 1232 1328
13 2 1392 1328 3312 1328
13 2 1424 1360 2288 1360
13 2 2416 1360 4368 1360
13 2 2448 1392 3312 1392
13 2 3456 1392 5488 1392
13 2 3488 1424 4368 1424
13 2 384 1440 480 1440
13 2 4528 1456 5488 1456
13 2 256 1472 480 1472
13 2 1424 1472 1520 1472
13 2 672 1488 752 1488
13 2 352 1504 480 1504
13 2 896 1504 960 1504
13 2 1184 1504 1232 1504
13 2 1232 1504 1520 1504
13 2 2448 1504 2544 1504
13 2 672 1520 752 1520
13 2 1712 1520 1792 1520
13 2 320 1536 480 1536
13 2 896 1536 960 1536
13 2 1392 1536 1520 1536
13 2 1936 1536 2000 1536
13 2 2224 1536 2288 1536
13 2 2288 1536 2544 1536
13 2 3488 1536 3584 1536
13 2 1728 1552 1792 1552
13 2 2736 1552 2816 1552
13 2 1360 1568 1520 1568
13 2 1936 1568 2000 1568
13 2 2416 1568 2544 1568
13 2 2960 1568 3024 1568
13 2 3248 1568 3312 1568
13 2 3312 1568 3584 1568
13 2 4528 1568 4624 1568
13 2 320 1584 480 1584
13 2 2752 1584 2816 1584
13 2 3776 1584 3856 1584
13 2 2384 1600 2544 1600
13 2 2960 1600 3024 1600
13 2 3456 1600 3584 1600
13 2 4000 1600 4064 1600
13 2 4288 1600 4368 1600
13 2 4368 1600 4624 1600
13 2 352 1616 480 1616
13 2 1360 1616 1520 1616
13 2 3792 1616 3856 1616
13 2 4816 1616 4896 1616
13 2 3424 1632 3584 1632
13 2 4000 1632 4064 1632
13 2 4496 1632 4624 1632
13 2 5040 1632 5104 1632
13 2 5328 1632 5488 1632
13 2 1392 1648 1520 1648
13 2 2384 1648 2544 1648
13 2 4816 1648 4896 1648
13 2 4464 1664 4624 1664
13 2 5024 1664 5104 1664
13 2 2432 1680 2544 1680
13 2 3424 1680 3584 1680
13 2 3456 1712 3584 1712
13 2 4464 1712 4624 1712
13 2 4496 1744 4624 1744
13 2 160 1872 320 1872
13 2 320 1872 1360 1872
13 2 1360 1872 2384 1872
13 2 2384 1872 3424 1872
13 2 3424 1872 4464 1872
13 2 160 1904 352 1904
13 2 352 1904 1392 1904
13 2 1392 1904 2432 1904
13 2 2432 1904 3456 1904
13 2 3456 1904 4496 1904
13 2 160 1936 672 1936
13 2 672 1936 1728 1936
13 2 1728 1936 2752 1936
13 2 2752 1936 3792 1936
13 2 3792 1936 4816 1936
13 2 160 1968 896 1968
13 2 896 1968 1936 1968
13 2 1936 1968 2960 1968
13 2 2960 1968 4000 1968
13 2 4000 1968 5024 1968
13 2 320 1152 320 1536
13 2 320 1584 320 1872
13 2 352 1296 352 1504
13 2 352 1616 352 1904
13 2 384 1328 384 1440
13 2 672 1520 672 1936
13 2 896 1536 896 1968
13 2 1232 1136 1232 1184
13 0 1232 1280 1232 1328
13 2 1232 1280 1232 1328
13 2 1232 1328 1232 1504
13 2 1360 1152 1360 1568
13 2 1360 1616 1360 1872
13 2 1392 1328 1392 1536
13 2 1392 1648 1392 1904
13 2 1424 1360 1424 1472
13 2 1728 1552 1728 1936
13 2 1936 1568 1936 1968
13 2 2288 1120 2288 1168
13 0 2288 1264 2288 1296
13 2 2288 1264 2288 1296
13 0 2288 1296 2288 1360
13 2 2288 1296 2288 1360
13 2 2288 1360 2288 1536
13 2 2384 1152 2384 1600
13 2 2384 1648 2384 1872
13 2 2416 1360 2416 1568
13 2 2432 1680 2432 1904
13 2 2448 1392 2448 1504
13 2 2752 1584 2752 1936
13 2 2960 1600 2960 1968
13 2 3312 1152 3312 1200
13 0 3312 1296 3312 1328
13 2 3312 1296 3312 1328
13 0 3312 1328 3312 1392
13 2 3312 1328 3312 1392
13 2 3312 1392 3312 1568
13 2 3424 1152 3424 1632
13 2 3424 1680 3424 1872
13 2 3456 1392 3456 1600
13 2 3456 1712 3456 1904
13 2 3488 1424 3488 1536
13 2 3792 1616 3792 1936
13 2 4000 1632 4000 1968
13 2 4368 1152 4368 1216
13 0 4368 1312 4368 1360
13 2 4368 1312 4368 1360
13 0 4368 1360 4368 1424
13 2 4368 1360 4368 1424
13 2 4368 1424 4368 1600
13 2 4464 1152 4464 1664
13 2 4464 1712 4464 1872
13 2 4496 1152 4496 1632
13 2 4496 1744 4496 1904
13 2 4528 1456 4528 1568
13 2 4816 1648 4816 1936
13 2 5024 1664 5024 1968
13 2 5488 1152 5488 1216
13 0 5488 1312 5488 1392
13 2 5488 1312 5488 1392
13 0 5488 1392 5488 1456
13 2 5488 1392 5488 1456
13 2 5488 1456 5488 1632
13 7 256 1472
13 8 256 1472 0
13 7 160 1872
13 8 160 1872 0
13 7 160 1904
13 8 160 1904 0
13 7 160 1936
13 8 160 1936 0
13 7 160 1968
13 8 160 1968 0
13 7 320 1152
13 8 320 1152 0
13 7 1232 1136
13 8 1232 1136 0
13 7 1360 1152
13 8 1360 1152 0
13 7 2288 1120
13 8 2288 1120 0
13 7 2384 1152
13 8 2384 1152 0
13 7 3312 1152
13 8 3312 1152 0
13 7 3424 1152
13 8 3424 1152 0
13 7 4368 1152
13 8 4368 1152 0
13 7 4464 1152
13 8 4464 1152 0
13 7 4496 1152
13 8 4496 1152 0
13 7 5488 1152
13 8 5488 1152 0
17 0 26
17 0 27
17 0 28
17 0 29
17 0 30
17 0 31
17 0 32
17 0 33
17 0 34
17 0 35
17 0 36
17 0 37
17 0 38
17 0 39
17 0 40
17 0 21
17 0 22
17 0 23
17 0 24
17 0 25
17 0 mux41 544 544 0
17 0 mux41 1584 576 0
17 0 mux41 2608 608 0
17 0 mux41 3648 640 0
17 0 mux41 4688 672 0
17 0 and2 816 592 0
17 0 and2 1856 624 0
17 0 and2 2880 656 0
17 0 and2 3920 688 0
17 0 and2 4960 720 0
17 0 fd1s3ax 1024 608 0
17 0 fd1s3ax 2064 640 0
17 0 fd1s3ax 3088 672 0
17 0 fd1s3ax 4128 704 0
17 0 fd1s3ax 5168 736 0
17 0 inv 5504 464 3
17 0 inv 4384 464 3
17 0 inv 3328 448 3
17 0 inv 2304 416 3
17 0 inv 1248 432 3
13 0 416 448 2352 448
13 0 448 480 1296 480
13 0 1456 480 3376 480
13 0 1488 512 2352 512
13 0 2480 512 4432 512
13 0 2512 544 3376 544
13 0 3520 544 5552 544
13 0 3552 576 4432 576
13 0 448 592 544 592
13 0 4592 608 5552 608
13 0 320 624 544 624
13 0 1488 624 1584 624
13 0 736 640 816 640
13 0 416 656 544 656
13 0 960 656 1024 656
13 0 1248 656 1296 656
13 0 1296 656 1584 656
13 0 2512 656 2608 656
13 0 736 672 816 672
13 0 1776 672 1856 672
13 0 384 688 544 688
13 0 960 688 1024 688
13 0 1456 688 1584 688
13 0 2000 688 2064 688
13 0 2288 688 2352 688
13 0 2352 688 2608 688
13 0 3552 688 3648 688
13 0 1792 704 1856 704
13 0 2800 704 2880 704
13 0 1424 720 1584 720
13 0 2000 720 2064 720
13 0 2480 720 2608 720
13 0 3024 720 3088 720
13 0 3312 720 3376 720
13 0 3376 720 3648 720
13 0 4592 720 4688 720
13 0 384 736 544 736
13 0 2816 736 2880 736
13 0 3840 736 3920 736
13 0 2448 752 2608 752
13 0 3024 752 3088 752
13 0 3520 752 3648 752
13 0 4064 752 4128 752
13 0 4352 752 4432 752
13 0 4432 752 4688 752
13 0 416 768 544 768
13 0 1424 768 1584 768
13 0 3856 768 3920 768
13 0 4880 768 4960 768
13 0 3488 784 3648 784
13 0 4064 784 4128 784
13 0 4560 784 4688 784
13 0 5104 784 5168 784
13 0 5392 784 5552 784
13 0 1456 800 1584 800
13 0 2448 800 2608 800
13 0 4880 800 4960 800
13 0 4528 816 4688 816
13 0 5088 816 5168 816
13 0 2496 832 2608 832
13 0 3488 832 3648 832
13 0 3520 864 3648 864
13 0 4528 864 4688 864
13 0 4560 896 4688 896
13 0 224 1024 384 1024
13 0 384 1024 1424 1024
13 0 1424 1024 2448 1024
13 0 2448 1024 3488 1024
13 0 3488 1024 4528 1024
13 0 224 1056 416 1056
13 0 416 1056 1456 1056
13 0 1456 1056 2496 1056
13 0 2496 1056 3520 1056
13 0 3520 1056 4560 1056
13 0 224 1088 736 1088
13 0 736 1088 1792 1088
13 0 1792 1088 2816 1088
13 0 2816 1088 3856 1088
13 0 3856 1088 4880 1088
13 0 224 1120 960 1120
13 0 960 1120 2000 1120
13 0 2000 1120 3024 1120
13 0 3024 1120 4064 1120
13 0 4064 1120 5088 1120
13 0 384 304 384 688
13 0 384 736 384 1024
13 0 416 448 416 656
13 0 416 768 416 1056
13 0 448 480 448 592
13 0 736 672 736 1088
13 0 960 688 960 1120
13 0 1296 288 1296 336
13 0 1296 432 1296 480
13 0 1296 480 1296 656
13 0 1424 304 1424 720
13 0 1424 768 1424 1024
13 0 1456 480 1456 688
13 0 1456 800 1456 1056
13 0 1488 512 1488 624
13 0 1792 704 1792 1088
13 0 2000 720 2000 1120
13 0 2352 272 2352 320
13 0 2352 416 2352 448
13 0 2352 448 2352 512
13 0 2352 512 2352 688
13 0 2448 304 2448 752
13 0 2448 800 2448 1024
13 0 2480 512 2480 720
13 0 2496 832 2496 1056
13 0 2512 544 2512 656
13 0 2816 736 2816 1088
13 0 3024 752 3024 1120
13 0 3376 304 3376 352
13 0 3376 448 3376 480
13 0 3376 480 3376 544
13 0 3376 544 3376 720
13 0 3488 304 3488 784
13 0 3488 832 3488 1024
13 0 3520 544 3520 752
13 0 3520 864 3520 1056
13 0 3552 576 3552 688
13 0 3856 768 3856 1088
13 0 4064 784 4064 1120
13 0 4432 304 4432 368
13 0 4432 464 4432 512
13 0 4432 512 4432 576
13 0 4432 576 4432 752
13 0 4528 304 4528 816
13 0 4528 864 4528 1024
13 0 4560 304 4560 784
13 0 4560 896 4560 1056
13 0 4592 608 4592 720
13 0 4880 800 4880 1088
13 0 5088 816 5088 1120
13 0 5552 304 5552 368
13 0 5552 464 5552 544
13 0 5552 544 5552 608
13 0 5552 608 5552 784
13 5 320 624 DR
13 5 224 1024 A0
13 5 224 1056 A1
13 5 224 1088 rst
13 5 224 1120 clk
13 5 384 304 D4
13 5 1296 288 Q4
13 5 1424 304 D3
13 5 2352 272 Q3
13 5 2448 304 D2
13 5 3376 304 Q2
13 5 3488 304 D1
13 5 4432 304 Q1
13 5 4528 304 D0
13 5 4560 304 DL
13 5 5552 304 Q0
13 8 256 1472 1
13 8 160 1872 1
13 8 160 1904 1
13 8 160 1936 1
13 8 160 1968 1
13 8 320 1152 1
13 8 1232 1136 2
13 8 1360 1152 1
13 8 2288 1120 2
13 8 2384 1152 1
13 8 3312 1152 2
13 8 3424 1152 1
13 8 4368 1152 2
13 8 4464 1152 1
13 8 4496 1152 1
13 8 5488 1152 2
13 8 320 624 1
13 8 224 1024 1
13 8 224 1056 1
13 8 224 1088 1
13 8 224 1120 1
13 8 384 304 1
13 8 1296 288 2
13 8 1424 304 1
13 8 2352 272 2
13 8 2448 304 1
13 8 3376 304 2
13 8 3488 304 1
13 8 4432 304 2
13 8 4528 304 1
13 8 4560 304 1
13 8 5552 304 2
13 2 416 448 2352 448
13 2 448 480 1296 480
13 2 1456 480 3376 480
13 2 1488 512 2352 512
13 2 2480 512 4432 512
13 2 2512 544 3376 544
13 2 3520 544 5552 544
13 2 3552 576 4432 576
13 2 448 592 544 592
13 2 4592 608 5552 608
13 2 320 624 544 624
13 2 1488 624 1584 624
13 2 736 640 816 640
13 2 416 656 544 656
13 2 960 656 1024 656
13 2 1248 656 1296 656
13 2 1296 656 1584 656
13 2 2512 656 2608 656
13 2 736 672 816 672
13 2 1776 672 1856 672
13 2 384 688 544 688
13 2 960 688 1024 688
13 2 1456 688 1584 688
13 2 2000 688 2064 688
13 2 2288 688 2352 688
13 2 2352 688 2608 688
13 2 3552 688 3648 688
13 2 1792 704 1856 704
13 2 2800 704 2880 704
13 2 1424 720 1584 720
13 2 2000 720 2064 720
13 2 2480 720 2608 720
13 2 3024 720 3088 720
13 2 3312 720 3376 720
13 2 3376 720 3648 720
13 2 4592 720 4688 720
13 2 384 736 544 736
13 2 2816 736 2880 736
13 2 3840 736 3920 736
13 2 2448 752 2608 752
13 2 3024 752 3088 752
13 2 3520 752 3648 752
13 2 4064 752 4128 752
13 2 4352 752 4432 752
13 2 4432 752 4688 752
13 2 416 768 544 768
13 2 1424 768 1584 768
13 2 3856 768 3920 768
13 2 4880 768 4960 768
13 2 3488 784 3648 784
13 2 4064 784 4128 784
13 2 4560 784 4688 784
13 2 5104 784 5168 784
13 2 5392 784 5552 784
13 2 1456 800 1584 800
13 2 2448 800 2608 800
13 2 4880 800 4960 800
13 2 4528 816 4688 816
13 2 5088 816 5168 816
13 2 2496 832 2608 832
13 2 3488 832 3648 832
13 2 3520 864 3648 864
13 2 4528 864 4688 864
13 2 4560 896 4688 896
13 2 224 1024 384 1024
13 2 384 1024 1424 1024
13 2 1424 1024 2448 1024
13 2 2448 1024 3488 1024
13 2 3488 1024 4528 1024
13 2 224 1056 416 1056
13 2 416 1056 1456 1056
13 2 1456 1056 2496 1056
13 2 2496 1056 3520 1056
13 2 3520 1056 4560 1056
13 2 224 1088 736 1088
13 2 736 1088 1792 1088
13 2 1792 1088 2816 1088
13 2 2816 1088 3856 1088
13 2 3856 1088 4880 1088
13 2 224 1120 960 1120
13 2 960 1120 2000 1120
13 2 2000 1120 3024 1120
13 2 3024 1120 4064 1120
13 2 4064 1120 5088 1120
13 2 384 304 384 688
13 2 384 736 384 1024
13 2 416 448 416 656
13 2 416 768 416 1056
13 2 448 480 448 592
13 2 736 672 736 1088
13 2 960 688 960 1120
13 2 1296 288 1296 336
13 0 1296 432 1296 480
13 2 1296 432 1296 480
13 2 1296 480 1296 656
13 2 1424 304 1424 720
13 2 1424 768 1424 1024
13 2 1456 480 1456 688
13 2 1456 800 1456 1056
13 2 1488 512 1488 624
13 2 1792 704 1792 1088
13 2 2000 720 2000 1120
13 2 2352 272 2352 320
13 0 2352 416 2352 448
13 2 2352 416 2352 448
13 0 2352 448 2352 512
13 2 2352 448 2352 512
13 2 2352 512 2352 688
13 2 2448 304 2448 752
13 2 2448 800 2448 1024
13 2 2480 512 2480 720
13 2 2496 832 2496 1056
13 2 2512 544 2512 656
13 2 2816 736 2816 1088
13 2 3024 752 3024 1120
13 2 3376 304 3376 352
13 0 3376 448 3376 480
13 2 3376 448 3376 480
13 0 3376 480 3376 544
13 2 3376 480 3376 544
13 2 3376 544 3376 720
13 2 3488 304 3488 784
13 2 3488 832 3488 1024
13 2 3520 544 3520 752
13 2 3520 864 3520 1056
13 2 3552 576 3552 688
13 2 3856 768 3856 1088
13 2 4064 784 4064 1120
13 2 4432 304 4432 368
13 0 4432 464 4432 512
13 2 4432 464 4432 512
13 0 4432 512 4432 576
13 2 4432 512 4432 576
13 2 4432 576 4432 752
13 2 4528 304 4528 816
13 2 4528 864 4528 1024
13 2 4560 304 4560 784
13 2 4560 896 4560 1056
13 2 4592 608 4592 720
13 2 4880 800 4880 1088
13 2 5088 816 5088 1120
13 2 5552 304 5552 368
13 0 5552 464 5552 544
13 2 5552 464 5552 544
13 0 5552 544 5552 608
13 2 5552 544 5552 608
13 2 5552 608 5552 784
13 7 320 624
13 8 320 624 0
13 7 224 1024
13 8 224 1024 0
13 7 224 1056
13 8 224 1056 0
13 7 224 1088
13 8 224 1088 0
13 7 224 1120
13 8 224 1120 0
13 7 384 304
13 8 384 304 0
13 7 1296 288
13 8 1296 288 0
13 7 1424 304
13 8 1424 304 0
13 7 2352 272
13 8 2352 272 0
13 7 2448 304
13 8 2448 304 0
13 7 3376 304
13 8 3376 304 0
13 7 3488 304
13 8 3488 304 0
13 7 4432 304
13 8 4432 304 0
13 7 4528 304
13 8 4528 304 0
13 7 4560 304
13 8 4560 304 0
13 7 5552 304
13 8 5552 304 0
17 0 25
17 0 24
17 0 23
17 0 22
17 0 21
17 0 40
17 0 39
17 0 38
17 0 37
17 0 36
17 0 35
17 0 34
17 0 33
17 0 32
17 0 31
17 0 30
17 0 29
17 0 28
17 0 27
17 0 26
17 0 mux41 576 704 0
17 0 mux41 1616 736 0
17 0 mux41 2640 768 0
17 0 mux41 3680 800 0
17 0 mux41 4720 832 0
17 0 and2 848 752 0
17 0 and2 1888 784 0
17 0 and2 2912 816 0
17 0 and2 3952 848 0
17 0 and2 4992 880 0
17 0 fd1s3ax 1056 768 0
17 0 fd1s3ax 2096 800 0
17 0 fd1s3ax 3120 832 0
17 0 fd1s3ax 4160 864 0
17 0 fd1s3ax 5200 896 0
17 0 inv 5536 624 3
17 0 inv 4416 624 3
17 0 inv 3360 608 3
17 0 inv 2336 576 3
17 0 inv 1280 592 3
13 0 448 608 2384 608
13 0 480 640 1328 640
13 0 1488 640 3408 640
13 0 1520 672 2384 672
13 0 2512 672 4464 672
13 0 2544 704 3408 704
13 0 3552 704 5584 704
13 0 3584 736 4464 736
13 0 480 752 576 752
13 0 4624 768 5584 768
13 0 352 784 576 784
13 0 1520 784 1616 784
13 0 768 800 848 800
13 0 448 816 576 816
13 0 992 816 1056 816
13 0 1280 816 1328 816
13 0 1328 816 1616 816
13 0 2544 816 2640 816
13 0 768 832 848 832
13 0 1808 832 1888 832
13 0 416 848 576 848
13 0 992 848 1056 848
13 0 1488 848 1616 848
13 0 2032 848 2096 848
13 0 2320 848 2384 848
13 0 2384 848 2640 848
13 0 3584 848 3680 848
13 0 1824 864 1888 864
13 0 2832 864 2912 864
13 0 1456 880 1616 880
13 0 2032 880 2096 880
13 0 2512 880 2640 880
13 0 3056 880 3120 880
13 0 3344 880 3408 880
13 0 3408 880 3680 880
13 0 4624 880 4720 880
13 0 416 896 576 896
13 0 2848 896 2912 896
13 0 3872 896 3952 896
13 0 2480 912 2640 912
13 0 3056 912 3120 912
13 0 3552 912 3680 912
13 0 4096 912 4160 912
13 0 4384 912 4464 912
13 0 4464 912 4720 912
13 0 448 928 576 928
13 0 1456 928 1616 928
13 0 3888 928 3952 928
13 0 4912 928 4992 928
13 0 3520 944 3680 944
13 0 4096 944 4160 944
13 0 4592 944 4720 944
13 0 5136 944 5200 944
13 0 5424 944 5584 944
13 0 1488 960 1616 960
13 0 2480 960 2640 960
13 0 4912 960 4992 960
13 0 4560 976 4720 976
13 0 5120 976 5200 976
13 0 2528 992 2640 992
13 0 3520 992 3680 992
13 0 3552 1024 3680 1024
13 0 4560 1024 4720 1024
13 0 4592 1056 4720 1056
13 0 256 1184 416 1184
13 0 416 1184 1456 1184
13 0 1456 1184 2480 1184
13 0 2480 1184 3520 1184
13 0 3520 1184 4560 1184
13 0 256 1216 448 1216
13 0 448 1216 1488 1216
13 0 1488 1216 2528 1216
13 0 2528 1216 3552 1216
13 0 3552 1216 4592 1216
13 0 256 1248 768 1248
13 0 768 1248 1824 1248
13 0 1824 1248 2848 1248
13 0 2848 1248 3888 1248
13 0 3888 1248 4912 1248
13 0 256 1280 992 1280
13 0 992 1280 2032 1280
13 0 2032 1280 3056 1280
13 0 3056 1280 4096 1280
13 0 4096 1280 5120 1280
13 0 416 464 416 848
13 0 416 896 416 1184
13 0 448 608 448 816
13 0 448 928 448 1216
13 0 480 640 480 752
13 0 768 832 768 1248
13 0 992 848 992 1280
13 0 1328 448 1328 496
13 0 1328 592 1328 640
13 0 1328 640 1328 816
13 0 1456 464 1456 880
13 0 1456 928 1456 1184
13 0 1488 640 1488 848
13 0 1488 960 1488 1216
13 0 1520 672 1520 784
13 0 1824 864 1824 1248
13 0 2032 880 2032 1280
13 0 2384 432 2384 480
13 0 2384 576 2384 608
13 0 2384 608 2384 672
13 0 2384 672 2384 848
13 0 2480 464 2480 912
13 0 2480 960 2480 1184
13 0 2512 672 2512 880
13 0 2528 992 2528 1216
13 0 2544 704 2544 816
13 0 2848 896 2848 1248
13 0 3056 912 3056 1280
13 0 3408 464 3408 512
13 0 3408 608 3408 640
13 0 3408 640 3408 704
13 0 3408 704 3408 880
13 0 3520 464 3520 944
13 0 3520 992 3520 1184
13 0 3552 704 3552 912
13 0 3552 1024 3552 1216
13 0 3584 736 3584 848
13 0 3888 928 3888 1248
13 0 4096 944 4096 1280
13 0 4464 464 4464 528
13 0 4464 624 4464 672
13 0 4464 672 4464 736
13 0 4464 736 4464 912
13 0 4560 464 4560 976
13 0 4560 1024 4560 1184
13 0 4592 464 4592 944
13 0 4592 1056 4592 1216
13 0 4624 768 4624 880
13 0 4912 960 4912 1248
13 0 5120 976 5120 1280
13 0 5584 464 5584 528
13 0 5584 624 5584 704
13 0 5584 704 5584 768
13 0 5584 768 5584 944
13 5 352 784 DR
13 5 256 1184 A0
13 5 256 1216 A1
13 5 256 1248 rst
13 5 256 1280 clk
13 5 416 464 D4
13 5 1328 448 Q4
13 5 1456 464 D3
13 5 2384 432 Q3
13 5 2480 464 D2
13 5 3408 464 Q2
13 5 3520 464 D1
13 5 4464 464 Q1
13 5 4560 464 D0
13 5 4592 464 DL
13 5 5584 464 Q0
13 8 320 624 1
13 8 224 1024 1
13 8 224 1056 1
13 8 224 1088 1
13 8 224 1120 1
13 8 384 304 1
13 8 1296 288 2
13 8 1424 304 1
13 8 2352 272 2
13 8 2448 304 1
13 8 3376 304 2
13 8 3488 304 1
13 8 4432 304 2
13 8 4528 304 1
13 8 4560 304 1
13 8 5552 304 2
13 8 352 784 1
13 8 256 1184 1
13 8 256 1216 1
13 8 256 1248 1
13 8 256 1280 1
13 8 416 464 1
13 8 1328 448 2
13 8 1456 464 1
13 8 2384 432 2
13 8 2480 464 1
13 8 3408 464 2
13 8 3520 464 1
13 8 4464 464 2
13 8 4560 464 1
13 8 4592 464 1
13 8 5584 464 2
