10 1 1
10 1 1
10 1 1
13 0 1200 208 1200 240
13 2 1200 208 1200 240
13 0 1200 192 1200 208
13 2 1200 192 1200 208
13 0 1200 240 1200 256
13 2 1200 240 1200 256
13 0 1200 256 1200 272
13 2 1200 256 1200 272
17 0 inv 1136 288 3
13 0 1200 272 1200 288
13 2 1200 272 1200 288
17 0 16
17 0 inv 1072 272 3
13 2 1200 160 1200 192
13 7 1200 160
13 8 1200 160 0
13 0 1200 144 1200 176
13 5 1200 144 Q4
13 8 1200 160 2
13 8 1200 144 2
17 0 16
17 0 inv 1152 288 3
13 2 1200 144 1200 176
13 0 1200 192 1200 144
13 0 2256 192 2256 272
13 2 2256 192 2256 272
13 2 2256 160 2256 192
13 7 2256 160
13 8 2256 160 0
13 0 2256 128 2256 160
13 5 2256 128 Q3
13 8 2256 160 2
13 8 2256 128 2
17 0 inv 2208 272 3
13 2 2256 128 2256 160
13 0 2256 176 2256 128
13 0 3280 192 3280 304
13 2 3280 192 3280 304
17 0 inv 3232 304 3
13 2 3280 160 3280 192
13 0 3280 208 3280 160
17 0 inv 4208 304 3
13 0 4336 192 4336 320
13 2 4336 192 4336 320
17 0 19
17 0 inv 4288 320 3
13 2 4336 160 4336 192
13 0 4336 224 4336 160
13 0 5456 320 5456 160
13 2 5456 160 5456 320
13 2 5456 320 5456 400
13 0 5456 272 5456 400
13 0 5456 272 5456 160
13 0 5456 208 5456 320
13 2 5456 208 5456 320
17 0 inv 5408 320 3
13 2 5456 160 5456 208
13 0 5456 224 5456 160
17 0 inv 5440 1312 3
17 0 inv 4320 1312 3
17 0 inv 3264 1296 3
17 0 inv 2240 1264 3
17 0 inv 1184 1280 3
17 0 mux41 480 1392 0
17 0 mux41 1520 1424 0
17 0 mux41 2544 1456 0
17 0 mux41 3584 1488 0
17 0 mux41 4624 1520 0
17 0 and2 752 1440 0
17 0 and2 1792 1472 0
17 0 and2 2816 1504 0
17 0 and2 3856 1536 0
17 0 and2 4896 1568 0
17 0 fd1s3ax 960 1456 0
17 0 fd1s3ax 2000 1488 0
17 0 fd1s3ax 3024 1520 0
17 0 fd1s3ax 4064 1552 0
17 0 fd1s3ax 5104 1584 0
13 0 352 1296 2288 1296
13 0 384 1328 1232 1328
13 0 1392 1328 3312 1328
13 0 1424 1360 2288 1360
13 0 2416 1360 4368 1360
13 0 2448 1392 3312 1392
13 0 3456 1392 5488 1392
13 0 3488 1424 4368 1424
13 0 384 1440 480 1440
13 0 4528 1456 5488 1456
13 0 256 1472 480 1472
13 0 1424 1472 1520 1472
13 0 672 1488 752 1488
13 0 352 1504 480 1504
13 0 896 1504 960 1504
13 0 1184 1504 1232 1504
13 0 1232 1504 1520 1504
13 0 2448 1504 2544 1504
13 0 672 1520 752 1520
13 0 1712 1520 1792 1520
13 0 320 1536 480 1536
13 0 896 1536 960 1536
13 0 1392 1536 1520 1536
13 0 1936 1536 2000 1536
13 0 2224 1536 2288 1536
13 0 2288 1536 2544 1536
13 0 3488 1536 3584 1536
13 0 1728 1552 1792 1552
13 0 2736 1552 2816 1552
13 0 1360 1568 1520 1568
13 0 1936 1568 2000 1568
13 0 2416 1568 2544 1568
13 0 2960 1568 3024 1568
13 0 3248 1568 3312 1568
13 0 3312 1568 3584 1568
13 0 4528 1568 4624 1568
13 0 320 1584 480 1584
13 0 2752 1584 2816 1584
13 0 3776 1584 3856 1584
13 0 2384 1600 2544 1600
13 0 2960 1600 3024 1600
13 0 3456 1600 3584 1600
13 0 4000 1600 4064 1600
13 0 4288 1600 4368 1600
13 0 4368 1600 4624 1600
13 0 352 1616 480 1616
13 0 1360 1616 1520 1616
13 0 3792 1616 3856 1616
13 0 4816 1616 4896 1616
13 0 3424 1632 3584 1632
13 0 4000 1632 4064 1632
13 0 4496 1632 4624 1632
13 0 5040 1632 5104 1632
13 0 5328 1632 5488 1632
13 0 1392 1648 1520 1648
13 0 2384 1648 2544 1648
13 0 4816 1648 4896 1648
13 0 4464 1664 4624 1664
13 0 5024 1664 5104 1664
13 0 2432 1680 2544 1680
13 0 3424 1680 3584 1680
13 0 3456 1712 3584 1712
13 0 4464 1712 4624 1712
13 0 4496 1744 4624 1744
13 0 160 1872 320 1872
13 0 320 1872 1360 1872
13 0 1360 1872 2384 1872
13 0 2384 1872 3424 1872
13 0 3424 1872 4464 1872
13 0 160 1904 352 1904
13 0 352 1904 1392 1904
13 0 1392 1904 2432 1904
13 0 2432 1904 3456 1904
13 0 3456 1904 4496 1904
13 0 160 1936 672 1936
13 0 672 1936 1728 1936
13 0 1728 1936 2752 1936
13 0 2752 1936 3792 1936
13 0 3792 1936 4816 1936
13 0 160 1968 896 1968
13 0 896 1968 1936 1968
13 0 1936 1968 2960 1968
13 0 2960 1968 4000 1968
13 0 4000 1968 5024 1968
13 0 320 1152 320 1536
13 0 320 1584 320 1872
13 0 352 1296 352 1504
13 0 352 1616 352 1904
13 0 384 1328 384 1440
13 0 672 1520 672 1936
13 0 896 1536 896 1968
13 0 1232 1136 1232 1184
13 0 1232 1280 1232 1328
13 0 1232 1328 1232 1504
13 0 1360 1152 1360 1568
13 0 1360 1616 1360 1872
13 0 1392 1328 1392 1536
13 0 1392 1648 1392 1904
13 0 1424 1360 1424 1472
13 0 1728 1552 1728 1936
13 0 1936 1568 1936 1968
13 0 2288 1120 2288 1168
13 0 2288 1264 2288 1296
13 0 2288 1296 2288 1360
13 0 2288 1360 2288 1536
13 0 2384 1152 2384 1600
13 0 2384 1648 2384 1872
13 0 2416 1360 2416 1568
13 0 2432 1680 2432 1904
13 0 2448 1392 2448 1504
13 0 2752 1584 2752 1936
13 0 2960 1600 2960 1968
13 0 3312 1152 3312 1200
13 0 3312 1296 3312 1328
13 0 3312 1328 3312 1392
13 0 3312 1392 3312 1568
13 0 3424 1152 3424 1632
13 0 3424 1680 3424 1872
13 0 3456 1392 3456 1600
13 0 3456 1712 3456 1904
13 0 3488 1424 3488 1536
13 0 3792 1616 3792 1936
13 0 4000 1632 4000 1968
13 0 4368 1152 4368 1216
13 0 4368 1312 4368 1360
13 0 4368 1360 4368 1424
13 0 4368 1424 4368 1600
13 0 4464 1152 4464 1664
13 0 4464 1712 4464 1872
13 0 4496 1152 4496 1632
13 0 4496 1744 4496 1904
13 0 4528 1456 4528 1568
13 0 4816 1648 4816 1936
13 0 5024 1664 5024 1968
13 0 5488 1152 5488 1216
13 0 5488 1312 5488 1392
13 0 5488 1392 5488 1456
13 0 5488 1456 5488 1632
13 5 256 1472 DR
13 5 160 1872 A0
13 5 160 1904 A1
13 5 160 1936 rst
13 5 160 1968 clk
13 5 320 1152 D4
13 5 1232 1136 Q4
13 5 1360 1152 D3
13 5 2288 1120 Q3
13 5 2384 1152 D2
13 5 3312 1152 Q2
13 5 3424 1152 D1
13 5 4368 1152 Q1
13 5 4464 1152 D0
13 5 4496 1152 DL
13 5 5488 1152 Q0
13 8 256 1472 1
13 8 160 1872 1
13 8 160 1904 1
13 8 160 1936 1
13 8 160 1968 1
13 8 320 1152 1
13 8 1232 1136 2
13 8 1360 1152 1
13 8 2288 1120 2
13 8 2384 1152 1
13 8 3312 1152 2
13 8 3424 1152 1
13 8 4368 1152 2
13 8 4464 1152 1
13 8 4496 1152 1
13 8 5488 1152 2
17 0 16
13 2 1200 288 1200 336
13 0 1200 192 1200 336
17 0 17
13 2 2256 272 2256 304
13 0 2256 176 2256 304
17 0 18
13 2 3280 304 3280 336
13 0 3280 208 3280 336
17 0 19
13 2 4336 320 4336 368
13 0 4336 240 4336 368
13 2 4336 240 4336 368
13 0 4336 224 4336 368
17 0 20
13 2 5456 320 5456 400
13 0 5456 224 5456 400
