10 1 1
10 1 1
10 1 1
10 1 101
10 1 1
10 1 1
10 3 1
10 1 1
10 1 1
17 0 mux41 2400 1520 0
17 0 and2 2672 1568 0
17 0 fd1s3ax 2880 1584 0
13 0 2592 1616 2672 1616
13 0 2816 1632 2880 1632
13 0 2400 1600 2176 1600
13 0 2400 1664 2240 1664
13 0 2240 1664 2240 1280
13 0 2400 1632 2272 1632
13 0 2272 1632 2272 1408
13 0 2400 1568 2304 1568
13 0 2304 1568 2304 1456
13 0 2304 1456 2656 1456
13 2 2304 1456 2656 1456
13 2 2304 1568 2400 1568
13 2 2176 1600 2400 1600
13 2 2592 1616 2672 1616
13 2 2272 1632 2400 1632
13 2 2816 1632 2880 1632
13 2 2240 1664 2400 1664
13 2 2240 1280 2240 1664
13 2 2272 1408 2272 1632
13 2 2304 1456 2304 1568
17 0 3
17 0 2
17 0 1
17 0 fd1s3ax 1872 432 0
17 0 and2 1664 416 0
17 0 mux41 1392 368 0
13 0 1296 304 1648 304
13 0 1296 416 1392 416
13 0 1168 448 1392 448
13 0 1584 464 1664 464
13 0 1264 480 1392 480
13 0 1808 480 1872 480
13 0 1232 512 1392 512
13 0 1232 128 1232 512
13 0 1264 256 1264 480
13 0 1296 304 1296 416
13 2 1296 304 1648 304
13 2 1296 416 1392 416
13 2 1168 448 1392 448
13 2 1584 464 1664 464
13 2 1264 480 1392 480
13 2 1808 480 1872 480
13 2 1232 512 1392 512
13 2 1232 128 1232 512
13 2 1264 256 1264 480
13 2 1296 304 1296 416
17 0 1
17 0 2
17 0 3
17 0 fd1s3ax 928 464 0
17 0 and2 720 448 0
17 0 mux41 448 400 0
13 0 352 336 704 336
13 0 352 448 448 448
13 0 224 480 448 480
13 0 640 496 720 496
13 0 320 512 448 512
13 0 864 512 928 512
13 0 288 544 448 544
13 0 288 160 288 544
13 0 320 288 320 512
13 0 352 336 352 448
17 0 fd1s3ax 1968 496 0
17 0 and2 1760 480 0
17 0 mux41 1488 432 0
13 0 1392 368 1744 368
13 0 1392 480 1488 480
13 0 1264 512 1488 512
13 0 1680 528 1760 528
13 0 1360 544 1488 544
13 0 1904 544 1968 544
13 0 1328 576 1488 576
13 0 1328 192 1328 576
13 0 1360 320 1360 544
13 0 1392 368 1392 480
17 0 fd1s3ax 2992 528 0
17 0 and2 2784 512 0
17 0 mux41 2512 464 0
13 0 2416 400 2768 400
13 0 2416 512 2512 512
13 0 2288 544 2512 544
13 0 2704 560 2784 560
13 0 2384 576 2512 576
13 0 2928 576 2992 576
13 0 2352 608 2512 608
13 0 2352 224 2352 608
13 0 2384 352 2384 576
13 0 2416 400 2416 512
17 0 fd1s3ax 4032 560 0
17 0 and2 3824 544 0
17 0 mux41 3552 496 0
13 0 3456 432 3808 432
13 0 3456 544 3552 544
13 0 3328 576 3552 576
13 0 3744 592 3824 592
13 0 3424 608 3552 608
13 0 3968 608 4032 608
13 0 3392 640 3552 640
13 0 3392 256 3392 640
13 0 3424 384 3424 608
13 0 3456 432 3456 544
17 0 fd1s3ax 5072 592 0
17 0 and2 4864 576 0
17 0 mux41 4592 528 0
13 0 4496 464 4848 464
13 0 4496 576 4592 576
13 0 4368 608 4592 608
13 0 4784 624 4864 624
13 0 4464 640 4592 640
13 0 5008 640 5072 640
13 0 4432 672 4592 672
13 0 4432 288 4432 672
13 0 4464 416 4464 640
13 0 4496 464 4496 576
13 0 1264 512 1152 512
13 0 1200 512 1200 160
13 0 704 336 1200 336
13 0 1200 336 1200 320
13 0 448 592 288 592
13 0 288 592 288 768
13 0 288 768 128 768
13 0 128 768 912 768
13 0 448 624 320 624
13 0 320 624 320 800
13 0 320 800 128 800
13 0 128 800 912 800
13 0 128 832 928 832
13 0 128 864 960 864
13 0 720 528 640 528
13 0 640 528 640 832
13 0 928 544 864 544
13 0 864 544 864 864
13 2 320 288 320 512
13 0 320 304 320 512
13 0 320 304 1264 304
13 0 912 768 2096 768
13 0 912 800 2112 800
13 0 2112 800 2112 816
13 0 928 832 2112 832
13 0 2112 832 2112 816
13 0 960 864 2128 864
13 0 1488 640 1392 640
13 0 1392 640 1392 768
13 2 1392 640 1392 768
13 2 1392 640 1488 640
13 0 1488 624 1360 624
13 0 1360 624 1360 768
13 0 1488 656 1392 656
13 0 1392 656 1392 800
13 0 2112 816 2112 800
13 2 2112 800 2112 816
13 2 2112 816 2112 832
13 0 1760 560 1696 560
13 0 1696 560 1696 832
13 0 1968 576 1904 576
13 0 1904 576 1904 864
13 0 1360 672 1360 624
13 2 1360 624 1360 672
13 2 1360 672 1360 768
13 0 1328 672 1328 768
13 0 1328 768 1360 768
13 0 1328 672 1328 624
13 0 1328 624 1360 624
13 0 1392 704 1392 656
13 2 1392 656 1392 704
13 2 1392 704 1392 800
13 0 1360 704 1360 800
13 0 1360 800 1392 800
13 0 1360 704 1360 656
13 0 1360 656 1392 656
13 0 2064 768 2096 768
13 2 2064 768 2096 768
13 2 1328 768 2064 768
13 0 2096 768 1328 768
13 2 1328 768 2096 768
13 0 3952 768 1328 768
13 2 1328 768 3952 768
13 0 1328 768 2096 768
13 2 128 768 288 768
13 2 288 768 1328 768
13 2 1328 768 2096 768
13 2 128 800 320 800
13 2 320 800 1360 800
13 2 1360 800 2112 800
13 2 128 832 640 832
13 2 640 832 1696 832
13 2 1696 832 2112 832
13 2 128 864 864 864
13 2 864 864 1904 864
13 2 1904 864 2128 864
13 2 288 592 288 768
13 2 320 624 320 800
13 2 640 528 640 832
13 2 864 544 864 864
13 2 1328 624 1328 768
13 2 1360 656 1360 800
13 2 1696 560 1696 832
13 2 1904 576 1904 864
13 0 128 880 288 880
13 0 288 880 1328 880
13 0 1328 880 2096 880
13 0 128 912 320 912
13 0 320 912 1360 912
13 0 1360 912 2112 912
13 0 128 944 640 944
13 0 640 944 1696 944
13 0 1696 944 2112 944
13 0 128 976 864 976
13 0 864 976 1904 976
13 0 1904 976 2128 976
13 0 288 832 288 880
13 0 288 592 288 832
13 0 320 832 320 912
13 0 320 816 320 832
13 0 320 624 320 816
13 0 640 832 640 944
13 0 640 800 640 832
13 0 640 528 640 800
13 0 864 832 864 976
13 0 864 784 864 832
13 0 864 544 864 784
13 0 1328 832 1328 880
13 0 1328 768 1328 832
13 0 1328 624 1328 768
13 0 1360 832 1360 912
13 0 1360 752 1360 832
13 0 1360 656 1360 752
13 0 1696 832 1696 944
13 0 1696 736 1696 832
13 0 1696 560 1696 736
13 0 1904 832 1904 976
13 0 1904 720 1904 832
13 0 1904 576 1904 720
13 2 1328 880 2096 880
13 0 5744 880 1328 880
13 0 2096 912 2112 912
13 2 2096 912 2112 912
13 2 1360 912 2096 912
13 0 2112 912 1360 912
13 2 1360 912 2112 912
13 0 5744 912 1360 912
13 2 1696 944 2112 944
13 0 5744 944 1696 944
13 2 1904 976 2128 976
13 0 5744 976 1904 976
13 0 2512 672 2352 672
13 0 2352 672 2352 880
13 2 2352 672 2352 880
13 2 2352 672 2512 672
13 0 2512 656 2352 656
13 0 2352 656 2352 880
13 0 2512 688 2400 688
13 0 2400 688 2400 880
13 0 2784 592 2720 592
13 0 2720 592 2720 944
13 0 2400 784 2400 688
13 2 2400 688 2400 784
13 2 2400 784 2400 880
13 0 2400 688 2400 912
13 0 2992 608 2928 608
13 0 2928 608 2928 976
13 0 2192 544 2288 544
13 0 3216 576 3328 576
13 0 3552 688 3392 688
13 0 3392 688 3392 880
13 0 3552 720 3440 720
13 0 3440 720 3440 912
13 0 3824 624 3760 624
13 0 3760 624 3760 944
13 0 4032 640 3968 640
13 0 3968 640 3968 976
13 0 4256 608 4368 608
13 0 4592 720 4432 720
13 0 4432 720 4432 880
13 0 4592 752 4464 752
13 0 4464 752 4464 912
13 0 3440 832 3440 720
13 2 3440 720 3440 832
13 2 3440 832 3440 912
13 0 3424 832 3424 912
13 0 3424 912 3440 912
13 0 3424 832 3424 720
13 0 3424 720 3440 720
13 0 4880 656 4784 656
13 0 4784 656 4864 656
13 0 4864 656 4880 656
13 0 4784 656 4784 944
13 0 5072 672 4992 672
13 0 4992 672 4992 976
13 2 1328 192 1328 576
13 0 1328 176 1328 576
13 2 1328 176 1328 576
13 0 1328 160 1328 576
13 0 1264 304 2256 304
13 0 2256 304 2256 544
13 0 2256 304 2256 160
13 0 1744 368 2256 368
13 2 1360 320 1360 544
13 0 1360 336 1360 544
13 0 1360 336 2736 336
13 2 2384 352 2384 576
13 0 2384 368 2384 576
13 0 3280 576 3280 160
13 0 2768 400 3280 400
13 0 2736 336 3280 336
13 0 2384 368 3952 368
13 2 3424 384 3424 608
13 0 3424 400 3424 608
13 2 3392 256 3392 640
13 0 3392 160 3392 640
13 0 4336 608 4336 160
13 0 3808 432 4336 432
13 0 3952 368 4336 368
13 0 5296 640 5456 640
13 0 5456 640 5456 160
13 0 3424 400 4896 400
13 0 4896 400 5456 400
13 0 4848 464 5456 464
13 2 4464 416 4464 640
13 0 4464 432 4464 640
17 0 14
13 2 4784 656 4880 656
13 0 4880 656 4784 656
13 2 4784 656 4880 656
13 0 4864 656 4784 656
17 0 and2 4864 576 0
13 5 288 160 D4
13 5 1200 160 Q4
13 5 1328 160 D3
13 5 2256 160 Q3
13 2 2352 224 2352 608
13 0 2352 160 2352 608
13 5 2352 160 D2
13 5 3280 160 Q2
13 5 3392 160 D1
13 5 4336 160 Q1
13 2 4432 288 4432 672
13 0 4432 160 4432 672
13 5 4432 160 D0
13 5 5456 160 Q0
13 8 4432 160 1
13 8 3392 160 1
13 8 2352 160 1
13 8 1328 160 1
13 8 288 160 1
13 8 1200 160 2
13 8 2256 160 2
13 8 3280 160 2
13 8 4336 160 2
13 8 4432 160 2
13 8 4432 160 1
13 8 5456 160 2
13 5 128 880 A0
13 5 128 912 A1
13 5 128 944 rst
13 5 128 976 clk
13 8 128 880 1
13 8 128 912 1
13 8 128 944 1
13 8 128 976 1
13 5 224 480 DR
13 8 224 480 1
13 2 4464 432 4464 640
13 0 4464 160 4464 640
13 5 4464 160 DL
13 8 4432 160 1
13 8 4464 160 1
13 0 5200 880 5744 880
13 2 5200 880 5744 880
13 2 4432 880 5200 880
13 0 5216 912 5744 912
13 2 5216 912 5744 912
13 2 4464 912 5216 912
13 0 5232 944 5744 944
13 2 5232 944 5744 944
13 2 4784 944 5232 944
13 0 5232 976 5744 976
13 2 5232 976 5744 976
13 2 4992 976 5232 976
