10 1 1
10 1 1
10 1 1
13 0 672 544 752 544
13 2 672 544 752 544
13 2 576 544 672 544
13 0 576 544 752 544
17 0 xor2 576 944 0
17 0 nd2 1264 944 0
17 0 or2 400 976 0
17 0 nd3 1264 1088 0
17 0 inv 432 848 1
17 0 nd3 992 1264 0
17 0 nd3 992 1088 0
17 0 inv 272 832 1
17 0 nd3 992 912 0
17 0 nd2 992 752 0
13 0 912 800 992 800
13 0 960 912 1136 912
13 0 992 944 1168 944
13 0 960 960 992 960
13 0 448 992 560 992
13 0 944 992 992 992
13 0 1136 992 1168 992
13 0 1168 992 1264 992
13 0 720 1008 768 1008
13 0 1408 1008 1456 1008
13 0 1456 1008 1504 1008
13 0 384 1024 400 1024
13 0 800 1024 992 1024
13 0 544 1040 560 1040
13 0 320 1056 400 1056
13 0 1264 1056 1488 1056
13 0 864 1072 944 1072
13 0 960 1072 1168 1072
13 0 1264 1088 1456 1088
13 0 224 1104 864 1104
13 0 992 1104 1200 1104
13 0 960 1136 992 1136
13 0 944 1168 992 1168
13 0 1136 1168 1168 1168
13 0 1168 1168 1264 1168
13 0 1408 1168 1488 1168
13 0 912 1200 960 1200
13 0 960 1200 992 1200
13 0 1200 1200 1216 1200
13 0 1216 1200 1264 1200
13 0 928 1248 1168 1248
13 0 960 1280 1168 1280
13 0 928 1312 992 1312
13 0 768 1344 992 1344
13 0 1136 1344 1168 1344
13 0 992 1424 1216 1424
13 0 224 800 224 832
13 0 224 928 224 1104
13 0 320 800 320 1056
13 0 384 800 384 848
13 0 384 944 384 1024
13 0 448 800 448 992
13 0 560 1024 560 1040
13 0 768 1008 768 1344
13 0 800 688 800 1024
13 0 864 1072 864 1104
13 0 912 800 912 1200
13 0 928 1248 928 1312
13 0 944 992 944 1072
13 0 944 1072 944 1168
13 0 960 912 960 960
13 0 960 1072 960 1136
13 0 960 1200 960 1280
13 0 992 832 992 944
13 0 992 1024 992 1104
13 0 992 1376 992 1424
13 0 1136 816 1136 912
13 0 1168 944 1168 992
13 0 1168 992 1168 1072
13 0 1168 1168 1168 1248
13 0 1168 1280 1168 1344
13 0 1200 1104 1200 1200
13 0 1216 1200 1216 1424
13 0 1264 1024 1264 1056
13 0 1264 1088 1264 1136
13 0 1456 1008 1456 1088
13 0 1488 1056 1488 1168
13 5 1504 1008 DinaminisD
13 5 224 800 x1
13 5 320 800 x2
13 5 384 800 x3
13 5 448 800 x4
13 8 1504 1008 2
13 8 224 800 1
13 8 320 800 1
13 8 384 800 1
13 8 448 800 1
