10 1 1
10 1 1
10 1 1
13 2 720 448 752 448
13 2 752 448 800 448
13 7 752 448
13 0 736 352 752 352
13 0 736 352 736 448
13 0 720 448 736 448
13 0 768 352 752 352
13 0 768 352 768 448
13 0 768 448 800 448
13 5 752 352 D
13 8 752 448 0
13 8 752 352 0
13 2 752 352 768 352
13 2 736 352 752 352
13 7 752 352
13 8 752 352 0
13 2 736 352 736 448
13 0 736 352 736 448
13 0 736 352 768 352
13 0 768 352 864 352
13 0 864 352 864 368
13 5 864 352 D
13 2 768 352 864 352
13 2 864 352 864 368
13 7 864 352
13 0 864 352 864 368
13 0 864 352 768 352
13 5 864 352 D
13 8 864 352 0
13 8 864 352 0
13 0 848 352 864 352
13 2 848 352 864 352
13 2 864 352 864 368
13 7 864 352
13 8 864 352 0
13 5 848 352 D
13 8 848 352 2
13 0 576 544 576 592
13 0 576 592 624 592
13 0 608 544 624 544
13 2 608 544 624 544
13 0 624 544 640 544
13 2 624 544 640 544
13 7 624 544
13 8 624 544 0
13 0 608 544 640 544
13 5 624 592 C
13 8 624 592 2
