10 1 1
10 1 1
10 1 1
17 0 inv 432 1744 1
17 0 inv 272 1728 1
17 0 or2 400 1872 0
17 0 xor2 576 1840 0
13 0 448 1888 560 1888
13 0 720 1904 736 1904
13 0 384 1920 400 1920
13 0 544 1936 560 1936
13 0 320 1952 400 1952
13 0 224 2000 736 2000
13 0 224 1696 224 1728
13 0 224 1824 224 2000
13 0 320 1696 320 1952
13 0 384 1696 384 1744
13 0 384 1840 384 1920
13 0 448 1696 448 1888
13 0 560 1920 560 1936
13 5 224 1696 x1
13 5 320 1696 x2
13 5 384 1696 x3
13 5 448 1696 x4
13 8 224 1696 1
13 8 320 1696 1
13 8 384 1696 1
13 8 448 1696 1
17 0 nd2 880 1744 0
17 0 nd2 880 1952 0
17 0 nd2 1248 1760 0
17 0 nd2 1248 1968 0
17 0 nd2 1792 1776 0
17 0 nd2 1792 1984 0
17 0 nd2 2224 1792 0
17 0 nd2 2224 2000 0
17 0 inv 1552 1888 0
13 0 736 1904 736 1792
13 0 736 1792 848 1792
13 0 848 1792 880 1792
13 0 736 2000 816 2000
13 0 816 2000 816 1824
13 0 816 1824 880 1824
13 0 880 2032 816 2032
13 0 816 2032 816 2000
13 0 1552 1936 816 1936
13 0 1648 1936 1712 1936
13 0 1712 1936 1712 2064
13 0 1712 2064 1792 2064
13 0 1792 1856 1712 1856
13 0 1712 1856 1712 1920
13 0 1712 1920 1712 1936
13 0 1392 1824 1792 1824
13 0 1936 1840 2224 1840
13 0 1792 2032 1792 1936
13 0 1792 1936 1888 1936
13 0 1888 1936 2000 1936
13 0 2000 1936 2000 1840
17 0 nd3 2224 2112 0
17 0 30
17 0 32
17 0 nd3 2224 1968 0
13 0 1936 2048 2224 2048
13 0 2368 2048 2416 2048
13 0 2416 2048 2416 2032
13 0 2416 2032 2416 1920
13 0 2416 1920 2352 1920
13 0 2352 1920 2176 1920
13 0 2176 1920 2176 1872
13 0 2176 1872 2224 1872
13 0 2368 1856 2368 1984
13 0 2368 1984 2160 1984
13 0 2160 1984 2160 1968
13 0 2160 1968 2160 2016
13 0 2160 2016 2208 2016
13 0 2208 2016 2224 2016
13 2 2160 1968 2160 1984
13 0 2160 1968 2160 1984
13 2 2160 1968 2160 1984
13 0 2368 1904 2368 1856
13 2 2368 1856 2368 1904
13 2 2368 1904 2368 1984
13 0 2368 1904 2368 1984
13 0 2368 1904 2368 1856
13 0 2368 1888 2368 1856
13 2 2368 1856 2368 1888
13 2 2368 1888 2368 1984
13 0 2400 1888 2400 1984
13 0 2400 1984 2368 1984
13 0 2400 1888 2400 1856
13 0 2400 1856 2368 1856
13 0 2400 1856 2544 1856
13 5 2544 1856 DPD
13 8 2544 1856 2
13 0 1024 1808 1248 1808
13 0 880 2000 848 2000
13 0 848 2000 848 1984
13 0 848 1984 848 1872
13 0 848 1872 864 1872
13 0 864 1872 1056 1872
13 0 1056 1872 1056 1808
13 0 1248 1840 1200 1840
13 0 1200 1840 1200 1904
13 0 1200 1904 1456 1904
13 0 1456 1904 1456 1920
13 0 1456 1920 1456 2032
13 0 1456 2032 1392 2032
17 0 26
17 0 nd3 1248 1952 0
13 0 1024 2016 1216 2016
13 2 1392 2032 1456 2032
13 2 1456 1904 1456 2032
17 0 26
17 0 nd3 1248 1936 0
13 0 1392 2016 1456 2016
13 0 1456 1968 1456 2016
13 0 1456 1904 1456 1968
13 2 1024 2016 1216 2016
13 0 1248 2016 1024 2016
13 0 1248 1984 1216 1984
13 0 1216 1984 1216 1952
13 0 1216 1952 1504 1952
13 0 1504 1952 1504 1968
13 0 1504 1952 1504 1824
13 2 1504 1952 1504 1968
13 0 1248 2048 1120 2048
13 0 1120 2048 1120 1680
13 0 1120 1680 1136 1680
13 0 2224 2080 2112 2080
13 0 2112 2080 2112 1696
13 0 2112 1696 1120 1696
13 2 1120 1680 1136 1680
13 0 1120 1680 1120 1488
13 0 1120 1488 928 1488
13 0 800 1024 800 1488
13 0 800 1488 928 1488
13 2 1120 1696 2112 1696
13 2 2000 1840 2224 1840
13 2 2368 1856 2400 1856
13 2 2400 1856 2544 1856
13 2 2176 1872 2224 1872
13 2 2176 1920 2416 1920
13 2 2160 1984 2400 1984
13 2 2160 2016 2224 2016
13 2 1936 2048 2224 2048
13 2 2368 2048 2416 2048
13 2 2112 2080 2224 2080
13 2 2112 1696 2112 2080
13 2 2160 1984 2160 2016
13 2 2176 1872 2176 1920
13 2 2400 1856 2400 1984
13 2 2416 1920 2416 2048
13 7 2544 1856
13 8 2544 1856 0
17 0 32
17 0 29
17 0 nd3 2240 1968 0
17 0 nd2 2240 1792 0
13 0 2048 1696 2128 1696
13 0 1120 1696 2048 1696
13 0 2048 1840 2240 1840
13 0 2032 1840 2048 1840
13 0 2000 1840 2032 1840
13 0 2384 1856 2416 1856
13 0 2416 1856 2560 1856
13 0 2192 1872 2240 1872
13 0 2192 1920 2432 1920
13 0 2176 1984 2416 1984
13 0 2176 2016 2240 2016
13 0 2048 2048 2240 2048
13 0 2016 2048 2048 2048
13 0 1936 2048 2016 2048
13 0 2384 2048 2432 2048
13 0 2128 2080 2240 2080
13 0 2128 1696 2128 2080
13 0 2176 1984 2176 2016
13 0 2192 1872 2192 1920
13 0 2416 1856 2416 1984
13 0 2432 1920 2432 2048
13 5 2560 1856 DPD
13 8 2544 1856 2
13 8 2560 1856 2
13 2 1120 1696 2128 1696
13 2 2000 1840 2240 1840
13 2 2384 1856 2416 1856
13 2 2416 1856 2560 1856
13 2 2192 1872 2240 1872
13 2 2192 1920 2432 1920
13 2 2176 1984 2416 1984
13 2 2176 2016 2240 2016
13 2 1936 2048 2240 2048
13 2 2384 2048 2432 2048
13 2 2128 2080 2240 2080
13 2 2128 1696 2128 2080
13 2 2176 1984 2176 2016
13 2 2192 1872 2192 1920
13 2 2416 1856 2416 1984
13 2 2432 1920 2432 2048
13 7 2560 1856
13 8 2560 1856 0
17 0 29
17 0 32
17 0 nd3 2176 1968 0
17 0 nd2 2176 1792 0
13 0 2048 1696 2064 1696
13 0 1120 1696 2048 1696
13 0 2048 1840 2176 1840
13 0 2032 1840 2048 1840
13 0 2000 1840 2032 1840
13 0 2320 1856 2352 1856
13 0 2352 1856 2496 1856
13 0 2128 1872 2176 1872
13 0 2128 1920 2368 1920
13 0 2112 1984 2352 1984
13 0 2112 2016 2176 2016
13 0 2048 2048 2176 2048
13 0 2016 2048 2048 2048
13 0 1936 2048 2016 2048
13 0 2320 2048 2368 2048
13 0 2064 2080 2176 2080
13 0 2064 1696 2064 2080
13 0 2112 1984 2112 2016
13 0 2128 1872 2128 1920
13 0 2352 1856 2352 1984
13 0 2368 1920 2368 2048
13 5 2496 1856 DPD
13 8 2560 1856 2
13 8 2496 1856 2
13 2 1120 1696 2064 1696
13 2 1936 1840 2000 1840
13 2 2000 1840 2176 1840
13 2 2320 1856 2352 1856
13 2 2352 1856 2496 1856
13 2 2128 1872 2176 1872
13 2 2128 1920 2368 1920
13 2 1792 1936 2000 1936
13 2 2112 1984 2352 1984
13 2 2112 2016 2176 2016
13 2 1936 2048 2176 2048
13 2 2320 2048 2368 2048
13 2 2064 2080 2176 2080
13 2 2000 1840 2000 1936
13 2 2064 1696 2064 2080
13 2 2112 1984 2112 2016
13 2 2128 1872 2128 1920
13 2 2352 1856 2352 1984
13 2 2368 1920 2368 2048
13 7 2496 1856
13 8 2496 1856 0
17 0 32
17 0 29
17 0 nd3 2208 1968 0
17 0 nd2 2208 1792 0
13 0 2000 1696 2096 1696
13 0 1120 1696 2000 1696
13 0 2000 1840 2032 1840
13 0 1984 1840 2000 1840
13 0 1936 1840 1984 1840
13 0 2032 1840 2208 1840
13 0 2352 1856 2384 1856
13 0 2384 1856 2528 1856
13 0 2160 1872 2208 1872
13 0 2160 1920 2400 1920
13 0 2000 1936 2032 1936
13 0 1968 1936 2000 1936
13 0 1792 1936 1968 1936
13 0 2144 1984 2384 1984
13 0 2144 2016 2208 2016
13 0 2000 2048 2208 2048
13 0 1952 2048 2000 2048
13 0 1936 2048 1952 2048
13 0 2352 2048 2400 2048
13 0 2096 2080 2208 2080
13 0 2032 1840 2032 1936
13 0 2096 1696 2096 2080
13 0 2144 1984 2144 2016
13 0 2160 1872 2160 1920
13 0 2384 1856 2384 1984
13 0 2400 1920 2400 2048
13 5 2528 1856 DPD
13 8 2496 1856 2
13 8 2528 1856 2
13 2 1120 1696 2096 1696
13 2 1936 1840 2032 1840
13 2 2032 1840 2208 1840
13 2 2352 1856 2384 1856
13 2 2384 1856 2528 1856
13 2 2160 1872 2208 1872
13 2 2160 1920 2400 1920
13 2 1792 1936 2032 1936
13 2 2144 1984 2384 1984
13 2 2144 2016 2208 2016
13 2 1936 2048 2208 2048
13 2 2352 2048 2400 2048
13 2 2096 2080 2208 2080
13 2 2032 1840 2032 1936
13 2 2096 1696 2096 2080
13 2 2144 1984 2144 2016
13 2 2160 1872 2160 1920
13 2 2384 1856 2384 1984
13 2 2400 1920 2400 2048
13 7 2528 1856
13 8 2528 1856 0
17 0 29
17 0 32
17 0 nd3 2192 1968 0
17 0 nd2 2192 1792 0
13 0 2000 1696 2080 1696
13 0 1120 1696 2000 1696
13 0 2000 1840 2016 1840
13 0 1984 1840 2000 1840
13 0 1936 1840 1984 1840
13 0 2016 1840 2192 1840
13 0 2336 1856 2368 1856
13 0 2368 1856 2512 1856
13 0 2144 1872 2192 1872
13 0 2144 1920 2384 1920
13 0 2000 1936 2016 1936
13 0 1968 1936 2000 1936
13 0 1792 1936 1968 1936
13 0 2128 1984 2368 1984
13 0 2128 2016 2192 2016
13 0 2000 2048 2192 2048
13 0 1952 2048 2000 2048
13 0 1936 2048 1952 2048
13 0 2336 2048 2384 2048
13 0 2080 2080 2192 2080
13 0 2016 1840 2016 1936
13 0 2080 1696 2080 2080
13 0 2128 1984 2128 2016
13 0 2144 1872 2144 1920
13 0 2368 1856 2368 1984
13 0 2384 1920 2384 2048
13 5 2512 1856 DPD
13 8 2528 1856 2
13 8 2512 1856 2
13 2 1120 1696 2080 1696
13 2 2016 1840 2192 1840
13 2 2336 1856 2368 1856
13 2 2368 1856 2512 1856
13 2 2144 1872 2192 1872
13 2 2144 1920 2384 1920
13 2 2128 1984 2368 1984
13 2 2128 2016 2192 2016
13 2 1936 2048 2192 2048
13 2 2336 2048 2384 2048
13 2 2080 2080 2192 2080
13 2 2080 1696 2080 2080
13 2 2128 1984 2128 2016
13 2 2144 1872 2144 1920
13 2 2368 1856 2368 1984
13 2 2384 1920 2384 2048
13 7 2512 1856
13 8 2512 1856 0
17 0 32
17 0 29
17 0 nd3 2208 1968 0
17 0 nd2 2208 1792 0
13 0 2064 1696 2096 1696
13 0 1120 1696 2064 1696
13 0 2064 1840 2208 1840
13 0 2048 1840 2064 1840
13 0 2016 1840 2048 1840
13 0 2352 1856 2384 1856
13 0 2384 1856 2528 1856
13 0 2160 1872 2208 1872
13 0 2160 1920 2400 1920
13 0 2144 1984 2384 1984
13 0 2144 2016 2208 2016
13 0 2064 2048 2208 2048
13 0 2032 2048 2064 2048
13 0 1936 2048 2032 2048
13 0 2352 2048 2400 2048
13 0 2096 2080 2208 2080
13 0 2096 1696 2096 2080
13 0 2144 1984 2144 2016
13 0 2160 1872 2160 1920
13 0 2384 1856 2384 1984
13 0 2400 1920 2400 2048
13 5 2528 1856 DPD
13 8 2512 1856 2
13 8 2528 1856 2
13 2 1120 1696 2096 1696
13 2 2016 1840 2208 1840
13 2 2352 1856 2384 1856
13 2 2384 1856 2528 1856
13 2 2160 1872 2208 1872
13 2 2160 1920 2400 1920
13 2 2144 1984 2384 1984
13 2 2144 2016 2208 2016
13 2 1936 2048 2208 2048
13 2 2352 2048 2400 2048
13 2 2096 2080 2208 2080
13 2 2096 1696 2096 2080
13 2 2144 1984 2144 2016
13 2 2160 1872 2160 1920
13 2 2384 1856 2384 1984
13 2 2400 1920 2400 2048
13 7 2528 1856
13 8 2528 1856 0
17 0 29
17 0 32
17 0 nd3 2240 1952 0
17 0 nd2 2240 1776 0
13 0 2064 1680 2128 1680
13 0 2032 1680 2064 1680
13 0 2032 1680 2032 1696
13 0 1120 1696 2032 1696
13 0 2064 1824 2240 1824
13 0 2048 1824 2064 1824
13 0 2048 1824 2048 1840
13 0 2016 1840 2048 1840
13 0 2384 1840 2416 1840
13 0 2416 1840 2560 1840
13 0 2192 1856 2240 1856
13 0 2192 1904 2432 1904
13 0 2176 1968 2416 1968
13 0 2176 2000 2240 2000
13 0 2064 2032 2240 2032
13 0 2064 2032 2064 2048
13 0 1936 2048 2064 2048
13 0 2384 2032 2432 2032
13 0 2128 2064 2240 2064
13 0 2128 1680 2128 2064
13 0 2176 1968 2176 2000
13 0 2192 1856 2192 1904
13 0 2416 1840 2416 1968
13 0 2432 1904 2432 2032
13 5 2560 1840 DPD
13 8 2528 1856 2
13 8 2560 1840 2
13 2 2032 1680 2128 1680
13 2 1120 1696 2032 1696
13 2 2048 1824 2240 1824
13 2 2016 1840 2048 1840
13 2 2384 1840 2416 1840
13 2 2416 1840 2560 1840
13 2 2192 1856 2240 1856
13 2 2192 1904 2432 1904
13 2 2176 1968 2416 1968
13 2 2176 2000 2240 2000
13 2 2064 2032 2240 2032
13 2 2384 2032 2432 2032
13 2 1936 2048 2064 2048
13 2 2128 2064 2240 2064
13 2 2032 1680 2032 1696
13 2 2048 1824 2048 1840
13 2 2064 2032 2064 2048
13 2 2128 1680 2128 2064
13 2 2176 1968 2176 2000
13 2 2192 1856 2192 1904
13 2 2416 1840 2416 1968
13 2 2432 1904 2432 2032
13 7 2560 1840
13 8 2560 1840 0
17 0 32
17 0 29
17 0 nd3 2288 1952 0
17 0 nd2 2288 1776 0
13 0 2080 1680 2176 1680
13 0 1120 1696 2080 1696
13 0 2096 1824 2288 1824
13 0 2080 1840 2096 1840
13 0 2064 1840 2080 1840
13 0 2016 1840 2064 1840
13 0 2432 1840 2464 1840
13 0 2464 1840 2608 1840
13 0 2240 1856 2288 1856
13 0 2240 1904 2480 1904
13 0 2224 1968 2464 1968
13 0 2224 2000 2288 2000
13 0 2112 2032 2288 2032
13 0 2432 2032 2480 2032
13 0 2080 2048 2112 2048
13 0 2048 2048 2080 2048
13 0 1936 2048 2048 2048
13 0 2176 2064 2288 2064
13 0 2080 1680 2080 1696
13 0 2096 1824 2096 1840
13 0 2112 2032 2112 2048
13 0 2176 1680 2176 2064
13 0 2224 1968 2224 2000
13 0 2240 1856 2240 1904
13 0 2464 1840 2464 1968
13 0 2480 1904 2480 2032
13 5 2608 1840 DPD
13 8 2560 1840 2
13 8 2608 1840 2
13 2 2480 1904 2480 2032
13 2 2464 1840 2464 1968
13 2 2240 1856 2240 1904
13 2 2224 1968 2224 2000
13 2 2176 1680 2176 2064
13 2 2112 2032 2112 2048
13 2 2096 1824 2096 1840
13 2 2080 1680 2080 1696
13 2 2176 2064 2288 2064
13 0 1936 2048 2048 2048
13 2 1936 2048 2048 2048
13 0 2048 2048 2080 2048
13 2 2048 2048 2080 2048
13 2 2080 2048 2112 2048
13 2 2432 2032 2480 2032
13 2 2112 2032 2288 2032
13 2 2224 2000 2288 2000
13 2 2224 1968 2464 1968
13 2 2240 1904 2480 1904
13 2 2240 1856 2288 1856
13 0 2464 1840 2608 1840
13 2 2464 1840 2608 1840
13 2 2432 1840 2464 1840
13 0 2016 1840 2064 1840
13 2 2016 1840 2064 1840
13 0 2064 1840 2080 1840
13 2 2064 1840 2080 1840
13 2 2080 1840 2096 1840
13 2 2096 1824 2288 1824
13 2 1120 1696 2080 1696
13 2 2080 1680 2176 1680
13 7 2608 1840
13 8 2608 1840 0
17 0 29
17 0 32
17 0 nd3 2240 1952 0
17 0 nd2 2240 1776 0
13 0 2432 1904 2432 2032
13 0 2416 1840 2416 1968
13 0 2192 1856 2192 1904
13 0 2176 1968 2176 2000
13 0 2128 1680 2128 2064
13 0 2064 2032 2064 2048
13 0 2048 1824 2048 1840
13 0 2032 1680 2032 1696
13 0 2128 2064 2240 2064
13 0 1936 2048 2064 2048
13 0 2384 2032 2432 2032
13 0 2064 2032 2240 2032
13 0 2176 2000 2240 2000
13 0 2176 1968 2416 1968
13 0 2192 1904 2432 1904
13 0 2192 1856 2240 1856
13 0 2416 1840 2560 1840
13 0 2384 1840 2416 1840
13 0 2016 1840 2048 1840
13 0 2048 1824 2240 1824
13 0 1120 1696 2032 1696
13 0 2032 1680 2128 1680
13 5 2560 1840 DPD
13 8 2608 1840 2
13 8 2560 1840 2
13 8 2560 1840 2
13 2 2432 1904 2432 2032
13 2 2416 1840 2416 1968
13 2 2192 1856 2192 1904
13 2 2176 1968 2176 2000
13 2 2128 1680 2128 2064
13 2 2128 2064 2240 2064
13 2 2384 2032 2432 2032
13 2 1936 2048 2064 2048
13 2 2064 2032 2064 2048
13 2 2064 2032 2240 2032
13 2 2176 2000 2240 2000
13 2 2176 1968 2416 1968
13 2 2192 1904 2432 1904
13 2 2192 1856 2240 1856
13 0 2416 1840 2560 1840
13 2 2416 1840 2560 1840
13 2 2384 1840 2416 1840
13 2 2016 1840 2048 1840
13 2 2048 1824 2048 1840
13 0 2048 1824 2064 1824
13 2 2048 1824 2064 1824
13 2 2064 1824 2240 1824
13 2 1120 1696 2032 1696
13 2 2032 1680 2032 1696
13 0 2032 1680 2064 1680
13 2 2032 1680 2064 1680
13 2 2064 1680 2128 1680
13 7 2560 1840
13 8 2560 1840 0
17 0 32
17 0 29
17 0 nd3 2208 1968 0
17 0 nd2 2208 1792 0
13 0 2400 1920 2400 2048
13 0 2384 1856 2384 1984
13 0 2160 1872 2160 1920
13 0 2144 1984 2144 2016
13 0 2096 1696 2096 2080
13 0 2096 2080 2208 2080
13 0 2352 2048 2400 2048
13 0 1936 2048 2208 2048
13 0 2144 2016 2208 2016
13 0 2144 1984 2384 1984
13 0 2160 1920 2400 1920
13 0 2160 1872 2208 1872
13 0 2384 1856 2528 1856
13 0 2352 1856 2384 1856
13 0 2016 1840 2208 1840
13 0 1120 1696 2096 1696
13 5 2528 1856 DPD
13 8 2560 1840 2
13 8 2528 1856 2
13 8 2528 1856 2
13 2 2400 1920 2400 2048
13 2 2384 1856 2384 1984
13 2 2160 1872 2160 1920
13 2 2144 1984 2144 2016
13 2 2096 1696 2096 2080
13 2 2096 2080 2208 2080
13 2 2352 2048 2400 2048
13 0 1936 2048 2032 2048
13 2 1936 2048 2032 2048
13 0 2032 2048 2064 2048
13 2 2032 2048 2064 2048
13 2 2064 2048 2208 2048
13 2 2144 2016 2208 2016
13 2 2144 1984 2384 1984
13 2 2160 1920 2400 1920
13 2 2160 1872 2208 1872
13 0 2384 1856 2528 1856
13 2 2384 1856 2528 1856
13 2 2352 1856 2384 1856
13 0 2016 1840 2048 1840
13 2 2016 1840 2048 1840
13 0 2048 1840 2064 1840
13 2 2048 1840 2064 1840
13 2 2064 1840 2208 1840
13 0 1120 1696 2064 1696
13 2 1120 1696 2064 1696
13 2 2064 1696 2096 1696
13 7 2528 1856
13 8 2528 1856 0
17 0 29
17 0 32
17 0 nd3 2192 1968 0
17 0 nd2 2192 1792 0
13 0 2384 1920 2384 2048
13 0 2368 1856 2368 1984
13 0 2144 1872 2144 1920
13 0 2128 1984 2128 2016
13 0 2080 1696 2080 2080
13 0 2080 2080 2192 2080
13 0 2336 2048 2384 2048
13 0 1936 2048 2192 2048
13 0 2128 2016 2192 2016
13 0 2128 1984 2368 1984
13 0 2144 1920 2384 1920
13 0 2144 1872 2192 1872
13 0 2368 1856 2512 1856
13 0 2336 1856 2368 1856
13 0 2016 1840 2192 1840
13 0 1120 1696 2080 1696
13 5 2512 1856 DPD
13 8 2528 1856 2
13 8 2512 1856 2
13 8 2512 1856 2
13 2 1120 1696 2080 1696
13 2 1504 1824 1792 1824
13 2 1936 1840 2016 1840
13 2 2016 1840 2192 1840
13 2 1712 1856 1792 1856
13 2 2336 1856 2368 1856
13 2 2368 1856 2512 1856
13 2 2144 1872 2192 1872
13 2 2144 1920 2384 1920
13 2 1792 1936 2016 1936
13 2 2128 1984 2368 1984
13 2 2128 2016 2192 2016
13 2 1936 2048 2192 2048
13 2 2336 2048 2384 2048
13 2 1712 2064 1792 2064
13 2 2080 2080 2192 2080
13 2 1792 1936 1792 2032
13 2 2016 1840 2016 1936
13 2 2080 1696 2080 2080
13 2 2128 1984 2128 2016
13 2 2144 1872 2144 1920
13 2 2368 1856 2368 1984
13 2 2384 1920 2384 2048
13 7 2512 1856
13 8 2512 1856 0
17 0 32
17 0 29
17 0 28
17 0 27
17 0 nd3 2160 1968 0
17 0 nd2 2160 1792 0
17 0 nd2 1760 1984 0
17 0 nd2 1760 1776 0
13 0 1760 1696 2048 1696
13 0 1120 1696 1760 1696
13 0 1744 1824 1760 1824
13 0 1504 1824 1744 1824
13 0 1904 1840 1984 1840
13 0 1984 1840 2160 1840
13 0 1728 1856 1760 1856
13 0 1712 1856 1728 1856
13 0 2304 1856 2336 1856
13 0 2336 1856 2480 1856
13 0 2112 1872 2160 1872
13 0 2112 1920 2352 1920
13 0 1760 1936 1984 1936
13 0 2096 1984 2336 1984
13 0 2096 2016 2160 2016
13 0 1904 2048 2160 2048
13 0 2304 2048 2352 2048
13 0 1712 2064 1760 2064
13 0 2048 2080 2160 2080
13 0 1760 1936 1760 2032
13 0 1984 1840 1984 1936
13 0 2048 1696 2048 2080
13 0 2096 1984 2096 2016
13 0 2112 1872 2112 1920
13 0 2336 1856 2336 1984
13 0 2352 1920 2352 2048
13 5 2480 1856 DPD
13 8 2512 1856 2
13 8 2480 1856 2
13 2 1120 1696 2048 1696
13 2 1904 1840 1984 1840
13 2 1984 1840 2160 1840
13 2 2304 1856 2336 1856
13 2 2336 1856 2480 1856
13 2 2112 1872 2160 1872
13 2 2112 1920 2352 1920
13 2 1760 1936 1984 1936
13 2 2096 1984 2336 1984
13 2 2096 2016 2160 2016
13 2 1904 2048 2160 2048
13 2 2304 2048 2352 2048
13 2 2048 2080 2160 2080
13 2 1984 1840 1984 1936
13 2 2048 1696 2048 2080
13 2 2096 1984 2096 2016
13 2 2112 1872 2112 1920
13 2 2336 1856 2336 1984
13 2 2352 1920 2352 2048
13 7 2480 1856
13 8 2480 1856 0
17 0 27
17 0 28
17 0 nd3 2208 1968 0
17 0 nd2 2208 1792 0
13 0 1968 1696 2096 1696
13 0 1120 1696 1968 1696
13 0 1968 1840 2032 1840
13 0 1952 1840 1968 1840
13 0 1904 1840 1952 1840
13 0 2032 1840 2208 1840
13 0 2352 1856 2384 1856
13 0 2384 1856 2528 1856
13 0 2160 1872 2208 1872
13 0 2160 1920 2400 1920
13 0 1968 1936 2032 1936
13 0 1936 1936 1968 1936
13 0 1760 1936 1936 1936
13 0 2144 1984 2384 1984
13 0 2144 2016 2208 2016
13 0 1968 2048 2208 2048
13 0 1920 2048 1968 2048
13 0 1904 2048 1920 2048
13 0 2352 2048 2400 2048
13 0 2096 2080 2208 2080
13 0 2032 1840 2032 1936
13 0 2096 1696 2096 2080
13 0 2144 1984 2144 2016
13 0 2160 1872 2160 1920
13 0 2384 1856 2384 1984
13 0 2400 1920 2400 2048
13 5 2528 1856 DPD
13 8 2480 1856 2
13 8 2528 1856 2
13 2 1120 1696 2096 1696
13 2 1904 1840 2032 1840
13 2 2032 1840 2208 1840
13 2 2352 1856 2384 1856
13 2 2384 1856 2528 1856
13 2 2160 1872 2208 1872
13 2 2160 1920 2400 1920
13 2 1760 1936 2032 1936
13 2 2144 1984 2384 1984
13 2 2144 2016 2208 2016
13 2 1904 2048 2208 2048
13 2 2352 2048 2400 2048
13 2 2096 2080 2208 2080
13 2 2032 1840 2032 1936
13 2 2096 1696 2096 2080
13 2 2144 1984 2144 2016
13 2 2160 1872 2160 1920
13 2 2384 1856 2384 1984
13 2 2400 1920 2400 2048
13 7 2528 1856
13 8 2528 1856 0
17 0 28
17 0 27
17 0 nd3 2160 1968 0
17 0 nd2 2160 1792 0
13 0 1968 1696 2048 1696
13 0 1120 1696 1968 1696
13 0 1968 1840 1984 1840
13 0 1952 1840 1968 1840
13 0 1904 1840 1952 1840
13 0 1984 1840 2160 1840
13 0 2304 1856 2336 1856
13 0 2336 1856 2480 1856
13 0 2112 1872 2160 1872
13 0 2112 1920 2352 1920
13 0 1968 1936 1984 1936
13 0 1936 1936 1968 1936
13 0 1760 1936 1936 1936
13 0 2096 1984 2336 1984
13 0 2096 2016 2160 2016
13 0 1968 2048 2160 2048
13 0 1920 2048 1968 2048
13 0 1904 2048 1920 2048
13 0 2304 2048 2352 2048
13 0 2048 2080 2160 2080
13 0 1984 1840 1984 1936
13 0 2048 1696 2048 2080
13 0 2096 1984 2096 2016
13 0 2112 1872 2112 1920
13 0 2336 1856 2336 1984
13 0 2352 1920 2352 2048
13 5 2480 1856 DPD
13 8 2528 1856 2
13 8 2480 1856 2
13 2 1120 1696 2048 1696
13 2 1904 1840 1984 1840
13 2 1984 1840 2160 1840
13 2 2304 1856 2336 1856
13 2 2336 1856 2480 1856
13 2 2112 1872 2160 1872
13 2 2112 1920 2352 1920
13 2 1760 1936 1984 1936
13 2 2096 1984 2336 1984
13 2 2096 2016 2160 2016
13 2 1904 2048 2160 2048
13 2 2304 2048 2352 2048
13 2 2048 2080 2160 2080
13 2 1984 1840 1984 1936
13 2 2048 1696 2048 2080
13 2 2096 1984 2096 2016
13 2 2112 1872 2112 1920
13 2 2336 1856 2336 1984
13 2 2352 1920 2352 2048
13 7 2480 1856
13 8 2480 1856 0
17 0 27
17 0 28
17 0 nd3 2096 1968 0
17 0 nd2 2096 1792 0
13 0 1904 1696 1984 1696
13 0 1120 1696 1904 1696
13 0 1904 1840 1920 1840
13 0 1888 1840 1904 1840
13 0 1904 1840 1888 1840
13 0 1920 1840 2096 1840
13 0 2240 1856 2272 1856
13 0 2272 1856 2416 1856
13 0 2048 1872 2096 1872
13 0 2048 1920 2288 1920
13 0 1904 1936 1920 1936
13 0 1872 1936 1904 1936
13 0 1760 1936 1872 1936
13 0 2032 1984 2272 1984
13 0 2032 2016 2096 2016
13 0 1904 2048 2096 2048
13 0 1856 2048 1904 2048
13 0 1904 2048 1856 2048
13 0 2240 2048 2288 2048
13 0 1984 2080 2096 2080
13 0 1920 1840 1920 1936
13 0 1984 1696 1984 2080
13 0 2032 1984 2032 2016
13 0 2048 1872 2048 1920
13 0 2272 1856 2272 1984
13 0 2288 1920 2288 2048
13 5 2416 1856 DPD
13 8 2480 1856 2
13 8 2416 1856 2
13 2 1120 1696 1984 1696
13 2 1920 1840 2096 1840
13 2 2240 1856 2272 1856
13 2 2272 1856 2416 1856
13 2 2048 1872 2096 1872
13 2 2048 1920 2288 1920
13 2 2032 1984 2272 1984
13 2 2032 2016 2096 2016
13 2 1904 2048 2096 2048
13 2 2240 2048 2288 2048
13 2 1984 2080 2096 2080
13 2 1984 1696 1984 2080
13 2 2032 1984 2032 2016
13 2 2048 1872 2048 1920
13 2 2272 1856 2272 1984
13 2 2288 1920 2288 2048
13 7 2416 1856
13 8 2416 1856 0
17 0 28
17 0 27
17 0 nd3 2064 1968 0
17 0 nd2 2064 1792 0
13 0 1936 1696 1952 1696
13 0 1120 1696 1936 1696
13 0 1936 1840 2064 1840
13 0 1920 1840 1936 1840
13 0 2208 1856 2240 1856
13 0 2240 1856 2384 1856
13 0 2016 1872 2064 1872
13 0 2016 1920 2256 1920
13 0 2000 1984 2240 1984
13 0 2000 2016 2064 2016
13 0 1936 2048 2064 2048
13 0 1904 2048 1936 2048
13 0 2208 2048 2256 2048
13 0 1952 2080 2064 2080
13 0 1952 1696 1952 2080
13 0 2000 1984 2000 2016
13 0 2016 1872 2016 1920
13 0 2240 1856 2240 1984
13 0 2256 1920 2256 2048
13 5 2384 1856 DPD
13 8 2416 1856 2
13 8 2384 1856 2
13 2 1920 1840 2064 1840
13 2 2208 1856 2240 1856
13 2 2240 1856 2384 1856
13 2 2016 1872 2064 1872
13 2 2016 1920 2256 1920
13 2 2000 1984 2240 1984
13 2 2000 2016 2064 2016
13 2 1904 2048 2064 2048
13 2 2208 2048 2256 2048
13 2 1952 2080 2064 2080
13 2 2000 1984 2000 2016
13 2 2016 1872 2016 1920
13 2 2240 1856 2240 1984
13 2 2256 1920 2256 2048
13 7 2384 1856
13 8 2384 1856 0
17 0 27
17 0 28
17 0 nd3 2080 1968 0
17 0 nd2 2080 1792 0
13 0 2000 1840 2080 1840
13 0 1920 1840 2000 1840
13 0 2224 1856 2256 1856
13 0 2256 1856 2400 1856
13 0 2032 1872 2080 1872
13 0 2032 1920 2272 1920
13 0 2016 1984 2256 1984
13 0 2016 2016 2080 2016
13 0 2000 2048 2080 2048
13 0 1984 2048 2000 2048
13 0 1904 2048 1984 2048
13 0 2224 2048 2272 2048
13 0 2000 2080 2080 2080
13 0 1968 2080 2000 2080
13 0 1952 2080 1968 2080
13 0 2016 1984 2016 2016
13 0 2032 1872 2032 1920
13 0 2256 1856 2256 1984
13 0 2272 1920 2272 2048
13 5 2400 1856 DPD
13 8 2384 1856 2
13 8 2400 1856 2
13 2 1920 1840 2080 1840
13 2 2224 1856 2256 1856
13 2 2256 1856 2400 1856
13 2 2032 1872 2080 1872
13 2 2032 1920 2272 1920
13 2 2016 1984 2256 1984
13 2 2016 2016 2080 2016
13 2 1904 2048 2080 2048
13 2 2224 2048 2272 2048
13 2 1952 2080 2080 2080
13 2 2016 1984 2016 2016
13 2 2032 1872 2032 1920
13 2 2256 1856 2256 1984
13 2 2272 1920 2272 2048
13 7 2400 1856
13 8 2400 1856 0
17 0 28
17 0 27
17 0 nd3 2096 1968 0
17 0 nd2 2096 1792 0
13 0 2032 1840 2096 1840
13 0 1920 1840 2032 1840
13 0 2240 1856 2272 1856
13 0 2272 1856 2416 1856
13 0 2048 1872 2096 1872
13 0 2048 1920 2288 1920
13 0 2032 1984 2272 1984
13 0 2032 2016 2096 2016
13 0 2032 2048 2096 2048
13 0 2016 2048 2032 2048
13 0 1904 2048 2016 2048
13 0 2240 2048 2288 2048
13 0 2032 2080 2096 2080
13 0 2000 2080 2032 2080
13 0 1952 2080 2000 2080
13 0 2032 1984 2032 2016
13 0 2048 1872 2048 1920
13 0 2272 1856 2272 1984
13 0 2288 1920 2288 2048
13 5 2416 1856 DPD
13 8 2400 1856 2
13 8 2416 1856 2
13 2 1920 1840 2096 1840
13 2 2240 1856 2272 1856
13 2 2272 1856 2416 1856
13 2 2048 1872 2096 1872
13 2 2048 1920 2288 1920
13 2 2032 1984 2272 1984
13 2 2032 2016 2096 2016
13 2 1904 2048 2096 2048
13 2 2240 2048 2288 2048
13 2 1952 2080 2096 2080
13 2 2032 1984 2032 2016
13 2 2048 1872 2048 1920
13 2 2272 1856 2272 1984
13 2 2288 1920 2288 2048
13 7 2416 1856
13 8 2416 1856 0
17 0 27
17 0 28
17 0 nd3 2048 1968 0
17 0 nd2 2048 1792 0
13 0 1984 1840 2048 1840
13 0 1920 1840 1984 1840
13 0 2192 1856 2224 1856
13 0 2224 1856 2368 1856
13 0 2000 1872 2048 1872
13 0 2000 1920 2240 1920
13 0 1984 1984 2224 1984
13 0 1984 2016 2048 2016
13 0 1984 2048 2048 2048
13 0 1968 2048 1984 2048
13 0 1904 2048 1968 2048
13 0 2192 2048 2240 2048
13 0 1984 2080 2048 2080
13 0 1952 2080 1984 2080
13 0 1984 1984 1984 2016
13 0 2000 1872 2000 1920
13 0 2224 1856 2224 1984
13 0 2240 1920 2240 2048
13 5 2368 1856 DPD
13 8 2416 1856 2
13 8 2368 1856 2
13 2 1120 1696 1952 1696
13 2 1504 1824 1760 1824
13 2 1888 1840 1904 1840
13 2 1904 1840 1920 1840
13 2 1920 1840 2048 1840
13 2 1712 1856 1760 1856
13 2 2192 1856 2224 1856
13 2 2224 1856 2368 1856
13 2 2000 1872 2048 1872
13 2 2000 1920 2240 1920
13 2 1648 1936 1712 1936
13 2 1760 1936 1920 1936
13 2 1984 1984 2224 1984
13 2 1984 2016 2048 2016
13 2 1856 2048 1904 2048
13 2 1904 2048 2048 2048
13 2 2192 2048 2240 2048
13 2 1712 2064 1760 2064
13 2 1952 2080 2048 2080
13 0 1712 1856 1712 1936
13 2 1712 1856 1712 1936
13 2 1712 1936 1712 2064
13 2 1760 1936 1760 2032
13 2 1920 1840 1920 1936
13 2 1952 1696 1952 2080
13 2 1984 1984 1984 2016
13 2 2000 1872 2000 1920
13 2 2224 1856 2224 1984
13 2 2240 1920 2240 2048
13 7 2368 1856
13 8 2368 1856 0
17 0 28
17 0 27
17 0 29
17 0 32
17 0 nd3 2016 1968 0
17 0 nd2 2016 1792 0
17 0 nd2 1728 1984 0
17 0 nd2 1728 1776 0
13 0 1664 1696 1920 1696
13 0 1120 1696 1664 1696
13 0 1664 1824 1728 1824
13 0 1648 1824 1664 1824
13 0 1504 1824 1648 1824
13 0 1856 1840 1872 1840
13 0 1872 1840 1888 1840
13 0 1888 1840 2016 1840
13 0 1680 1856 1728 1856
13 0 2160 1856 2192 1856
13 0 2192 1856 2336 1856
13 0 1968 1872 2016 1872
13 0 1968 1920 2208 1920
13 0 1664 1936 1680 1936
13 0 1632 1936 1664 1936
13 0 1632 1936 1648 1936
13 0 1648 1936 1664 1936
13 0 1648 1936 1632 1936
13 0 1728 1936 1888 1936
13 0 1952 1984 2192 1984
13 0 1952 2016 2016 2016
13 0 1824 2048 1872 2048
13 0 1872 2048 2016 2048
13 0 2160 2048 2208 2048
13 0 1680 2064 1728 2064
13 0 1920 2080 2016 2080
13 0 1680 1856 1680 1936
13 0 1680 1936 1680 2064
13 0 1728 1936 1728 2032
13 0 1888 1840 1888 1936
13 0 1920 1696 1920 2080
13 0 1952 1984 1952 2016
13 0 1968 1872 1968 1920
13 0 2192 1856 2192 1984
13 0 2208 1920 2208 2048
13 5 2336 1856 DPD
13 8 2368 1856 2
13 8 2336 1856 2
13 2 816 1936 1552 1936
13 2 1632 1936 1648 1936
13 2 1648 1936 1680 1936
17 0 31
17 0 inv 1552 1888 0
13 0 816 1936 1552 1936
13 0 1632 1936 1648 1936
13 0 1648 1936 1680 1936
13 2 816 1936 1552 1936
13 2 1632 1936 1648 1936
13 2 1648 1936 1680 1936
17 0 31
17 0 inv 1568 1888 0
13 0 816 1936 1568 1936
13 0 1648 1936 1664 1936
13 0 1664 1936 1680 1936
13 2 816 1936 1568 1936
13 2 1648 1936 1664 1936
13 2 1664 1936 1680 1936
17 0 31
17 0 inv 1552 1888 0
13 0 816 1936 1552 1936
13 0 1632 1936 1648 1936
13 0 1648 1936 1680 1936
13 2 816 1936 1552 1936
13 2 1632 1936 1648 1936
13 2 1648 1936 1680 1936
17 0 31
17 0 inv 1552 1920 0
13 0 1552 1968 1552 1936
13 0 816 1936 1552 1936
13 0 1632 1968 1648 1968
13 0 1648 1968 1648 1936
13 0 1648 1936 1680 1936
13 2 816 1936 1552 1936
13 2 1648 1936 1680 1936
13 2 1632 1968 1648 1968
13 2 1552 1936 1552 1968
13 2 1648 1936 1648 1968
17 0 31
17 0 inv 1552 1888 0
13 0 1552 1904 1552 1936
13 0 816 1936 1552 1936
13 0 1664 1904 1648 1904
13 0 1664 1904 1664 1936
13 0 1664 1936 1680 1936
13 0 1632 1936 1648 1936
13 0 1552 1904 1552 1936
13 0 1648 1904 1648 1936
13 0 1552 1920 1552 1904
13 2 1552 1904 1552 1920
13 2 1552 1920 1552 1936
13 2 1648 1904 1664 1904
13 2 1648 1904 1648 1936
13 0 1664 1920 1664 1904
13 2 1664 1904 1664 1920
13 2 1664 1920 1664 1936
13 2 1664 1936 1680 1936
13 0 1648 1936 1680 1936
13 2 816 1936 1552 1936
13 2 1632 1936 1648 1936
13 2 1648 1936 1680 1936
17 0 31
17 0 inv 1536 1888 0
13 0 816 1936 1536 1936
13 0 1616 1936 1632 1936
13 0 1632 1936 1680 1936
13 2 1632 1936 1680 1936
13 2 1616 1936 1632 1936
13 0 1632 1936 1680 1936
13 2 1120 1696 1920 1696
13 2 1504 1824 1728 1824
13 2 1856 1840 1872 1840
13 2 1872 1840 1888 1840
13 2 1888 1840 2016 1840
13 2 1680 1856 1728 1856
13 2 2160 1856 2192 1856
13 2 2192 1856 2336 1856
13 2 1968 1872 2016 1872
13 2 1968 1920 2208 1920
13 2 1632 1936 1680 1936
13 2 1728 1936 1888 1936
13 2 1952 1984 2192 1984
13 2 1952 2016 2016 2016
13 2 1824 2048 1872 2048
13 2 1872 2048 2016 2048
13 2 2160 2048 2208 2048
13 2 1680 2064 1728 2064
13 2 1920 2080 2016 2080
13 0 1680 1856 1680 1936
13 2 1680 1856 1680 1936
13 2 1680 1936 1680 2064
13 2 1728 1936 1728 2032
13 2 1888 1840 1888 1936
13 2 1920 1696 1920 2080
13 2 1952 1984 1952 2016
13 2 1968 1872 1968 1920
13 2 2192 1856 2192 1984
13 2 2208 1920 2208 2048
13 7 2336 1856
13 8 2336 1856 0
17 0 32
17 0 29
17 0 27
17 0 28
17 0 nd3 2048 1968 0
17 0 nd2 2048 1792 0
17 0 nd2 1760 1984 0
17 0 nd2 1760 1776 0
13 0 1680 1696 1952 1696
13 0 1120 1696 1680 1696
13 0 1680 1824 1760 1824
13 0 1664 1824 1680 1824
13 0 1504 1824 1664 1824
13 0 1888 1840 1904 1840
13 0 1904 1840 1920 1840
13 0 1920 1840 2048 1840
13 0 1712 1856 1760 1856
13 0 2192 1856 2224 1856
13 0 2224 1856 2368 1856
13 0 2000 1872 2048 1872
13 0 2000 1920 2240 1920
13 0 1680 1936 1712 1936
13 0 1648 1936 1680 1936
13 0 1632 1936 1648 1936
13 0 1760 1936 1920 1936
13 0 1984 1984 2224 1984
13 0 1984 2016 2048 2016
13 0 1856 2048 1904 2048
13 0 1904 2048 2048 2048
13 0 2192 2048 2240 2048
13 0 1712 2064 1760 2064
13 0 1952 2080 2048 2080
13 0 1712 1856 1712 1936
13 0 1712 1936 1712 2064
13 0 1760 1936 1760 2032
13 0 1920 1840 1920 1936
13 0 1952 1696 1952 2080
13 0 1984 1984 1984 2016
13 0 2000 1872 2000 1920
13 0 2224 1856 2224 1984
13 0 2240 1920 2240 2048
13 5 2368 1856 DPD
13 8 2336 1856 2
13 8 2368 1856 2
13 2 1120 1696 1952 1696
13 2 1504 1824 1760 1824
13 2 1888 1840 1904 1840
13 2 1904 1840 1920 1840
13 2 1920 1840 2048 1840
13 2 1712 1856 1760 1856
13 2 2192 1856 2224 1856
13 2 2224 1856 2368 1856
13 2 2000 1872 2048 1872
13 2 2000 1920 2240 1920
13 2 1632 1936 1712 1936
13 2 1760 1936 1920 1936
13 2 1984 1984 2224 1984
13 2 1984 2016 2048 2016
13 2 1856 2048 1904 2048
13 2 1904 2048 2048 2048
13 2 2192 2048 2240 2048
13 2 1712 2064 1760 2064
13 2 1952 2080 2048 2080
13 0 1712 1856 1712 1936
13 2 1712 1856 1712 1936
13 2 1712 1936 1712 2064
13 2 1760 1936 1760 2032
13 2 1920 1840 1920 1936
13 2 1952 1696 1952 2080
13 2 1984 1984 1984 2016
13 2 2000 1872 2000 1920
13 2 2224 1856 2224 1984
13 2 2240 1920 2240 2048
13 7 2368 1856
13 8 2368 1856 0
17 0 28
17 0 27
17 0 29
17 0 32
17 0 nd3 2032 1968 0
17 0 nd2 2032 1792 0
17 0 nd2 1744 1984 0
17 0 nd2 1744 1776 0
13 0 1680 1696 1936 1696
13 0 1120 1696 1680 1696
13 0 1680 1824 1744 1824
13 0 1664 1824 1680 1824
13 0 1504 1824 1664 1824
13 0 1872 1840 1888 1840
13 0 1888 1840 1904 1840
13 0 1904 1840 2032 1840
13 0 1696 1856 1744 1856
13 0 2176 1856 2208 1856
13 0 2208 1856 2352 1856
13 0 1984 1872 2032 1872
13 0 1984 1920 2224 1920
13 0 1680 1936 1696 1936
13 0 1648 1936 1680 1936
13 0 1632 1936 1648 1936
13 0 1744 1936 1904 1936
13 0 1968 1984 2208 1984
13 0 1968 2016 2032 2016
13 0 1840 2048 1888 2048
13 0 1888 2048 2032 2048
13 0 2176 2048 2224 2048
13 0 1696 2064 1744 2064
13 0 1936 2080 2032 2080
13 0 1696 1856 1696 1936
13 0 1696 1936 1696 2064
13 0 1744 1936 1744 2032
13 0 1904 1840 1904 1936
13 0 1936 1696 1936 2080
13 0 1968 1984 1968 2016
13 0 1984 1872 1984 1920
13 0 2208 1856 2208 1984
13 0 2224 1920 2224 2048
13 5 2352 1856 DPD
13 8 2368 1856 2
13 8 2352 1856 2
13 2 1120 1696 1936 1696
13 2 1392 1824 1504 1824
13 2 1504 1824 1744 1824
13 2 1872 1840 1888 1840
13 2 1888 1840 1904 1840
13 2 1904 1840 2032 1840
13 2 1696 1856 1744 1856
13 2 2176 1856 2208 1856
13 2 2208 1856 2352 1856
13 2 1984 1872 2032 1872
13 2 1200 1904 1456 1904
13 2 1984 1920 2224 1920
13 2 816 1936 1536 1936
13 2 1632 1936 1696 1936
13 2 1744 1936 1904 1936
13 2 1216 1952 1504 1952
13 2 1968 1984 2208 1984
13 2 1392 2016 1456 2016
13 2 1968 2016 2032 2016
13 2 1840 2048 1888 2048
13 2 1888 2048 2032 2048
13 2 2176 2048 2224 2048
13 2 1696 2064 1744 2064
13 2 1936 2080 2032 2080
13 2 1456 1904 1456 2016
13 2 1504 1824 1504 1952
13 0 1696 1856 1696 1936
13 2 1696 1856 1696 1936
13 2 1696 1936 1696 2064
13 2 1744 1936 1744 2032
13 2 1904 1840 1904 1936
13 2 1936 1696 1936 2080
13 2 1968 1984 1968 2016
13 2 1984 1872 1984 1920
13 2 2208 1856 2208 1984
13 2 2224 1920 2224 2048
13 7 2352 1856
13 8 2352 1856 0
17 0 32
17 0 31
17 0 29
17 0 27
17 0 28
17 0 nd3 2080 1952 0
17 0 inv 1584 1872 0
17 0 nd2 2080 1776 0
17 0 nd2 1792 1968 0
17 0 nd2 1792 1760 0
13 0 1488 1680 1984 1680
13 0 1408 1680 1488 1680
13 0 1408 1680 1408 1696
13 0 1120 1696 1408 1696
13 0 1488 1808 1552 1808
13 0 1424 1808 1488 1808
13 0 1424 1808 1424 1824
13 0 1392 1824 1424 1824
13 0 1552 1808 1792 1808
13 0 1920 1824 1936 1824
13 0 1936 1824 1952 1824
13 0 1952 1824 2080 1824
13 0 1744 1840 1792 1840
13 0 2224 1840 2256 1840
13 0 2256 1840 2400 1840
13 0 2032 1856 2080 1856
13 0 1488 1888 1504 1888
13 0 1440 1888 1488 1888
13 0 1440 1888 1440 1904
13 0 1200 1904 1440 1904
13 0 2032 1904 2272 1904
13 0 1488 1920 1584 1920
13 0 1456 1920 1488 1920
13 0 1456 1920 1456 1936
13 0 816 1936 1456 1936
13 0 1680 1920 1744 1920
13 0 1792 1920 1952 1920
13 0 1488 1936 1552 1936
13 0 1472 1936 1488 1936
13 0 1472 1936 1472 1952
13 0 1216 1952 1472 1952
13 0 2016 1968 2256 1968
13 0 1488 2000 1504 2000
13 0 1488 2000 1488 2016
13 0 1392 2016 1488 2016
13 0 2016 2000 2080 2000
13 0 1888 2032 1936 2032
13 0 1936 2032 2080 2032
13 0 2224 2032 2272 2032
13 0 1744 2048 1792 2048
13 0 1984 2064 2080 2064
13 0 1504 1888 1504 2000
13 0 1552 1808 1552 1936
13 0 1744 1840 1744 1920
13 0 1744 1920 1744 2048
13 0 1792 1920 1792 2016
13 0 1952 1824 1952 1920
13 0 1984 1680 1984 2064
13 0 2016 1968 2016 2000
13 0 2032 1856 2032 1904
13 0 2256 1840 2256 1968
13 0 2272 1904 2272 2032
13 5 2400 1840 DPD
13 8 2352 1856 2
13 8 2400 1840 2
13 2 2272 1904 2272 2032
13 2 2256 1840 2256 1968
13 2 2032 1856 2032 1904
13 2 2016 1968 2016 2000
13 2 1984 1680 1984 2064
13 2 1952 1824 1952 1920
13 2 1792 1920 1792 2016
13 2 1744 1920 1744 2048
13 2 1744 1840 1744 1920
13 2 1552 1808 1552 1936
13 2 1504 1888 1504 2000
13 2 1984 2064 2080 2064
13 2 1744 2048 1792 2048
13 2 2224 2032 2272 2032
13 2 1936 2032 2080 2032
13 2 1888 2032 1936 2032
13 2 2016 2000 2080 2000
13 2 1392 2016 1488 2016
13 2 1488 2000 1488 2016
13 2 1488 2000 1504 2000
13 2 2016 1968 2256 1968
13 2 1216 1952 1472 1952
13 2 1472 1936 1472 1952
13 0 1472 1936 1488 1936
13 2 1472 1936 1488 1936
13 2 1488 1936 1552 1936
13 2 1792 1920 1952 1920
13 2 1680 1920 1744 1920
13 2 816 1936 1456 1936
13 2 1456 1920 1456 1936
13 0 1456 1920 1488 1920
13 2 1456 1920 1488 1920
13 2 1488 1920 1584 1920
13 2 2032 1904 2272 1904
13 2 1200 1904 1440 1904
13 2 1440 1888 1440 1904
13 0 1440 1888 1488 1888
13 2 1440 1888 1488 1888
13 2 1488 1888 1504 1888
13 2 2032 1856 2080 1856
13 0 2256 1840 2400 1840
13 2 2256 1840 2400 1840
13 2 2224 1840 2256 1840
13 2 1744 1840 1792 1840
13 0 1952 1824 2080 1824
13 2 1952 1824 2080 1824
13 2 1936 1824 1952 1824
13 2 1920 1824 1936 1824
13 0 1552 1808 1792 1808
13 2 1552 1808 1792 1808
13 2 1392 1824 1424 1824
13 2 1424 1808 1424 1824
13 0 1424 1808 1488 1808
13 2 1424 1808 1488 1808
13 2 1488 1808 1552 1808
13 2 1120 1696 1408 1696
13 2 1408 1680 1408 1696
13 0 1408 1680 1488 1680
13 2 1408 1680 1488 1680
13 2 1488 1680 1984 1680
13 7 2400 1840
13 8 2400 1840 0
17 0 28
17 0 27
17 0 29
17 0 31
17 0 32
17 0 nd3 2032 1968 0
17 0 inv 1536 1888 0
17 0 nd2 2032 1792 0
17 0 nd2 1744 1984 0
17 0 nd2 1744 1776 0
13 0 2224 1920 2224 2048
13 0 2208 1856 2208 1984
13 0 1984 1872 1984 1920
13 0 1968 1984 1968 2016
13 0 1936 1696 1936 2080
13 0 1904 1840 1904 1936
13 0 1744 1936 1744 2032
13 0 1696 1936 1696 2064
13 0 1696 1856 1696 1936
13 0 1504 1824 1504 1952
13 0 1456 1904 1456 2016
13 0 1936 2080 2032 2080
13 0 1696 2064 1744 2064
13 0 2176 2048 2224 2048
13 0 1888 2048 2032 2048
13 0 1840 2048 1888 2048
13 0 1968 2016 2032 2016
13 0 1392 2016 1456 2016
13 0 1968 1984 2208 1984
13 0 1216 1952 1504 1952
13 0 1744 1936 1904 1936
13 0 1632 1936 1696 1936
13 0 816 1936 1536 1936
13 0 1984 1920 2224 1920
13 0 1200 1904 1456 1904
13 0 1984 1872 2032 1872
13 0 2208 1856 2352 1856
13 0 2176 1856 2208 1856
13 0 1696 1856 1744 1856
13 0 1904 1840 2032 1840
13 0 1888 1840 1904 1840
13 0 1872 1840 1888 1840
13 0 1504 1824 1744 1824
13 0 1392 1824 1504 1824
13 0 1120 1696 1936 1696
13 5 2352 1856 DPD
13 8 2400 1840 2
13 8 2352 1856 2
13 8 2352 1856 2
