
Copyright (C) 1994-2021 Synopsys, Inc.
This Synopsys software and all associated documentation are proprietary to Synopsys, Inc.
and may only be used pursuant to the terms and conditions of a written license agreement
with Synopsys, Inc. All other use, reproduction, modification, or distribution of the
Synopsys software or the associated documentation is strictly prohibited.
Tool: Synplify Pro (R)
Build: R-2021.03L-SP1
Install: C:\lscc\diamond\3.12\synpbase
OS: Windows 6.2

Hostname: IF11R205-14

Implementation : impl1
Synopsys HDL compiler and linker, Version comp202103synp2, Build 093R, Built Aug 10 2021 09:15:36, @

Modified Files: 13
FID:  path (prevtimestamp, timestamp)
0        C:\Users\markul4\Desktop\4laboras\cntr167.vhd (N/A, 2022-05-05 09:22:50)
1        C:\Users\markul4\Desktop\4laboras\cntr23.vhd (N/A, 2022-05-05 09:22:50)
2        C:\Users\markul4\Desktop\4laboras\top_cntr.vhd (N/A, 2022-05-05 09:22:50)
3        C:\lscc\diamond\3.12\cae_library\synthesis\vhdl\xp2.vhd (N/A, 2018-11-15 00:32:16)
4        C:\lscc\diamond\3.12\synpbase\lib\vhd\arith.vhd (N/A, 2021-08-10 10:07:02)
5        C:\lscc\diamond\3.12\synpbase\lib\vhd\hyperents.vhd (N/A, 2021-08-10 10:07:02)
6        C:\lscc\diamond\3.12\synpbase\lib\vhd\location.map (N/A, 2021-08-10 10:07:02)
7        C:\lscc\diamond\3.12\synpbase\lib\vhd\numeric.vhd (N/A, 2021-08-10 10:07:02)
8        C:\lscc\diamond\3.12\synpbase\lib\vhd\snps_haps_pkg.vhd (N/A, 2021-08-10 10:07:02)
9        C:\lscc\diamond\3.12\synpbase\lib\vhd\std.vhd (N/A, 2021-08-10 10:07:02)
10       C:\lscc\diamond\3.12\synpbase\lib\vhd\std1164.vhd (N/A, 2021-08-10 10:07:02)
11       C:\lscc\diamond\3.12\synpbase\lib\vhd\umr_capim.vhd (N/A, 2021-08-10 10:07:02)
12       C:\lscc\diamond\3.12\synpbase\lib\vhd\unsigned.vhd (N/A, 2021-08-10 10:07:02)

*******************************************************************
Modules that may have changed as a result of file changes: 3
MID:  lib.cell.view
0        work.cnt167.rtl may have changed because the following files changed:
                        C:\Users\markul4\Desktop\4laboras\cntr167.vhd (N/A, 2022-05-05 09:22:50) <-- (architecture and entity definition)
                        C:\Users\markul4\Desktop\4laboras\top_cntr.vhd (N/A, 2022-05-05 09:22:50) <-- (may instantiate this module)
2        work.cnt23.rtl may have changed because the following files changed:
                        C:\Users\markul4\Desktop\4laboras\cntr23.vhd (N/A, 2022-05-05 09:22:50) <-- (architecture and entity definition)
                        C:\Users\markul4\Desktop\4laboras\top_cntr.vhd (N/A, 2022-05-05 09:22:50) <-- (may instantiate this module)
4        work.top_cnt.struct may have changed because the following files changed:
                        C:\Users\markul4\Desktop\4laboras\top_cntr.vhd (N/A, 2022-05-05 09:22:50) <-- (architecture and entity definition)

*******************************************************************
Unmodified files: 0
FID:  path (timestamp)

*******************************************************************
Unchanged modules: 0
MID:  lib.cell.view
