
Copyright (C) 1994-2021 Synopsys, Inc.
This Synopsys software and all associated documentation are proprietary to Synopsys, Inc.
and may only be used pursuant to the terms and conditions of a written license agreement
with Synopsys, Inc. All other use, reproduction, modification, or distribution of the
Synopsys software or the associated documentation is strictly prohibited.
Tool: Synplify Pro (R)
Build: R-2021.03L-SP1
Install: C:\lscc\diamond\3.12\synpbase
OS: Windows 6.2

Hostname: IF11R205-14

Implementation : impl1

# Written on Thu May  5 09:59:27 2022

##### DESIGN INFO #######################################################

Top View:                "TOP_CNT"
Constraint File(s):      (none)




##### SUMMARY ############################################################

Found 0 issues in 0 out of 0 constraints


##### DETAILS ############################################################



Clock Relationships
*******************

Starting                      Ending                        |     rise to rise     |     fall to fall     |     rise to fall     |     fall to rise                     
-----------------------------------------------------------------------------------------------------------------------------------------------------------------------
TOP_CNT|CLK_I                 TOP_CNT|CLK_I                 |     5.000            |     No paths         |     No paths         |     No paths                         
TOP_CNT|CLK_I                 CNT23|CNT_C_derived_clock     |     5.000            |     No paths         |     No paths         |     No paths                         
CNT23|CNT_C_derived_clock     TOP_CNT|CLK_I                 |     5.000            |     No paths         |     No paths         |     No paths                         
CNT23|CNT_C_derived_clock     CNT23|CNT_C_derived_clock     |     5.000            |     No paths         |     No paths         |     No paths                         
=======================================================================================================================================================================
 Note: 'No paths' indicates there are no paths in the design for that pair of clock edges.
       'Diff grp' indicates that paths exist but the starting clock and ending clock are in different clock groups.


Unconstrained Start/End Points
******************************

p:CNT_CO
p:ENBL_I
p:RST_I


Inapplicable constraints
************************

(none)


Applicable constraints with issues
**********************************

(none)


Constraints with matching wildcard expressions
**********************************************

(none)


Library Report
**************


# End of Constraint Checker Report
