10 1 1
10 1 1
10 1 1
17 0 25
13 2 1328 592 1328 640
13 0 1328 496 1328 640
17 0 24
13 2 2384 576 2384 608
13 0 2384 480 2384 608
17 0 23
13 2 3408 608 3408 640
13 0 3408 512 3408 640
17 0 22
13 2 4464 624 4464 672
13 0 4464 528 4464 672
17 0 21
13 2 5584 624 5584 704
13 0 5584 528 5584 704
13 0 5584 496 5584 672
13 2 5584 496 5584 672
17 0 inv 5536 608 3
13 2 5584 672 5584 704
13 0 5584 608 5584 704
13 2 5584 608 5584 704
17 0 21
17 0 inv 5536 592 3
13 0 5584 592 5584 704
13 0 4464 496 4464 656
13 2 4464 496 4464 656
17 0 inv 4416 624 3
13 2 4464 656 4464 672
13 0 4464 624 4464 672
13 2 4464 624 4464 672
17 0 22
17 0 inv 4416 592 3
13 0 4464 592 4464 672
13 0 3408 496 3408 608
13 2 3408 496 3408 608
17 0 inv 3360 592 3
13 2 3408 608 3408 640
13 0 3408 592 3408 640
13 0 2384 464 2384 576
13 2 2384 464 2384 576
17 0 inv 2336 576 3
13 2 2384 432 2384 464
13 0 2384 480 2384 432
13 0 1328 480 1328 560
13 2 1328 480 1328 560
13 2 1328 560 1328 640
13 0 1328 576 1328 640
17 0 inv 1280 576 3
17 0 vhi 320 400 0
13 0 416 464 416 480
13 2 416 464 416 480
13 7 416 464
13 8 416 464 0
13 8 416 464 0
17 0 13
17 0 vhi 352 400 0
13 7 1456 464
13 8 1456 464 0
13 8 1456 464 0
17 0 vhi 1392 384 0
13 0 2480 464 2480 480
13 2 2480 464 2480 480
13 7 2480 464
13 8 2480 464 0
13 8 2480 464 0
17 0 vlo 2512 480 0
13 0 2480 480 2512 480
13 7 3520 464
13 8 3520 464 0
13 8 3520 464 0
17 0 vhi 3456 384 0
13 0 4560 464 4560 480
13 2 4560 464 4560 480
13 7 4560 464
13 8 4560 464 0
13 8 4560 464 0
17 0 vhi 4496 400 0
13 2 448 608 2384 608
13 2 352 784 576 784
13 2 448 816 576 816
13 2 416 848 576 848
13 2 416 480 416 848
13 2 448 608 448 816
13 7 352 784
13 8 352 784 0
17 0 13
17 0 vhi 304 400 0
13 0 400 608 2384 608
13 0 304 784 400 784
13 0 416 784 400 784
13 0 416 784 576 784
13 0 432 816 400 816
13 0 432 816 576 816
13 0 368 848 400 848
13 0 448 848 400 848
13 0 448 848 576 848
13 0 368 480 368 848
13 0 400 608 400 816
13 5 304 784 DR
13 8 352 784 1
13 8 304 784 1
13 2 2480 480 2512 480
13 2 400 608 2384 608
13 2 368 480 368 848
13 2 400 608 400 816
13 2 1328 448 1328 480
13 2 1328 576 1328 640
13 2 1456 464 1456 880
13 2 2384 432 2384 480
13 0 2384 576 2384 608
13 2 2384 576 2384 608
13 2 2384 608 2384 672
13 2 2480 480 2480 912
13 2 3408 464 3408 496
13 2 3408 592 3408 640
13 2 3520 464 3520 944
13 2 4464 464 4464 496
13 2 4464 592 4464 672
13 2 4560 480 4560 976
13 2 4592 464 4592 944
13 7 1328 448
13 8 1328 448 0
13 7 2384 432
13 8 2384 432 0
13 7 3408 464
13 8 3408 464 0
13 7 4464 464
13 8 4464 464 0
13 7 4592 464
13 8 4592 464 0
17 0 3
17 0 4
17 0 7
17 0 10
17 0 13
17 0 25
17 0 24
17 0 23
17 0 22
17 0 vhi 4496 240 0
17 0 vhi 3456 224 0
17 0 vlo 2512 320 0
17 0 vhi 1392 224 0
17 0 vhi 304 240 0
17 0 inv 1280 416 3
17 0 inv 2336 416 3
17 0 inv 3360 432 3
17 0 inv 4416 432 3
13 0 2480 320 2512 320
13 0 400 448 2384 448
13 0 368 320 368 464
13 0 368 464 368 848
13 0 400 448 400 464
13 0 400 480 400 464
13 0 400 480 400 816
13 0 1328 288 1328 320
13 0 1328 416 1328 464
13 0 1328 496 1328 464
13 0 1328 496 1328 640
13 0 1456 304 1456 464
13 0 1456 512 1456 464
13 0 1456 512 1456 880
13 0 2384 272 2384 320
13 0 2384 416 2384 448
13 0 2384 448 2384 464
13 0 2384 528 2384 464
13 0 2384 528 2384 672
13 0 2480 320 2480 464
13 0 2480 544 2480 464
13 0 2480 544 2480 912
13 0 3408 304 3408 336
13 0 3408 432 3408 464
13 0 3408 560 3408 464
13 0 3408 560 3408 640
13 0 3520 304 3520 464
13 0 3520 576 3520 464
13 0 3520 576 3520 944
13 0 4464 304 4464 336
13 0 4464 432 4464 464
13 0 4464 592 4464 464
13 0 4464 592 4464 672
13 0 4560 320 4560 464
13 0 4560 608 4560 464
13 0 4560 608 4560 976
13 0 4592 304 4592 464
13 0 4592 624 4592 464
13 0 4592 624 4592 944
13 5 1328 288 Q4
13 5 2384 272 Q3
13 5 3408 304 Q2
13 5 4464 304 Q1
13 5 4592 304 DL
13 8 1328 448 2
13 8 2384 432 2
13 8 3408 464 2
13 8 4464 464 2
13 8 4592 464 1
13 8 1328 288 2
13 8 2384 272 2
13 8 3408 304 2
13 8 4464 304 2
13 8 4592 304 1
13 0 448 784 448 592
13 0 448 608 448 592
13 0 448 608 864 608
13 0 864 608 864 576
13 2 864 576 864 608
13 2 448 608 864 608
13 0 448 592 3280 592
13 0 3280 592 3408 592
13 0 336 784 448 784
13 2 336 784 448 784
13 2 304 784 336 784
13 7 304 784
13 8 304 784 0
13 8 304 784 0
13 0 4592 896 4592 304
13 2 4592 304 4592 896
13 2 4592 896 4592 944
13 7 4592 304
13 8 4592 304 0
13 0 4592 944 4592 608
13 0 4592 608 4608 608
17 0 vhi 4528 528 0
13 2 4592 608 4608 608
13 0 4592 608 4592 624
13 2 4592 608 4592 624
13 2 4592 624 4592 944
13 0 4592 608 4592 944
13 2 4592 608 4592 944
13 0 4592 624 4592 944
13 0 4592 608 4592 624
13 0 4592 608 4608 608
17 0 14
13 2 4592 608 4608 608
13 2 4592 608 4592 944
13 5 4592 304 DL
13 0 4592 896 4592 944
13 0 4592 304 4592 896
13 5 304 784 DR
13 8 304 784 1
13 8 4592 304 1
13 0 304 784 512 784
13 0 448 624 448 592
13 2 448 592 448 624
13 2 448 624 448 784
13 0 496 592 3408 592
13 2 496 592 3408 592
13 2 448 592 496 592
13 2 304 784 576 784
13 7 304 784
13 8 304 784 0
13 0 272 768 576 768
13 0 576 768 576 784
13 5 272 768 DR
13 8 304 784 1
13 8 272 768 1
13 0 304 768 576 768
13 2 304 768 576 768
13 2 272 768 304 768
13 0 304 784 272 784
13 0 272 784 272 768
13 0 304 784 576 784
13 0 576 784 576 768
13 2 576 768 576 784
13 2 272 784 576 784
13 2 272 768 272 784
13 0 272 784 272 768
13 0 272 784 576 784
13 2 272 768 272 784
13 7 272 768
13 8 272 768 0
13 0 272 768 272 784
13 5 272 768 DR
13 8 272 768 1
13 8 272 768 1
13 2 272 768 272 784
13 7 272 768
13 8 272 768 0
13 8 272 768 0
17 0 vhi 208 704 0
13 0 4592 304 4592 336
13 2 4592 304 4592 336
13 7 4592 304
13 8 4592 304 0
13 8 4592 304 0
17 0 vhi 4528 256 0
13 2 4592 336 4592 944
17 0 11
17 0 vhi 4608 256 0
13 0 4672 336 4592 336
13 0 4592 336 4592 944
17 0 11
17 0 vlo 4672 336 0
17 0 11
13 0 4640 336 4672 336
13 2 4640 336 4672 336
13 5 4640 336 DL
13 8 4640 336 1
17 0 14
13 5 272 784 DR
13 8 272 784 1
13 7 256 1184
13 8 256 1184 0
13 8 256 1184 0
13 7 256 1216
13 8 256 1216 0
13 8 256 1216 0
13 2 256 1216 448 1216
13 0 112 1200 448 1200
13 0 448 1200 448 1216
13 2 112 1200 448 1200
13 0 112 1216 448 1216
13 0 448 1216 448 1200
17 0 vhi 192 1104 0
17 0 vhi 48 1136 0
