
Copyright (C) 1994-2021 Synopsys, Inc.
This Synopsys software and all associated documentation are proprietary to Synopsys, Inc.
and may only be used pursuant to the terms and conditions of a written license agreement
with Synopsys, Inc. All other use, reproduction, modification, or distribution of the
Synopsys software or the associated documentation is strictly prohibited.
Tool: Synplify Pro (R)
Build: R-2021.03L-SP1
Install: C:\lscc\diamond\3.12\synpbase
OS: Windows 6.2

Hostname: IF11R205-10

Implementation : impl1
Synopsys HDL compiler and linker, Version comp202103synp2, Build 093R, Built Aug 10 2021 09:15:36, @

Modified Files: 1
FID:  path (prevtimestamp, timestamp)
32       G:\Kompiuteriu architektura\L1\Lab1\Priverstine_adr\F_rom.vhd (2022-09-30 09:08:34, 2022-09-30 09:55:42)

*******************************************************************
Modules that may have changed as a result of file changes: 1
MID:  lib.cell.view
12       work.rom.rtl may have changed because the following files changed:
                        G:\Kompiuteriu architektura\L1\Lab1\Priverstine_adr\F_rom.vhd (2022-09-30 09:08:34, 2022-09-30 09:55:42) <-- (architecture and entity definition)

*******************************************************************
Unmodified files: 17
FID:  path (timestamp)
8        C:\lscc\diamond\3.12\cae_library\synthesis\vhdl\xp2.vhd (2018-11-14 23:32:16)
9        C:\lscc\diamond\3.12\synpbase\lib\vhd\arith.vhd (2021-08-10 09:07:02)
10       C:\lscc\diamond\3.12\synpbase\lib\vhd\hyperents.vhd (2021-08-10 09:07:02)
11       C:\lscc\diamond\3.12\synpbase\lib\vhd\location.map (2021-08-10 09:07:02)
12       C:\lscc\diamond\3.12\synpbase\lib\vhd\numeric.vhd (2021-08-10 09:07:02)
13       C:\lscc\diamond\3.12\synpbase\lib\vhd\snps_haps_pkg.vhd (2021-08-10 09:07:02)
14       C:\lscc\diamond\3.12\synpbase\lib\vhd\std.vhd (2021-08-10 09:07:02)
15       C:\lscc\diamond\3.12\synpbase\lib\vhd\std1164.vhd (2021-08-10 09:07:02)
16       C:\lscc\diamond\3.12\synpbase\lib\vhd\umr_capim.vhd (2021-08-10 09:07:02)
17       C:\lscc\diamond\3.12\synpbase\lib\vhd\unsigned.vhd (2021-08-10 09:07:02)
26       G:\Kompiuteriu architektura\L1\Lab1\Priverstine_adr\F_alu_s.vhd (2018-09-04 10:15:40)
27       G:\Kompiuteriu architektura\L1\Lab1\Priverstine_adr\F_cnt.vhd (2018-09-04 10:15:40)
28       G:\Kompiuteriu architektura\L1\Lab1\Priverstine_adr\F_ctrl.vhd (2018-09-04 10:15:40)
29       G:\Kompiuteriu architektura\L1\Lab1\Priverstine_adr\F_flg.vhd (2018-09-04 10:15:40)
30       G:\Kompiuteriu architektura\L1\Lab1\Priverstine_adr\F_mux.vhd (2018-09-04 10:15:40)
31       G:\Kompiuteriu architektura\L1\Lab1\Priverstine_adr\F_reg.vhd (2018-09-04 10:15:40)
33       G:\Kompiuteriu architektura\L1\Lab1\Priverstine_adr\F_top.vhd (2021-09-01 18:43:54)

*******************************************************************
Unchanged modules: 14
MID:  lib.cell.view
0        work.alu_s.rtl
1        work.alu_s.vhdl
2        work.cnt.rtl
3        work.cnt.vhdl
4        work.ctrl.rtl
5        work.ctrl.vhdl
6        work.flg.rtl
7        work.flg.vhdl
8        work.mux.rtl
9        work.mux.vhdl
10       work.reg.rtl
11       work.reg.vhdl
14       work.top.struct
15       work.top.vhdl
